File created on 27/03/2022 at 15:53:58.234

[27/03/2022 - 15:53:58.234 INFO] (!botFunctions.js): Starting logger for file 'c:\Users\Sylicium\Documents\DirtyBiologystan\bot\DirtyBiology v2.0\bot\botLocalModules\botFunctions.js'
[27/03/2022 - 15:55:35.854 INFO] (!botFunctions.js): Starting logger for file 'c:\Users\Sylicium\Documents\DirtyBiologystan\bot\DirtyBiology v2.0\bot\botLocalModules\botFunctions.js'
[27/03/2022 - 16:03:02.198 INFO] (\botLocalModules\botFunctions.js:4:16): Starting logger for file 'c:\Users\Sylicium\Documents\DirtyBiologystan\bot\DirtyBiology v2.0\bot\botLocalModules\botFunctions.js'
[27/03/2022 - 16:03:49.650 INFO] (\botLocalModules\botFunctions.js:4:16): Starting logger for file 'c:\Users\Sylicium\Documents\DirtyBiologystan\bot\DirtyBiology v2.0\bot\botLocalModules\botFunctions.js'
[27/03/2022 - 16:04:32.967 INFO] (\botLocalModules\botFunctions.js:4:16): Starting logger for file 'c:\Users\Sylicium\Documents\DirtyBiologystan\bot\DirtyBiology v2.0\bot\botLocalModules\botFunctions.js'
[27/03/2022 - 16:05:05.986 INFO] (\botLocalModules\botFunctions.js:4:16): Starting logger for file 'c:\Users\Sylicium\Documents\DirtyBiologystan\bot\DirtyBiology v2.0\bot\botLocalModules\botFunctions.js'
[27/03/2022 - 16:05:16.599 INFO] (\botLocalModules\botFunctions.js:4:16): Starting logger for file 'c:\Users\Sylicium\Documents\DirtyBiologystan\bot\DirtyBiology v2.0\bot\botLocalModules\botFunctions.js'
[27/03/2022 - 16:05:43.777 INFO] (\botLocalModules\botFunctions.js:4:16): Starting logger for file 'c:\Users\Sylicium\Documents\DirtyBiologystan\bot\DirtyBiology v2.0\bot\botLocalModules\botFunctions.js'
[27/03/2022 - 16:06:48.668 INFO] (\botLocalModules\botFunctions.js:4:16): Starting logger for file 'c:\Users\Sylicium\Documents\DirtyBiologystan\bot\DirtyBiology v2.0\bot\botLocalModules\botFunctions.js'
[27/03/2022 - 16:11:50.381 INFO] (\botLocalModules\botFunctions.js:4:16): Starting logger for file 'c:\Users\Sylicium\Documents\DirtyBiologystan\bot\DirtyBiology v2.0\bot\botLocalModules\botFunctions.js'
[27/03/2022 - 16:13:00.429 INFO] (\botLocalModules\botFunctions.js:4:16): Starting logger for file 'c:\Users\Sylicium\Documents\DirtyBiologystan\bot\DirtyBiology v2.0\bot\botLocalModules\botFunctions.js'
[27/03/2022 - 16:13:16.555 INFO] (\botLocalModules\botFunctions.js:4:16): Starting logger for file 'c:\Users\Sylicium\Documents\DirtyBiologystan\bot\DirtyBiology v2.0\bot\botLocalModules\botFunctions.js'
[27/03/2022 - 16:19:51.193 INFO] (\botLocalModules\botFunctions.js:4:16): Starting logger for file 'c:\Users\Sylicium\Documents\DirtyBiologystan\bot\DirtyBiology v2.0\bot\botLocalModules\botFunctions.js'
[27/03/2022 - 16:20:15.012 INFO] (\botLocalModules\botFunctions.js:4:16): Starting logger for file 'c:\Users\Sylicium\Documents\DirtyBiologystan\bot\DirtyBiology v2.0\bot\botLocalModules\botFunctions.js'
[27/03/2022 - 16:20:44.165 INFO] (\botLocalModules\botFunctions.js:4:16): Starting logger for file 'c:\Users\Sylicium\Documents\DirtyBiologystan\bot\DirtyBiology v2.0\bot\botLocalModules\botFunctions.js'
[27/03/2022 - 16:43:54.163 INFO] (\botLocalModules\botFunctions.js:4:16): "Starting logger for file 'c:\\Users\\Sylicium\\Documents\\DirtyBiologystan\\bot\\DirtyBiology v2.0\\bot\\botLocalModules\\botFunctions.js'"
[27/03/2022 - 16:45:12.733 INFO] (\botLocalModules\botFunctions.js:4:16): 
[27/03/2022 - 16:46:10.960 INFO] (\botLocalModules\botFunctions.js:4:16): 
[27/03/2022 - 16:47:26.783 INFO] (\botLocalModules\botFunctions.js:4:16): Starting logger for file 'c:\Users\Sylicium\Documents\DirtyBiologystan\bot\DirtyBiology v2.0\bot\botLocalModules\botFunctions.js'
[27/03/2022 - 16:48:10.029 INFO] (\botLocalModules\botFunctions.js:4:16): Starting logger for file 'c:\Users\Sylicium\Documents\DirtyBiologystan\bot\DirtyBiology v2.0\bot\botLocalModules\botFunctions.js'
[27/03/2022 - 16:48:55.960 INFO] (\botLocalModules\botFunctions.js:4:16): Starting logger for file 'c:\Users\Sylicium\Documents\DirtyBiologystan\bot\DirtyBiology v2.0\bot\botLocalModules\botFunctions.js'
[27/03/2022 - 16:50:16.467 INFO] (\botLocalModules\botFunctions.js:4:16): Starting logger for file 'c:\Users\Sylicium\Documents\DirtyBiologystan\bot\DirtyBiology v2.0\bot\botLocalModules\botFunctions.js'
[27/03/2022 - 16:50:32.524 INFO] (\botLocalModules\botFunctions.js:4:16): Starting logger for file 'c:\Users\Sylicium\Documents\DirtyBiologystan\bot\DirtyBiology v2.0\bot\botLocalModules\botFunctions.js'
[27/03/2022 - 16:51:13.090 INFO] (\botLocalModules\botFunctions.js:4:16): Starting logger for file 'c:\Users\Sylicium\Documents\DirtyBiologystan\bot\DirtyBiology v2.0\bot\botLocalModules\botFunctions.js'
[27/03/2022 - 16:52:37.480 INFO] (\botLocalModules\botFunctions.js:4:16): Starting logger for file 'c:\Users\Sylicium\Documents\DirtyBiologystan\bot\DirtyBiology v2.0\bot\botLocalModules\botFunctions.js'
[27/03/2022 - 16:53:06.353 INFO] (\botLocalModules\botFunctions.js:4:16): Starting logger for file 'c:\Users\Sylicium\Documents\DirtyBiologystan\bot\DirtyBiology v2.0\bot\botLocalModules\botFunctions.js'
[27/03/2022 - 16:53:31.212 INFO] (\botLocalModules\botFunctions.js:4:16): Starting logger for file 'c:\Users\Sylicium\Documents\DirtyBiologystan\bot\DirtyBiology v2.0\bot\botLocalModules\botFunctions.js'
[27/03/2022 - 16:54:25.346 INFO] (\botLocalModules\botFunctions.js:4:16): Starting logger for file 'c:\Users\Sylicium\Documents\DirtyBiologystan\bot\DirtyBiology v2.0\bot\botLocalModules\botFunctions.js'
[27/03/2022 - 16:55:08.608 INFO] (\botLocalModules\botFunctions.js:4:16): Starting logger for file 'c:\Users\Sylicium\Documents\DirtyBiologystan\bot\DirtyBiology v2.0\bot\botLocalModules\botFunctions.js'
[27/03/2022 - 16:55:36.605 INFO] (\botLocalModules\botFunctions.js:4:16): Starting logger for file 'C:\Users\Sylicium\Documents\DirtyBiologystan\bot\DirtyBiology v2.0\bot\botLocalModules\botFunctions.js'
[27/03/2022 - 16:57:07.644 INFO] (\botLocalModules\botFunctions.js:4:16): Starting logger for file 'c:\Users\Sylicium\Documents\DirtyBiologystan\bot\DirtyBiology v2.0\bot\botLocalModules\botFunctions.js'
[27/03/2022 - 16:58:05.078 INFO] (\botLocalModules\botFunctions.js:4:16): Starting logger for file 'c:\Users\Sylicium\Documents\DirtyBiologystan\bot\DirtyBiology v2.0\bot\botLocalModules\botFunctions.js'
[27/03/2022 - 17:10:09.166 INFO] (\botLocalModules\botFunctions.js:4:16): Starting logger for file 'c:\Users\Sylicium\Documents\DirtyBiologystan\bot\DirtyBiology v2.0\bot\botLocalModules\botFunctions.js'
[27/03/2022 - 17:11:26.216 INFO] (\botLocalModules\botFunctions.js:4:16): Starting logger for file 'c:\Users\Sylicium\Documents\DirtyBiologystan\bot\DirtyBiology v2.0\bot\botLocalModules\botFunctions.js'
[27/03/2022 - 17:12:26.168 INFO] (\botLocalModules\botFunctions.js:4:16): Starting logger for file 'c:\Users\Sylicium\Documents\DirtyBiologystan\bot\DirtyBiology v2.0\bot\botLocalModules\botFunctions.js'
[27/03/2022 - 17:13:21.520 INFO] (\botLocalModules\botFunctions.js:4:16): Starting logger for file 'c:\Users\Sylicium\Documents\DirtyBiologystan\bot\DirtyBiology v2.0\bot\botLocalModules\botFunctions.js'
[27/03/2022 - 17:14:38.575 INFO] (\botLocalModules\botFunctions.js:4:16): Starting logger for file 'c:\Users\Sylicium\Documents\DirtyBiologystan\bot\DirtyBiology v2.0\bot\botLocalModules\botFunctions.js'
[27/03/2022 - 17:14:56.831 INFO] (\botLocalModules\botFunctions.js:4:16): Starting logger for file 'c:\Users\Sylicium\Documents\DirtyBiologystan\bot\DirtyBiology v2.0\bot\botLocalModules\botFunctions.js'
[27/03/2022 - 17:15:10.391 INFO] (\botLocalModules\botFunctions.js:4:16): Starting logger for file 'c:\Users\Sylicium\Documents\DirtyBiologystan\bot\DirtyBiology v2.0\bot\botLocalModules\botFunctions.js'
[10/04/2022 - 14:54:05.939 INFO] (\botLocalModules\botFunctions.js:4:16): Starting logger for file 'c:\Users\Sylicium\Documents\DirtyBiologystan\bot\DirtyBiology v2.0\bot\botLocalModules\botFunctions.js'
[10/04/2022 - 14:54:35.702 INFO] (\botLocalModules\botFunctions.js:4:16): Starting logger for file 'C:\Users\Sylicium\Documents\DirtyBiologystan\bot\DirtyBiology v2.0\bot\botLocalModules\botFunctions.js'
[10/04/2022 - 14:55:10.349 INFO] (\botLocalModules\botFunctions.js:4:16): Starting logger for file 'C:\Users\Sylicium\Documents\DirtyBiologystan\bot\DirtyBiology v2.0\bot\botLocalModules\botFunctions.js'
[10/04/2022 - 14:56:03.479 INFO] (\botLocalModules\botFunctions.js:4:16): Starting logger for file 'C:\Users\Sylicium\Documents\DirtyBiologystan\bot\DirtyBiology v2.0\bot\botLocalModules\botFunctions.js'
[10/04/2022 - 14:56:14.422 INFO] (\botLocalModules\botFunctions.js:4:16): Starting logger for file 'C:\Users\Sylicium\Documents\DirtyBiologystan\bot\DirtyBiology v2.0\bot\botLocalModules\botFunctions.js'
[10/04/2022 - 14:57:37.157 INFO] (\botLocalModules\botFunctions.js:4:16): Starting logger for file 'main\bot\botLocalModules\botFunctions.js'
[10/04/2022 - 14:59:19.447 INFO] (\botLocalModules\botFunctions.js:4:16): Starting logger for file 'main\bot\botLocalModules\botFunctions.js'
[10/04/2022 - 15:00:26.279 INFO] (\botLocalModules\botFunctions.js:4:16): Starting logger for file 'main\bot\botLocalModules\botFunctions.js'
[11/04/2022 - 00:02:20.505 INFO] (\botLocalModules\botFunctions.js:4:16): Starting logger for file 'main\bot\botLocalModules\botFunctions.js'
[21/04/2022 - 22:09:56.153 INFO] (\botLocalModules\botFunctions.js:4:16): Starting logger for file 'main\bot\botLocalModules\botFunctions.js'
[21/04/2022 - 22:16:05.085 INFO] (\botLocalModules\botFunctions.js:4:16): Starting logger for file 'c:\Users\Sylicium\Documents\DirtyBiologystan\bot\DirtyBiology v2.0\bot\botLocalModules\botFunctions.js'
[21/04/2022 - 22:16:36.524 INFO] (\botLocalModules\botFunctions.js:4:16): Starting logger for file 'c:\Users\Sylicium\Documents\DirtyBiologystan\bot\DirtyBiology v2.0\bot\botLocalModules\botFunctions.js'
[21/04/2022 - 22:17:13.668 INFO] (\botLocalModules\botFunctions.js:4:16): Starting logger for file 'c:\Users\Sylicium\Documents\DirtyBiologystan\bot\DirtyBiology v2.0\bot\botLocalModules\botFunctions.js'
[22/04/2022 - 19:57:44.857 INFO] (\botLocalModules\botFunctions.js:4:16): Starting logger for file 'c:\Users\Sylicium\Documents\DirtyBiologystan\bot\DirtyBiology v2.0\bot\botLocalModules\botFunctions.js'
[22/04/2022 - 19:58:58.391 INFO] (\botLocalModules\botFunctions.js:4:16): Starting logger for file 'c:\Users\Sylicium\Documents\DirtyBiologystan\bot\DirtyBiology v2.0\bot\botLocalModules\botFunctions.js'
[22/04/2022 - 19:59:28.391 INFO] (\botLocalModules\botFunctions.js:4:16): Starting logger for file 'c:\Users\Sylicium\Documents\DirtyBiologystan\bot\DirtyBiology v2.0\bot\botLocalModules\botFunctions.js'
[22/04/2022 - 20:00:36.681 INFO] (\botLocalModules\botFunctions.js:4:16): Starting logger for file 'c:\Users\Sylicium\Documents\DirtyBiologystan\bot\DirtyBiology v2.0\bot\botLocalModules\botFunctions.js'
[22/04/2022 - 20:00:45.777 INFO] (\botLocalModules\botFunctions.js:4:16): Starting logger for file 'c:\Users\Sylicium\Documents\DirtyBiologystan\bot\DirtyBiology v2.0\bot\botLocalModules\botFunctions.js'
[22/04/2022 - 20:01:02.573 INFO] (\botLocalModules\botFunctions.js:4:16): Starting logger for file 'c:\Users\Sylicium\Documents\DirtyBiologystan\bot\DirtyBiology v2.0\bot\botLocalModules\botFunctions.js'
[22/04/2022 - 20:01:37.121 INFO] (\botLocalModules\botFunctions.js:4:16): Starting logger for file 'c:\Users\Sylicium\Documents\DirtyBiologystan\bot\DirtyBiology v2.0\bot\botLocalModules\botFunctions.js'
[22/04/2022 - 22:04:20.639 INFO] (\botLocalModules\botFunctions.js:4:16): Starting logger for file 'c:\Users\Sylicium\Documents\DirtyBiologystan\bot\DirtyBiology v2.0\bot\botLocalModules\botFunctions.js'
[22/04/2022 - 22:11:29.006 INFO] (\botLocalModules\botFunctions.js:4:16): Starting logger for file 'c:\Users\Sylicium\Documents\DirtyBiologystan\bot\DirtyBiology v2.0\bot\botLocalModules\botFunctions.js'
[22/04/2022 - 22:37:18.108 INFO] (\botLocalModules\botFunctions.js:4:16): Starting logger for file 'c:\Users\Sylicium\Documents\DirtyBiologystan\bot\DirtyBiology v2.0\bot\botLocalModules\botFunctions.js'
[22/04/2022 - 22:37:38.673 INFO] (\botLocalModules\botFunctions.js:4:16): Starting logger for file 'c:\Users\Sylicium\Documents\DirtyBiologystan\bot\DirtyBiology v2.0\bot\botLocalModules\botFunctions.js'
[22/04/2022 - 22:38:05.814 INFO] (\botLocalModules\botFunctions.js:4:16): Starting logger for file 'c:\Users\Sylicium\Documents\DirtyBiologystan\bot\DirtyBiology v2.0\bot\botLocalModules\botFunctions.js'
[22/04/2022 - 22:38:26.804 INFO] (\botLocalModules\botFunctions.js:4:16): Starting logger for file 'c:\Users\Sylicium\Documents\DirtyBiologystan\bot\DirtyBiology v2.0\bot\botLocalModules\botFunctions.js'
[22/04/2022 - 22:38:45.332 INFO] (\botLocalModules\botFunctions.js:4:16): Starting logger for file 'c:\Users\Sylicium\Documents\DirtyBiologystan\bot\DirtyBiology v2.0\bot\botLocalModules\botFunctions.js'
[22/04/2022 - 22:39:26.599 INFO] (\botLocalModules\botFunctions.js:4:16): Starting logger for file 'c:\Users\Sylicium\Documents\DirtyBiologystan\bot\DirtyBiology v2.0\bot\botLocalModules\botFunctions.js'
[22/04/2022 - 22:39:50.762 INFO] (\botLocalModules\botFunctions.js:4:16): Starting logger for file 'c:\Users\Sylicium\Documents\DirtyBiologystan\bot\DirtyBiology v2.0\bot\botLocalModules\botFunctions.js'
[22/04/2022 - 22:40:12.209 INFO] (\botLocalModules\botFunctions.js:4:16): Starting logger for file 'c:\Users\Sylicium\Documents\DirtyBiologystan\bot\DirtyBiology v2.0\bot\botLocalModules\botFunctions.js'
