File created on 27/03/2022 at 15:53:57.018

[27/03/2022 - 15:53:57.019 INFO] (!class_serverData.js): Starting logger for file 'c:\Users\Sylicium\Documents\DirtyBiologystan\bot\DirtyBiology v2.0\localModules\class_serverData.js'
[27/03/2022 - 15:55:34.567 INFO] (!class_serverData.js): Starting logger for file 'c:\Users\Sylicium\Documents\DirtyBiologystan\bot\DirtyBiology v2.0\localModules\class_serverData.js'
[27/03/2022 - 16:03:01.228 INFO] (\localModules\class_serverData.js:1:16): Starting logger for file 'c:\Users\Sylicium\Documents\DirtyBiologystan\bot\DirtyBiology v2.0\localModules\class_serverData.js'
[27/03/2022 - 16:03:48.808 INFO] (\localModules\class_serverData.js:1:16): Starting logger for file 'c:\Users\Sylicium\Documents\DirtyBiologystan\bot\DirtyBiology v2.0\localModules\class_serverData.js'
[27/03/2022 - 16:03:57.865 INFO] (\localModules\class_serverData.js:1:16): Starting logger for file 'c:\Users\Sylicium\Documents\DirtyBiologystan\bot\DirtyBiology v2.0\localModules\class_serverData.js'
[27/03/2022 - 16:04:32.042 INFO] (\localModules\class_serverData.js:1:16): Starting logger for file 'c:\Users\Sylicium\Documents\DirtyBiologystan\bot\DirtyBiology v2.0\localModules\class_serverData.js'
[27/03/2022 - 16:05:05.000 INFO] (\localModules\class_serverData.js:1:16): Starting logger for file 'c:\Users\Sylicium\Documents\DirtyBiologystan\bot\DirtyBiology v2.0\localModules\class_serverData.js'
[27/03/2022 - 16:05:15.798 INFO] (\localModules\class_serverData.js:1:16): Starting logger for file 'c:\Users\Sylicium\Documents\DirtyBiologystan\bot\DirtyBiology v2.0\localModules\class_serverData.js'
[27/03/2022 - 16:05:42.831 INFO] (\localModules\class_serverData.js:1:16): Starting logger for file 'c:\Users\Sylicium\Documents\DirtyBiologystan\bot\DirtyBiology v2.0\localModules\class_serverData.js'
[27/03/2022 - 16:06:47.745 INFO] (\localModules\class_serverData.js:1:16): Starting logger for file 'c:\Users\Sylicium\Documents\DirtyBiologystan\bot\DirtyBiology v2.0\localModules\class_serverData.js'
[27/03/2022 - 16:11:49.393 INFO] (\localModules\class_serverData.js:1:16): Starting logger for file 'c:\Users\Sylicium\Documents\DirtyBiologystan\bot\DirtyBiology v2.0\localModules\class_serverData.js'
[27/03/2022 - 16:12:59.022 INFO] (\localModules\class_serverData.js:1:16): Starting logger for file 'c:\Users\Sylicium\Documents\DirtyBiologystan\bot\DirtyBiology v2.0\localModules\class_serverData.js'
[27/03/2022 - 16:13:15.426 INFO] (\localModules\class_serverData.js:1:16): Starting logger for file 'c:\Users\Sylicium\Documents\DirtyBiologystan\bot\DirtyBiology v2.0\localModules\class_serverData.js'
[27/03/2022 - 16:19:50.152 INFO] (\localModules\class_serverData.js:1:16): Starting logger for file 'c:\Users\Sylicium\Documents\DirtyBiologystan\bot\DirtyBiology v2.0\localModules\class_serverData.js'
[27/03/2022 - 16:20:14.149 INFO] (\localModules\class_serverData.js:1:16): Starting logger for file 'c:\Users\Sylicium\Documents\DirtyBiologystan\bot\DirtyBiology v2.0\localModules\class_serverData.js'
[27/03/2022 - 16:20:43.169 INFO] (\localModules\class_serverData.js:1:16): Starting logger for file 'c:\Users\Sylicium\Documents\DirtyBiologystan\bot\DirtyBiology v2.0\localModules\class_serverData.js'
[27/03/2022 - 16:43:53.225 INFO] (\localModules\class_serverData.js:1:16): "Starting logger for file 'c:\\Users\\Sylicium\\Documents\\DirtyBiologystan\\bot\\DirtyBiology v2.0\\localModules\\class_serverData.js'"
[27/03/2022 - 16:45:11.678 INFO] (\localModules\class_serverData.js:1:16): 
[27/03/2022 - 16:46:10.138 INFO] (\localModules\class_serverData.js:1:16): 
[27/03/2022 - 16:47:25.820 INFO] (\localModules\class_serverData.js:1:16): Starting logger for file 'c:\Users\Sylicium\Documents\DirtyBiologystan\bot\DirtyBiology v2.0\localModules\class_serverData.js'
[27/03/2022 - 16:48:09.201 INFO] (\localModules\class_serverData.js:1:16): Starting logger for file 'c:\Users\Sylicium\Documents\DirtyBiologystan\bot\DirtyBiology v2.0\localModules\class_serverData.js'
[27/03/2022 - 16:48:54.928 INFO] (\localModules\class_serverData.js:1:16): Starting logger for file 'c:\Users\Sylicium\Documents\DirtyBiologystan\bot\DirtyBiology v2.0\localModules\class_serverData.js'
[27/03/2022 - 16:50:15.428 INFO] (\localModules\class_serverData.js:1:16): Starting logger for file 'c:\Users\Sylicium\Documents\DirtyBiologystan\bot\DirtyBiology v2.0\localModules\class_serverData.js'
[27/03/2022 - 16:50:31.753 INFO] (\localModules\class_serverData.js:1:16): Starting logger for file 'c:\Users\Sylicium\Documents\DirtyBiologystan\bot\DirtyBiology v2.0\localModules\class_serverData.js'
[27/03/2022 - 16:51:12.255 INFO] (\localModules\class_serverData.js:1:16): Starting logger for file 'c:\Users\Sylicium\Documents\DirtyBiologystan\bot\DirtyBiology v2.0\localModules\class_serverData.js'
[27/03/2022 - 16:52:36.460 INFO] (\localModules\class_serverData.js:1:16): Starting logger for file 'c:\Users\Sylicium\Documents\DirtyBiologystan\bot\DirtyBiology v2.0\localModules\class_serverData.js'
[27/03/2022 - 16:53:05.515 INFO] (\localModules\class_serverData.js:1:16): Starting logger for file 'c:\Users\Sylicium\Documents\DirtyBiologystan\bot\DirtyBiology v2.0\localModules\class_serverData.js'
[27/03/2022 - 16:53:30.320 INFO] (\localModules\class_serverData.js:1:16): Starting logger for file 'c:\Users\Sylicium\Documents\DirtyBiologystan\bot\DirtyBiology v2.0\localModules\class_serverData.js'
[27/03/2022 - 16:54:24.506 INFO] (\localModules\class_serverData.js:1:16): Starting logger for file 'c:\Users\Sylicium\Documents\DirtyBiologystan\bot\DirtyBiology v2.0\localModules\class_serverData.js'
[27/03/2022 - 16:55:07.792 INFO] (\localModules\class_serverData.js:1:16): Starting logger for file 'c:\Users\Sylicium\Documents\DirtyBiologystan\bot\DirtyBiology v2.0\localModules\class_serverData.js'
[27/03/2022 - 16:55:35.930 INFO] (\localModules\class_serverData.js:1:16): Starting logger for file 'C:\Users\Sylicium\Documents\DirtyBiologystan\bot\DirtyBiology v2.0\localModules\class_serverData.js'
[27/03/2022 - 16:57:06.655 INFO] (\localModules\class_serverData.js:1:16): Starting logger for file 'c:\Users\Sylicium\Documents\DirtyBiologystan\bot\DirtyBiology v2.0\localModules\class_serverData.js'
[27/03/2022 - 16:58:04.121 INFO] (\localModules\class_serverData.js:1:16): Starting logger for file 'c:\Users\Sylicium\Documents\DirtyBiologystan\bot\DirtyBiology v2.0\localModules\class_serverData.js'
[27/03/2022 - 17:10:08.205 INFO] (\localModules\class_serverData.js:1:16): Starting logger for file 'c:\Users\Sylicium\Documents\DirtyBiologystan\bot\DirtyBiology v2.0\localModules\class_serverData.js'
[27/03/2022 - 17:11:25.162 INFO] (\localModules\class_serverData.js:1:16): Starting logger for file 'c:\Users\Sylicium\Documents\DirtyBiologystan\bot\DirtyBiology v2.0\localModules\class_serverData.js'
[27/03/2022 - 17:12:25.106 INFO] (\localModules\class_serverData.js:1:16): Starting logger for file 'c:\Users\Sylicium\Documents\DirtyBiologystan\bot\DirtyBiology v2.0\localModules\class_serverData.js'
[27/03/2022 - 17:13:20.561 INFO] (\localModules\class_serverData.js:1:16): Starting logger for file 'c:\Users\Sylicium\Documents\DirtyBiologystan\bot\DirtyBiology v2.0\localModules\class_serverData.js'
[27/03/2022 - 17:14:37.487 INFO] (\localModules\class_serverData.js:1:16): Starting logger for file 'c:\Users\Sylicium\Documents\DirtyBiologystan\bot\DirtyBiology v2.0\localModules\class_serverData.js'
[27/03/2022 - 17:14:55.959 INFO] (\localModules\class_serverData.js:1:16): Starting logger for file 'c:\Users\Sylicium\Documents\DirtyBiologystan\bot\DirtyBiology v2.0\localModules\class_serverData.js'
[27/03/2022 - 17:15:09.509 INFO] (\localModules\class_serverData.js:1:16): Starting logger for file 'c:\Users\Sylicium\Documents\DirtyBiologystan\bot\DirtyBiology v2.0\localModules\class_serverData.js'
[10/04/2022 - 14:54:00.887 INFO] (\localModules\class_serverData.js:1:16): Starting logger for file 'c:\Users\Sylicium\Documents\DirtyBiologystan\bot\DirtyBiology v2.0\localModules\class_serverData.js'
[10/04/2022 - 14:54:34.986 INFO] (\localModules\class_serverData.js:1:16): Starting logger for file 'C:\Users\Sylicium\Documents\DirtyBiologystan\bot\DirtyBiology v2.0\localModules\class_serverData.js'
[10/04/2022 - 14:55:09.585 INFO] (\localModules\class_serverData.js:1:16): Starting logger for file 'C:\Users\Sylicium\Documents\DirtyBiologystan\bot\DirtyBiology v2.0\localModules\class_serverData.js'
[10/04/2022 - 14:56:02.858 INFO] (\localModules\class_serverData.js:1:16): Starting logger for file 'C:\Users\Sylicium\Documents\DirtyBiologystan\bot\DirtyBiology v2.0\localModules\class_serverData.js'
[10/04/2022 - 14:56:13.458 INFO] (\localModules\class_serverData.js:1:16): Starting logger for file 'C:\Users\Sylicium\Documents\DirtyBiologystan\bot\DirtyBiology v2.0\localModules\class_serverData.js'
[10/04/2022 - 14:57:36.415 INFO] (\localModules\class_serverData.js:1:16): Starting logger for file 'main\localModules\class_serverData.js'
[10/04/2022 - 14:59:18.569 INFO] (\localModules\class_serverData.js:1:16): Starting logger for file 'main\localModules\class_serverData.js'
[10/04/2022 - 15:00:25.435 INFO] (\localModules\class_serverData.js:1:16): Starting logger for file 'main\localModules\class_serverData.js'
[10/04/2022 - 15:00:41.108 DEBUG] (\localModules\class_serverData.js:100:16): warning user...
[10/04/2022 - 15:01:02.745 DEBUG] (\localModules\class_serverData.js:100:16): warning user...
[11/04/2022 - 00:02:19.330 INFO] (\localModules\class_serverData.js:1:16): Starting logger for file 'main\localModules\class_serverData.js'
[21/04/2022 - 22:09:54.533 INFO] (\localModules\class_serverData.js:1:16): Starting logger for file 'main\localModules\class_serverData.js'
[21/04/2022 - 22:16:03.470 INFO] (\localModules\class_serverData.js:1:16): Starting logger for file 'c:\Users\Sylicium\Documents\DirtyBiologystan\bot\DirtyBiology v2.0\localModules\class_serverData.js'
[21/04/2022 - 22:16:35.110 INFO] (\localModules\class_serverData.js:1:16): Starting logger for file 'c:\Users\Sylicium\Documents\DirtyBiologystan\bot\DirtyBiology v2.0\localModules\class_serverData.js'
[21/04/2022 - 22:17:12.138 INFO] (\localModules\class_serverData.js:1:16): Starting logger for file 'c:\Users\Sylicium\Documents\DirtyBiologystan\bot\DirtyBiology v2.0\localModules\class_serverData.js'
[21/04/2022 - 22:17:36.378 DEBUG] (\localModules\class_serverData.js:100:16): warning user...
[21/04/2022 - 22:18:00.570 DEBUG] (\localModules\class_serverData.js:100:16): warning user...
[21/04/2022 - 22:18:11.538 DEBUG] (\localModules\class_serverData.js:100:16): warning user...
[22/04/2022 - 19:57:43.694 INFO] (\localModules\class_serverData.js:1:16): Starting logger for file 'c:\Users\Sylicium\Documents\DirtyBiologystan\bot\DirtyBiology v2.0\localModules\class_serverData.js'
[22/04/2022 - 19:58:57.463 INFO] (\localModules\class_serverData.js:1:16): Starting logger for file 'c:\Users\Sylicium\Documents\DirtyBiologystan\bot\DirtyBiology v2.0\localModules\class_serverData.js'
[22/04/2022 - 19:59:27.494 INFO] (\localModules\class_serverData.js:1:16): Starting logger for file 'c:\Users\Sylicium\Documents\DirtyBiologystan\bot\DirtyBiology v2.0\localModules\class_serverData.js'
[22/04/2022 - 20:00:35.854 INFO] (\localModules\class_serverData.js:1:16): Starting logger for file 'c:\Users\Sylicium\Documents\DirtyBiologystan\bot\DirtyBiology v2.0\localModules\class_serverData.js'
[22/04/2022 - 20:00:44.893 INFO] (\localModules\class_serverData.js:1:16): Starting logger for file 'c:\Users\Sylicium\Documents\DirtyBiologystan\bot\DirtyBiology v2.0\localModules\class_serverData.js'
[22/04/2022 - 20:01:01.669 INFO] (\localModules\class_serverData.js:1:16): Starting logger for file 'c:\Users\Sylicium\Documents\DirtyBiologystan\bot\DirtyBiology v2.0\localModules\class_serverData.js'
[22/04/2022 - 20:01:36.199 INFO] (\localModules\class_serverData.js:1:16): Starting logger for file 'c:\Users\Sylicium\Documents\DirtyBiologystan\bot\DirtyBiology v2.0\localModules\class_serverData.js'
[22/04/2022 - 22:04:19.805 INFO] (\localModules\class_serverData.js:1:16): Starting logger for file 'c:\Users\Sylicium\Documents\DirtyBiologystan\bot\DirtyBiology v2.0\localModules\class_serverData.js'
[22/04/2022 - 22:11:27.904 INFO] (\localModules\class_serverData.js:1:16): Starting logger for file 'c:\Users\Sylicium\Documents\DirtyBiologystan\bot\DirtyBiology v2.0\localModules\class_serverData.js'
[22/04/2022 - 22:37:16.895 INFO] (\localModules\class_serverData.js:1:16): Starting logger for file 'c:\Users\Sylicium\Documents\DirtyBiologystan\bot\DirtyBiology v2.0\localModules\class_serverData.js'
[22/04/2022 - 22:37:37.747 INFO] (\localModules\class_serverData.js:1:16): Starting logger for file 'c:\Users\Sylicium\Documents\DirtyBiologystan\bot\DirtyBiology v2.0\localModules\class_serverData.js'
[22/04/2022 - 22:38:04.827 INFO] (\localModules\class_serverData.js:1:16): Starting logger for file 'c:\Users\Sylicium\Documents\DirtyBiologystan\bot\DirtyBiology v2.0\localModules\class_serverData.js'
[22/04/2022 - 22:38:25.555 INFO] (\localModules\class_serverData.js:1:16): Starting logger for file 'c:\Users\Sylicium\Documents\DirtyBiologystan\bot\DirtyBiology v2.0\localModules\class_serverData.js'
[22/04/2022 - 22:38:44.255 INFO] (\localModules\class_serverData.js:1:16): Starting logger for file 'c:\Users\Sylicium\Documents\DirtyBiologystan\bot\DirtyBiology v2.0\localModules\class_serverData.js'
[22/04/2022 - 22:39:25.488 INFO] (\localModules\class_serverData.js:1:16): Starting logger for file 'c:\Users\Sylicium\Documents\DirtyBiologystan\bot\DirtyBiology v2.0\localModules\class_serverData.js'
[22/04/2022 - 22:39:49.541 INFO] (\localModules\class_serverData.js:1:16): Starting logger for file 'c:\Users\Sylicium\Documents\DirtyBiologystan\bot\DirtyBiology v2.0\localModules\class_serverData.js'
[22/04/2022 - 22:40:11.184 INFO] (\localModules\class_serverData.js:1:16): Starting logger for file 'c:\Users\Sylicium\Documents\DirtyBiologystan\bot\DirtyBiology v2.0\localModules\class_serverData.js'
