File created on 27/03/2022 at 15:53:57.023

[27/03/2022 - 15:53:57.024 INFO] (!class_globalSettings.js): Starting logger for file 'c:\Users\Sylicium\Documents\DirtyBiologystan\bot\DirtyBiology v2.0\localModules\class_globalSettings.js'
[27/03/2022 - 15:55:34.570 INFO] (!class_globalSettings.js): Starting logger for file 'c:\Users\Sylicium\Documents\DirtyBiologystan\bot\DirtyBiology v2.0\localModules\class_globalSettings.js'
[27/03/2022 - 16:03:01.237 INFO] (\localModules\class_globalSettings.js:1:16): Starting logger for file 'c:\Users\Sylicium\Documents\DirtyBiologystan\bot\DirtyBiology v2.0\localModules\class_globalSettings.js'
[27/03/2022 - 16:03:48.813 INFO] (\localModules\class_globalSettings.js:1:16): Starting logger for file 'c:\Users\Sylicium\Documents\DirtyBiologystan\bot\DirtyBiology v2.0\localModules\class_globalSettings.js'
[27/03/2022 - 16:03:57.871 INFO] (\localModules\class_globalSettings.js:1:16): Starting logger for file 'c:\Users\Sylicium\Documents\DirtyBiologystan\bot\DirtyBiology v2.0\localModules\class_globalSettings.js'
[27/03/2022 - 16:04:32.046 INFO] (\localModules\class_globalSettings.js:1:16): Starting logger for file 'c:\Users\Sylicium\Documents\DirtyBiologystan\bot\DirtyBiology v2.0\localModules\class_globalSettings.js'
[27/03/2022 - 16:05:05.005 INFO] (\localModules\class_globalSettings.js:1:16): Starting logger for file 'c:\Users\Sylicium\Documents\DirtyBiologystan\bot\DirtyBiology v2.0\localModules\class_globalSettings.js'
[27/03/2022 - 16:05:15.802 INFO] (\localModules\class_globalSettings.js:1:16): Starting logger for file 'c:\Users\Sylicium\Documents\DirtyBiologystan\bot\DirtyBiology v2.0\localModules\class_globalSettings.js'
[27/03/2022 - 16:05:42.835 INFO] (\localModules\class_globalSettings.js:1:16): Starting logger for file 'c:\Users\Sylicium\Documents\DirtyBiologystan\bot\DirtyBiology v2.0\localModules\class_globalSettings.js'
[27/03/2022 - 16:06:47.750 INFO] (\localModules\class_globalSettings.js:1:16): Starting logger for file 'c:\Users\Sylicium\Documents\DirtyBiologystan\bot\DirtyBiology v2.0\localModules\class_globalSettings.js'
[27/03/2022 - 16:11:49.397 INFO] (\localModules\class_globalSettings.js:1:16): Starting logger for file 'c:\Users\Sylicium\Documents\DirtyBiologystan\bot\DirtyBiology v2.0\localModules\class_globalSettings.js'
[27/03/2022 - 16:12:59.026 INFO] (\localModules\class_globalSettings.js:1:16): Starting logger for file 'c:\Users\Sylicium\Documents\DirtyBiologystan\bot\DirtyBiology v2.0\localModules\class_globalSettings.js'
[27/03/2022 - 16:13:15.436 INFO] (\localModules\class_globalSettings.js:1:16): Starting logger for file 'c:\Users\Sylicium\Documents\DirtyBiologystan\bot\DirtyBiology v2.0\localModules\class_globalSettings.js'
[27/03/2022 - 16:19:50.155 INFO] (\localModules\class_globalSettings.js:1:16): Starting logger for file 'c:\Users\Sylicium\Documents\DirtyBiologystan\bot\DirtyBiology v2.0\localModules\class_globalSettings.js'
[27/03/2022 - 16:20:14.154 INFO] (\localModules\class_globalSettings.js:1:16): Starting logger for file 'c:\Users\Sylicium\Documents\DirtyBiologystan\bot\DirtyBiology v2.0\localModules\class_globalSettings.js'
[27/03/2022 - 16:20:43.189 INFO] (\localModules\class_globalSettings.js:1:16): Starting logger for file 'c:\Users\Sylicium\Documents\DirtyBiologystan\bot\DirtyBiology v2.0\localModules\class_globalSettings.js'
[27/03/2022 - 16:43:53.228 INFO] (\localModules\class_globalSettings.js:1:16): "Starting logger for file 'c:\\Users\\Sylicium\\Documents\\DirtyBiologystan\\bot\\DirtyBiology v2.0\\localModules\\class_globalSettings.js'"
[27/03/2022 - 16:45:11.681 INFO] (\localModules\class_globalSettings.js:1:16): 
[27/03/2022 - 16:46:10.143 INFO] (\localModules\class_globalSettings.js:1:16): 
[27/03/2022 - 16:47:25.827 INFO] (\localModules\class_globalSettings.js:1:16): Starting logger for file 'c:\Users\Sylicium\Documents\DirtyBiologystan\bot\DirtyBiology v2.0\localModules\class_globalSettings.js'
[27/03/2022 - 16:48:09.205 INFO] (\localModules\class_globalSettings.js:1:16): Starting logger for file 'c:\Users\Sylicium\Documents\DirtyBiologystan\bot\DirtyBiology v2.0\localModules\class_globalSettings.js'
[27/03/2022 - 16:48:54.933 INFO] (\localModules\class_globalSettings.js:1:16): Starting logger for file 'c:\Users\Sylicium\Documents\DirtyBiologystan\bot\DirtyBiology v2.0\localModules\class_globalSettings.js'
[27/03/2022 - 16:50:15.432 INFO] (\localModules\class_globalSettings.js:1:16): Starting logger for file 'c:\Users\Sylicium\Documents\DirtyBiologystan\bot\DirtyBiology v2.0\localModules\class_globalSettings.js'
[27/03/2022 - 16:50:31.756 INFO] (\localModules\class_globalSettings.js:1:16): Starting logger for file 'c:\Users\Sylicium\Documents\DirtyBiologystan\bot\DirtyBiology v2.0\localModules\class_globalSettings.js'
[27/03/2022 - 16:51:12.263 INFO] (\localModules\class_globalSettings.js:1:16): Starting logger for file 'c:\Users\Sylicium\Documents\DirtyBiologystan\bot\DirtyBiology v2.0\localModules\class_globalSettings.js'
[27/03/2022 - 16:52:36.470 INFO] (\localModules\class_globalSettings.js:1:16): Starting logger for file 'c:\Users\Sylicium\Documents\DirtyBiologystan\bot\DirtyBiology v2.0\localModules\class_globalSettings.js'
[27/03/2022 - 16:53:05.521 INFO] (\localModules\class_globalSettings.js:1:16): Starting logger for file 'c:\Users\Sylicium\Documents\DirtyBiologystan\bot\DirtyBiology v2.0\localModules\class_globalSettings.js'
[27/03/2022 - 16:53:30.326 INFO] (\localModules\class_globalSettings.js:1:16): Starting logger for file 'c:\Users\Sylicium\Documents\DirtyBiologystan\bot\DirtyBiology v2.0\localModules\class_globalSettings.js'
[27/03/2022 - 16:54:24.510 INFO] (\localModules\class_globalSettings.js:1:16): Starting logger for file 'c:\Users\Sylicium\Documents\DirtyBiologystan\bot\DirtyBiology v2.0\localModules\class_globalSettings.js'
[27/03/2022 - 16:55:07.797 INFO] (\localModules\class_globalSettings.js:1:16): Starting logger for file 'c:\Users\Sylicium\Documents\DirtyBiologystan\bot\DirtyBiology v2.0\localModules\class_globalSettings.js'
[27/03/2022 - 16:55:35.933 INFO] (\localModules\class_globalSettings.js:1:16): Starting logger for file 'C:\Users\Sylicium\Documents\DirtyBiologystan\bot\DirtyBiology v2.0\localModules\class_globalSettings.js'
[27/03/2022 - 16:57:06.660 INFO] (\localModules\class_globalSettings.js:1:16): Starting logger for file 'c:\Users\Sylicium\Documents\DirtyBiologystan\bot\DirtyBiology v2.0\localModules\class_globalSettings.js'
[27/03/2022 - 16:58:04.128 INFO] (\localModules\class_globalSettings.js:1:16): Starting logger for file 'c:\Users\Sylicium\Documents\DirtyBiologystan\bot\DirtyBiology v2.0\localModules\class_globalSettings.js'
[27/03/2022 - 17:10:08.209 INFO] (\localModules\class_globalSettings.js:1:16): Starting logger for file 'c:\Users\Sylicium\Documents\DirtyBiologystan\bot\DirtyBiology v2.0\localModules\class_globalSettings.js'
[27/03/2022 - 17:11:25.169 INFO] (\localModules\class_globalSettings.js:1:16): Starting logger for file 'c:\Users\Sylicium\Documents\DirtyBiologystan\bot\DirtyBiology v2.0\localModules\class_globalSettings.js'
[27/03/2022 - 17:12:25.110 INFO] (\localModules\class_globalSettings.js:1:16): Starting logger for file 'c:\Users\Sylicium\Documents\DirtyBiologystan\bot\DirtyBiology v2.0\localModules\class_globalSettings.js'
[27/03/2022 - 17:13:20.565 INFO] (\localModules\class_globalSettings.js:1:16): Starting logger for file 'c:\Users\Sylicium\Documents\DirtyBiologystan\bot\DirtyBiology v2.0\localModules\class_globalSettings.js'
[27/03/2022 - 17:14:37.494 INFO] (\localModules\class_globalSettings.js:1:16): Starting logger for file 'c:\Users\Sylicium\Documents\DirtyBiologystan\bot\DirtyBiology v2.0\localModules\class_globalSettings.js'
[27/03/2022 - 17:14:55.964 INFO] (\localModules\class_globalSettings.js:1:16): Starting logger for file 'c:\Users\Sylicium\Documents\DirtyBiologystan\bot\DirtyBiology v2.0\localModules\class_globalSettings.js'
[27/03/2022 - 17:15:09.517 INFO] (\localModules\class_globalSettings.js:1:16): Starting logger for file 'c:\Users\Sylicium\Documents\DirtyBiologystan\bot\DirtyBiology v2.0\localModules\class_globalSettings.js'
[10/04/2022 - 14:54:00.890 INFO] (\localModules\class_globalSettings.js:1:16): Starting logger for file 'c:\Users\Sylicium\Documents\DirtyBiologystan\bot\DirtyBiology v2.0\localModules\class_globalSettings.js'
[10/04/2022 - 14:54:34.989 INFO] (\localModules\class_globalSettings.js:1:16): Starting logger for file 'C:\Users\Sylicium\Documents\DirtyBiologystan\bot\DirtyBiology v2.0\localModules\class_globalSettings.js'
[10/04/2022 - 14:55:09.589 INFO] (\localModules\class_globalSettings.js:1:16): Starting logger for file 'C:\Users\Sylicium\Documents\DirtyBiologystan\bot\DirtyBiology v2.0\localModules\class_globalSettings.js'
[10/04/2022 - 14:56:02.860 INFO] (\localModules\class_globalSettings.js:1:16): Starting logger for file 'C:\Users\Sylicium\Documents\DirtyBiologystan\bot\DirtyBiology v2.0\localModules\class_globalSettings.js'
[10/04/2022 - 14:56:13.463 INFO] (\localModules\class_globalSettings.js:1:16): Starting logger for file 'C:\Users\Sylicium\Documents\DirtyBiologystan\bot\DirtyBiology v2.0\localModules\class_globalSettings.js'
[10/04/2022 - 14:57:36.417 INFO] (\localModules\class_globalSettings.js:1:16): Starting logger for file 'main\localModules\class_globalSettings.js'
[10/04/2022 - 14:59:18.572 INFO] (\localModules\class_globalSettings.js:1:16): Starting logger for file 'main\localModules\class_globalSettings.js'
[10/04/2022 - 15:00:25.440 INFO] (\localModules\class_globalSettings.js:1:16): Starting logger for file 'main\localModules\class_globalSettings.js'
[11/04/2022 - 00:02:19.333 INFO] (\localModules\class_globalSettings.js:1:16): Starting logger for file 'main\localModules\class_globalSettings.js'
[21/04/2022 - 22:09:54.537 INFO] (\localModules\class_globalSettings.js:1:16): Starting logger for file 'main\localModules\class_globalSettings.js'
[21/04/2022 - 22:16:03.475 INFO] (\localModules\class_globalSettings.js:1:16): Starting logger for file 'c:\Users\Sylicium\Documents\DirtyBiologystan\bot\DirtyBiology v2.0\localModules\class_globalSettings.js'
[21/04/2022 - 22:16:35.115 INFO] (\localModules\class_globalSettings.js:1:16): Starting logger for file 'c:\Users\Sylicium\Documents\DirtyBiologystan\bot\DirtyBiology v2.0\localModules\class_globalSettings.js'
[21/04/2022 - 22:17:12.142 INFO] (\localModules\class_globalSettings.js:1:16): Starting logger for file 'c:\Users\Sylicium\Documents\DirtyBiologystan\bot\DirtyBiology v2.0\localModules\class_globalSettings.js'
[22/04/2022 - 19:57:43.729 INFO] (\localModules\class_globalSettings.js:1:16): Starting logger for file 'c:\Users\Sylicium\Documents\DirtyBiologystan\bot\DirtyBiology v2.0\localModules\class_globalSettings.js'
[22/04/2022 - 19:58:57.467 INFO] (\localModules\class_globalSettings.js:1:16): Starting logger for file 'c:\Users\Sylicium\Documents\DirtyBiologystan\bot\DirtyBiology v2.0\localModules\class_globalSettings.js'
[22/04/2022 - 19:59:27.497 INFO] (\localModules\class_globalSettings.js:1:16): Starting logger for file 'c:\Users\Sylicium\Documents\DirtyBiologystan\bot\DirtyBiology v2.0\localModules\class_globalSettings.js'
[22/04/2022 - 20:00:35.858 INFO] (\localModules\class_globalSettings.js:1:16): Starting logger for file 'c:\Users\Sylicium\Documents\DirtyBiologystan\bot\DirtyBiology v2.0\localModules\class_globalSettings.js'
[22/04/2022 - 20:00:44.897 INFO] (\localModules\class_globalSettings.js:1:16): Starting logger for file 'c:\Users\Sylicium\Documents\DirtyBiologystan\bot\DirtyBiology v2.0\localModules\class_globalSettings.js'
[22/04/2022 - 20:01:01.673 INFO] (\localModules\class_globalSettings.js:1:16): Starting logger for file 'c:\Users\Sylicium\Documents\DirtyBiologystan\bot\DirtyBiology v2.0\localModules\class_globalSettings.js'
[22/04/2022 - 20:01:36.203 INFO] (\localModules\class_globalSettings.js:1:16): Starting logger for file 'c:\Users\Sylicium\Documents\DirtyBiologystan\bot\DirtyBiology v2.0\localModules\class_globalSettings.js'
[22/04/2022 - 22:04:19.807 INFO] (\localModules\class_globalSettings.js:1:16): Starting logger for file 'c:\Users\Sylicium\Documents\DirtyBiologystan\bot\DirtyBiology v2.0\localModules\class_globalSettings.js'
[22/04/2022 - 22:11:27.911 INFO] (\localModules\class_globalSettings.js:1:16): Starting logger for file 'c:\Users\Sylicium\Documents\DirtyBiologystan\bot\DirtyBiology v2.0\localModules\class_globalSettings.js'
[22/04/2022 - 22:37:16.898 INFO] (\localModules\class_globalSettings.js:1:16): Starting logger for file 'c:\Users\Sylicium\Documents\DirtyBiologystan\bot\DirtyBiology v2.0\localModules\class_globalSettings.js'
[22/04/2022 - 22:37:37.751 INFO] (\localModules\class_globalSettings.js:1:16): Starting logger for file 'c:\Users\Sylicium\Documents\DirtyBiologystan\bot\DirtyBiology v2.0\localModules\class_globalSettings.js'
[22/04/2022 - 22:38:04.830 INFO] (\localModules\class_globalSettings.js:1:16): Starting logger for file 'c:\Users\Sylicium\Documents\DirtyBiologystan\bot\DirtyBiology v2.0\localModules\class_globalSettings.js'
[22/04/2022 - 22:38:25.560 INFO] (\localModules\class_globalSettings.js:1:16): Starting logger for file 'c:\Users\Sylicium\Documents\DirtyBiologystan\bot\DirtyBiology v2.0\localModules\class_globalSettings.js'
[22/04/2022 - 22:38:44.260 INFO] (\localModules\class_globalSettings.js:1:16): Starting logger for file 'c:\Users\Sylicium\Documents\DirtyBiologystan\bot\DirtyBiology v2.0\localModules\class_globalSettings.js'
[22/04/2022 - 22:39:25.493 INFO] (\localModules\class_globalSettings.js:1:16): Starting logger for file 'c:\Users\Sylicium\Documents\DirtyBiologystan\bot\DirtyBiology v2.0\localModules\class_globalSettings.js'
[22/04/2022 - 22:39:49.574 INFO] (\localModules\class_globalSettings.js:1:16): Starting logger for file 'c:\Users\Sylicium\Documents\DirtyBiologystan\bot\DirtyBiology v2.0\localModules\class_globalSettings.js'
[22/04/2022 - 22:40:11.187 INFO] (\localModules\class_globalSettings.js:1:16): Starting logger for file 'c:\Users\Sylicium\Documents\DirtyBiologystan\bot\DirtyBiology v2.0\localModules\class_globalSettings.js'
