File created on 27/03/2022 at 15:53:56.539

[27/03/2022 - 15:53:56.542 INFO] (!database.js): Starting logger for file 'c:\Users\Sylicium\Documents\DirtyBiologystan\bot\DirtyBiology v2.0\localModules\database.js'
[27/03/2022 - 15:53:57.561 DEBUG] (\localModules\database.js:32:16): MongoClient singleton set.
[27/03/2022 - 15:55:34.048 INFO] (!database.js): Starting logger for file 'c:\Users\Sylicium\Documents\DirtyBiologystan\bot\DirtyBiology v2.0\localModules\database.js'
[27/03/2022 - 15:55:35.070 DEBUG] (\localModules\database.js:32:16): MongoClient singleton set.
[27/03/2022 - 16:03:00.825 INFO] (\localModules\database.js:2:16): Starting logger for file 'c:\Users\Sylicium\Documents\DirtyBiologystan\bot\DirtyBiology v2.0\localModules\database.js'
[27/03/2022 - 16:03:01.671 DEBUG] (\localModules\database.js:32:16): MongoClient singleton set.
[27/03/2022 - 16:03:48.310 INFO] (\localModules\database.js:2:16): Starting logger for file 'c:\Users\Sylicium\Documents\DirtyBiologystan\bot\DirtyBiology v2.0\localModules\database.js'
[27/03/2022 - 16:03:49.136 DEBUG] (\localModules\database.js:32:16): MongoClient singleton set.
[27/03/2022 - 16:03:57.422 INFO] (\localModules\database.js:2:16): Starting logger for file 'c:\Users\Sylicium\Documents\DirtyBiologystan\bot\DirtyBiology v2.0\localModules\database.js'
[27/03/2022 - 16:03:58.168 DEBUG] (\localModules\database.js:32:16): MongoClient singleton set.
[27/03/2022 - 16:04:31.648 INFO] (\localModules\database.js:2:16): Starting logger for file 'c:\Users\Sylicium\Documents\DirtyBiologystan\bot\DirtyBiology v2.0\localModules\database.js'
[27/03/2022 - 16:04:32.480 DEBUG] (\localModules\database.js:32:16): MongoClient singleton set.
[27/03/2022 - 16:05:04.455 INFO] (\localModules\database.js:2:16): Starting logger for file 'c:\Users\Sylicium\Documents\DirtyBiologystan\bot\DirtyBiology v2.0\localModules\database.js'
[27/03/2022 - 16:05:05.395 DEBUG] (\localModules\database.js:32:16): MongoClient singleton set.
[27/03/2022 - 16:05:15.427 INFO] (\localModules\database.js:2:16): Starting logger for file 'c:\Users\Sylicium\Documents\DirtyBiologystan\bot\DirtyBiology v2.0\localModules\database.js'
[27/03/2022 - 16:05:16.096 DEBUG] (\localModules\database.js:32:16): MongoClient singleton set.
[27/03/2022 - 16:05:42.396 INFO] (\localModules\database.js:2:16): Starting logger for file 'c:\Users\Sylicium\Documents\DirtyBiologystan\bot\DirtyBiology v2.0\localModules\database.js'
[27/03/2022 - 16:05:43.267 DEBUG] (\localModules\database.js:32:16): MongoClient singleton set.
[27/03/2022 - 16:06:47.200 INFO] (\localModules\database.js:2:16): Starting logger for file 'c:\Users\Sylicium\Documents\DirtyBiologystan\bot\DirtyBiology v2.0\localModules\database.js'
[27/03/2022 - 16:06:48.151 DEBUG] (\localModules\database.js:32:16): MongoClient singleton set.
[27/03/2022 - 16:11:49.034 INFO] (\localModules\database.js:2:16): Starting logger for file 'c:\Users\Sylicium\Documents\DirtyBiologystan\bot\DirtyBiology v2.0\localModules\database.js'
[27/03/2022 - 16:11:49.858 DEBUG] (\localModules\database.js:32:16): MongoClient singleton set.
[27/03/2022 - 16:12:58.587 INFO] (\localModules\database.js:2:16): Starting logger for file 'c:\Users\Sylicium\Documents\DirtyBiologystan\bot\DirtyBiology v2.0\localModules\database.js'
[27/03/2022 - 16:12:59.577 DEBUG] (\localModules\database.js:32:16): MongoClient singleton set.
[27/03/2022 - 16:13:14.848 INFO] (\localModules\database.js:2:16): Starting logger for file 'c:\Users\Sylicium\Documents\DirtyBiologystan\bot\DirtyBiology v2.0\localModules\database.js'
[27/03/2022 - 16:13:15.840 DEBUG] (\localModules\database.js:32:16): MongoClient singleton set.
[27/03/2022 - 16:19:49.771 INFO] (\localModules\database.js:2:16): Starting logger for file 'c:\Users\Sylicium\Documents\DirtyBiologystan\bot\DirtyBiology v2.0\localModules\database.js'
[27/03/2022 - 16:19:50.708 DEBUG] (\localModules\database.js:32:16): MongoClient singleton set.
[27/03/2022 - 16:20:13.627 INFO] (\localModules\database.js:2:16): Starting logger for file 'c:\Users\Sylicium\Documents\DirtyBiologystan\bot\DirtyBiology v2.0\localModules\database.js'
[27/03/2022 - 16:20:14.467 DEBUG] (\localModules\database.js:32:16): MongoClient singleton set.
[27/03/2022 - 16:20:42.329 INFO] (\localModules\database.js:2:16): Starting logger for file 'c:\Users\Sylicium\Documents\DirtyBiologystan\bot\DirtyBiology v2.0\localModules\database.js'
[27/03/2022 - 16:20:43.617 DEBUG] (\localModules\database.js:32:16): MongoClient singleton set.
[27/03/2022 - 16:43:52.792 INFO] (\localModules\database.js:2:16): "Starting logger for file 'c:\\Users\\Sylicium\\Documents\\DirtyBiologystan\\bot\\DirtyBiology v2.0\\localModules\\database.js'"
[27/03/2022 - 16:43:53.633 DEBUG] (\localModules\database.js:32:16): "MongoClient singleton set."
[27/03/2022 - 16:45:11.260 INFO] (\localModules\database.js:2:16): 
[27/03/2022 - 16:45:12.198 DEBUG] (\localModules\database.js:32:16): 
[27/03/2022 - 16:46:09.744 INFO] (\localModules\database.js:2:16): 
[27/03/2022 - 16:46:10.488 DEBUG] (\localModules\database.js:32:16): 
[27/03/2022 - 16:47:24.922 INFO] (\localModules\database.js:2:16): Starting logger for file 'c:\Users\Sylicium\Documents\DirtyBiologystan\bot\DirtyBiology v2.0\localModules\database.js'
[27/03/2022 - 16:47:26.241 DEBUG] (\localModules\database.js:32:16): 
[27/03/2022 - 16:48:08.753 INFO] (\localModules\database.js:2:16): Starting logger for file 'c:\Users\Sylicium\Documents\DirtyBiologystan\bot\DirtyBiology v2.0\localModules\database.js'
[27/03/2022 - 16:48:09.567 DEBUG] (\localModules\database.js:32:16): 
[27/03/2022 - 16:48:54.554 INFO] (\localModules\database.js:2:16): Starting logger for file 'c:\Users\Sylicium\Documents\DirtyBiologystan\bot\DirtyBiology v2.0\localModules\database.js'
[27/03/2022 - 16:48:55.417 DEBUG] (\localModules\database.js:32:16): 
[27/03/2022 - 16:50:15.065 INFO] (\localModules\database.js:2:16): Starting logger for file 'c:\Users\Sylicium\Documents\DirtyBiologystan\bot\DirtyBiology v2.0\localModules\database.js'
[27/03/2022 - 16:50:15.855 DEBUG] (\localModules\database.js:32:16): MongoClient singleton set.
[27/03/2022 - 16:50:31.389 INFO] (\localModules\database.js:2:16): Starting logger for file 'c:\Users\Sylicium\Documents\DirtyBiologystan\bot\DirtyBiology v2.0\localModules\database.js'
[27/03/2022 - 16:50:32.049 DEBUG] (\localModules\database.js:32:16): MongoClient singleton set.
[27/03/2022 - 16:51:11.820 INFO] (\localModules\database.js:2:16): Starting logger for file 'c:\Users\Sylicium\Documents\DirtyBiologystan\bot\DirtyBiology v2.0\localModules\database.js'
[27/03/2022 - 16:51:12.583 DEBUG] (\localModules\database.js:32:16): MongoClient singleton set.
[27/03/2022 - 16:52:36.032 INFO] (\localModules\database.js:2:16): Starting logger for file 'c:\Users\Sylicium\Documents\DirtyBiologystan\bot\DirtyBiology v2.0\localModules\database.js'
[27/03/2022 - 16:52:36.947 DEBUG] (\localModules\database.js:32:16): MongoClient singleton set.
[27/03/2022 - 16:53:05.125 INFO] (\localModules\database.js:2:16): Starting logger for file 'c:\Users\Sylicium\Documents\DirtyBiologystan\bot\DirtyBiology v2.0\localModules\database.js'
[27/03/2022 - 16:53:05.844 DEBUG] (\localModules\database.js:32:16): MongoClient singleton set.
[27/03/2022 - 16:53:29.888 INFO] (\localModules\database.js:2:16): Starting logger for file 'c:\Users\Sylicium\Documents\DirtyBiologystan\bot\DirtyBiology v2.0\localModules\database.js'
[27/03/2022 - 16:53:30.675 DEBUG] (\localModules\database.js:32:16): MongoClient singleton set.
[27/03/2022 - 16:54:24.118 INFO] (\localModules\database.js:2:16): Starting logger for file 'c:\Users\Sylicium\Documents\DirtyBiologystan\bot\DirtyBiology v2.0\localModules\database.js'
[27/03/2022 - 16:54:24.857 DEBUG] (\localModules\database.js:32:16): MongoClient singleton set.
[27/03/2022 - 16:55:07.378 INFO] (\localModules\database.js:2:16): Starting logger for file 'c:\Users\Sylicium\Documents\DirtyBiologystan\bot\DirtyBiology v2.0\localModules\database.js'
[27/03/2022 - 16:55:08.116 DEBUG] (\localModules\database.js:32:16): MongoClient singleton set.
[27/03/2022 - 16:55:35.691 INFO] (\localModules\database.js:2:16): Starting logger for file 'C:\Users\Sylicium\Documents\DirtyBiologystan\bot\DirtyBiology v2.0\localModules\database.js'
[27/03/2022 - 16:55:36.300 DEBUG] (\localModules\database.js:32:16): MongoClient singleton set.
[27/03/2022 - 16:57:06.111 INFO] (\localModules\database.js:2:16): Starting logger for file 'c:\Users\Sylicium\Documents\DirtyBiologystan\bot\DirtyBiology v2.0\localModules\database.js'
[27/03/2022 - 16:57:07.021 DEBUG] (\localModules\database.js:32:16): MongoClient singleton set.
[27/03/2022 - 16:58:03.718 INFO] (\localModules\database.js:2:16): Starting logger for file 'c:\Users\Sylicium\Documents\DirtyBiologystan\bot\DirtyBiology v2.0\localModules\database.js'
[27/03/2022 - 16:58:04.477 DEBUG] (\localModules\database.js:32:16): MongoClient singleton set.
[27/03/2022 - 17:10:07.884 INFO] (\localModules\database.js:2:16): Starting logger for file 'c:\Users\Sylicium\Documents\DirtyBiologystan\bot\DirtyBiology v2.0\localModules\database.js'
[27/03/2022 - 17:10:08.633 DEBUG] (\localModules\database.js:32:16): MongoClient singleton set.
[27/03/2022 - 17:11:24.672 INFO] (\localModules\database.js:2:16): Starting logger for file 'c:\Users\Sylicium\Documents\DirtyBiologystan\bot\DirtyBiology v2.0\localModules\database.js'
[27/03/2022 - 17:11:25.628 DEBUG] (\localModules\database.js:32:16): MongoClient singleton set.
[27/03/2022 - 17:12:24.713 INFO] (\localModules\database.js:2:16): Starting logger for file 'c:\Users\Sylicium\Documents\DirtyBiologystan\bot\DirtyBiology v2.0\localModules\database.js'
[27/03/2022 - 17:12:25.551 DEBUG] (\localModules\database.js:32:16): MongoClient singleton set.
[27/03/2022 - 17:13:20.151 INFO] (\localModules\database.js:2:16): Starting logger for file 'c:\Users\Sylicium\Documents\DirtyBiologystan\bot\DirtyBiology v2.0\localModules\database.js'
[27/03/2022 - 17:13:20.920 DEBUG] (\localModules\database.js:32:16): MongoClient singleton set.
[27/03/2022 - 17:14:36.967 INFO] (\localModules\database.js:2:16): Starting logger for file 'c:\Users\Sylicium\Documents\DirtyBiologystan\bot\DirtyBiology v2.0\localModules\database.js'
[27/03/2022 - 17:14:37.936 DEBUG] (\localModules\database.js:32:16): MongoClient singleton set.
[27/03/2022 - 17:14:55.487 INFO] (\localModules\database.js:2:16): Starting logger for file 'c:\Users\Sylicium\Documents\DirtyBiologystan\bot\DirtyBiology v2.0\localModules\database.js'
[27/03/2022 - 17:14:56.282 DEBUG] (\localModules\database.js:32:16): MongoClient singleton set.
[27/03/2022 - 17:15:09.008 INFO] (\localModules\database.js:2:16): Starting logger for file 'c:\Users\Sylicium\Documents\DirtyBiologystan\bot\DirtyBiology v2.0\localModules\database.js'
[27/03/2022 - 17:15:09.907 DEBUG] (\localModules\database.js:32:16): MongoClient singleton set.
[10/04/2022 - 14:54:00.357 INFO] (\localModules\database.js:2:16): Starting logger for file 'c:\Users\Sylicium\Documents\DirtyBiologystan\bot\DirtyBiology v2.0\localModules\database.js'
[10/04/2022 - 14:54:05.435 DEBUG] (\localModules\database.js:32:16): MongoClient singleton set.
[10/04/2022 - 14:54:34.760 INFO] (\localModules\database.js:2:16): Starting logger for file 'C:\Users\Sylicium\Documents\DirtyBiologystan\bot\DirtyBiology v2.0\localModules\database.js'
[10/04/2022 - 14:54:35.333 DEBUG] (\localModules\database.js:32:16): MongoClient singleton set.
[10/04/2022 - 14:55:09.267 INFO] (\localModules\database.js:2:16): Starting logger for file 'C:\Users\Sylicium\Documents\DirtyBiologystan\bot\DirtyBiology v2.0\localModules\database.js'
[10/04/2022 - 14:55:09.931 DEBUG] (\localModules\database.js:32:16): MongoClient singleton set.
[10/04/2022 - 14:56:02.630 INFO] (\localModules\database.js:2:16): Starting logger for file 'C:\Users\Sylicium\Documents\DirtyBiologystan\bot\DirtyBiology v2.0\localModules\database.js'
[10/04/2022 - 14:56:03.160 DEBUG] (\localModules\database.js:32:16): MongoClient singleton set.
[10/04/2022 - 14:56:13.008 INFO] (\localModules\database.js:2:16): Starting logger for file 'C:\Users\Sylicium\Documents\DirtyBiologystan\bot\DirtyBiology v2.0\localModules\database.js'
[10/04/2022 - 14:56:13.908 DEBUG] (\localModules\database.js:32:16): MongoClient singleton set.
[10/04/2022 - 14:57:36.198 INFO] (\localModules\database.js:2:16): Starting logger for file 'main\localModules\database.js'
[10/04/2022 - 14:57:36.840 DEBUG] (\localModules\database.js:32:16): MongoClient singleton set.
[10/04/2022 - 14:59:18.308 INFO] (\localModules\database.js:2:16): Starting logger for file 'main\localModules\database.js'
[10/04/2022 - 14:59:18.997 DEBUG] (\localModules\database.js:32:16): MongoClient singleton set.
[10/04/2022 - 15:00:25.207 INFO] (\localModules\database.js:2:16): Starting logger for file 'main\localModules\database.js'
[10/04/2022 - 15:00:25.866 DEBUG] (\localModules\database.js:32:16): MongoClient singleton set.
[11/04/2022 - 00:02:19.061 INFO] (\localModules\database.js:2:16): Starting logger for file 'main\localModules\database.js'
[11/04/2022 - 00:02:20.158 DEBUG] (\localModules\database.js:32:16): MongoClient singleton set.
[21/04/2022 - 22:09:54.140 INFO] (\localModules\database.js:2:16): Starting logger for file 'main\localModules\database.js'
[21/04/2022 - 22:09:55.701 DEBUG] (\localModules\database.js:32:16): MongoClient singleton set.
[21/04/2022 - 22:16:03.051 INFO] (\localModules\database.js:2:16): Starting logger for file 'c:\Users\Sylicium\Documents\DirtyBiologystan\bot\DirtyBiology v2.0\localModules\database.js'
[21/04/2022 - 22:16:04.459 DEBUG] (\localModules\database.js:32:16): MongoClient singleton set.
[21/04/2022 - 22:16:34.521 INFO] (\localModules\database.js:2:16): Starting logger for file 'c:\Users\Sylicium\Documents\DirtyBiologystan\bot\DirtyBiology v2.0\localModules\database.js'
[21/04/2022 - 22:16:35.965 DEBUG] (\localModules\database.js:32:16): MongoClient singleton set.
[21/04/2022 - 22:17:11.618 INFO] (\localModules\database.js:2:16): Starting logger for file 'c:\Users\Sylicium\Documents\DirtyBiologystan\bot\DirtyBiology v2.0\localModules\database.js'
[21/04/2022 - 22:17:12.964 DEBUG] (\localModules\database.js:32:16): MongoClient singleton set.
[22/04/2022 - 19:57:43.178 INFO] (\localModules\database.js:2:16): Starting logger for file 'c:\Users\Sylicium\Documents\DirtyBiologystan\bot\DirtyBiology v2.0\localModules\database.js'
[22/04/2022 - 19:57:44.180 DEBUG] (\localModules\database.js:32:16): MongoClient singleton set.
[22/04/2022 - 19:58:57.030 INFO] (\localModules\database.js:2:16): Starting logger for file 'c:\Users\Sylicium\Documents\DirtyBiologystan\bot\DirtyBiology v2.0\localModules\database.js'
[22/04/2022 - 19:58:57.878 DEBUG] (\localModules\database.js:32:16): MongoClient singleton set.
[22/04/2022 - 19:59:27.101 INFO] (\localModules\database.js:2:16): Starting logger for file 'c:\Users\Sylicium\Documents\DirtyBiologystan\bot\DirtyBiology v2.0\localModules\database.js'
[22/04/2022 - 19:59:27.849 DEBUG] (\localModules\database.js:32:16): MongoClient singleton set.
[22/04/2022 - 20:00:35.407 INFO] (\localModules\database.js:2:16): Starting logger for file 'c:\Users\Sylicium\Documents\DirtyBiologystan\bot\DirtyBiology v2.0\localModules\database.js'
[22/04/2022 - 20:00:36.192 DEBUG] (\localModules\database.js:32:16): MongoClient singleton set.
[22/04/2022 - 20:00:44.509 INFO] (\localModules\database.js:2:16): Starting logger for file 'c:\Users\Sylicium\Documents\DirtyBiologystan\bot\DirtyBiology v2.0\localModules\database.js'
[22/04/2022 - 20:00:45.235 DEBUG] (\localModules\database.js:32:16): MongoClient singleton set.
[22/04/2022 - 20:01:01.287 INFO] (\localModules\database.js:2:16): Starting logger for file 'c:\Users\Sylicium\Documents\DirtyBiologystan\bot\DirtyBiology v2.0\localModules\database.js'
[22/04/2022 - 20:01:02.024 DEBUG] (\localModules\database.js:32:16): MongoClient singleton set.
[22/04/2022 - 20:01:35.784 INFO] (\localModules\database.js:2:16): Starting logger for file 'c:\Users\Sylicium\Documents\DirtyBiologystan\bot\DirtyBiology v2.0\localModules\database.js'
[22/04/2022 - 20:01:36.642 DEBUG] (\localModules\database.js:32:16): MongoClient singleton set.
[22/04/2022 - 22:04:19.376 INFO] (\localModules\database.js:2:16): Starting logger for file 'c:\Users\Sylicium\Documents\DirtyBiologystan\bot\DirtyBiology v2.0\localModules\database.js'
[22/04/2022 - 22:04:20.247 DEBUG] (\localModules\database.js:32:16): MongoClient singleton set.
[22/04/2022 - 22:11:27.193 INFO] (\localModules\database.js:2:16): Starting logger for file 'c:\Users\Sylicium\Documents\DirtyBiologystan\bot\DirtyBiology v2.0\localModules\database.js'
[22/04/2022 - 22:11:28.394 DEBUG] (\localModules\database.js:32:16): MongoClient singleton set.
[22/04/2022 - 22:37:16.362 INFO] (\localModules\database.js:2:16): Starting logger for file 'c:\Users\Sylicium\Documents\DirtyBiologystan\bot\DirtyBiology v2.0\localModules\database.js'
[22/04/2022 - 22:37:17.496 DEBUG] (\localModules\database.js:32:16): MongoClient singleton set.
[22/04/2022 - 22:37:37.314 INFO] (\localModules\database.js:2:16): Starting logger for file 'c:\Users\Sylicium\Documents\DirtyBiologystan\bot\DirtyBiology v2.0\localModules\database.js'
[22/04/2022 - 22:37:38.084 DEBUG] (\localModules\database.js:32:16): MongoClient singleton set.
[22/04/2022 - 22:38:04.336 INFO] (\localModules\database.js:2:16): Starting logger for file 'c:\Users\Sylicium\Documents\DirtyBiologystan\bot\DirtyBiology v2.0\localModules\database.js'
[22/04/2022 - 22:38:05.171 DEBUG] (\localModules\database.js:32:16): MongoClient singleton set.
[22/04/2022 - 22:38:24.990 INFO] (\localModules\database.js:2:16): Starting logger for file 'c:\Users\Sylicium\Documents\DirtyBiologystan\bot\DirtyBiology v2.0\localModules\database.js'
[22/04/2022 - 22:38:26.092 DEBUG] (\localModules\database.js:32:16): MongoClient singleton set.
[22/04/2022 - 22:38:43.843 INFO] (\localModules\database.js:2:16): Starting logger for file 'c:\Users\Sylicium\Documents\DirtyBiologystan\bot\DirtyBiology v2.0\localModules\database.js'
[22/04/2022 - 22:38:44.625 DEBUG] (\localModules\database.js:32:16): MongoClient singleton set.
[22/04/2022 - 22:39:24.812 INFO] (\localModules\database.js:2:16): Starting logger for file 'c:\Users\Sylicium\Documents\DirtyBiologystan\bot\DirtyBiology v2.0\localModules\database.js'
[22/04/2022 - 22:39:25.938 DEBUG] (\localModules\database.js:32:16): MongoClient singleton set.
[22/04/2022 - 22:39:49.006 INFO] (\localModules\database.js:2:16): Starting logger for file 'c:\Users\Sylicium\Documents\DirtyBiologystan\bot\DirtyBiology v2.0\localModules\database.js'
[22/04/2022 - 22:39:50.033 DEBUG] (\localModules\database.js:32:16): MongoClient singleton set.
[22/04/2022 - 22:40:10.700 INFO] (\localModules\database.js:2:16): Starting logger for file 'c:\Users\Sylicium\Documents\DirtyBiologystan\bot\DirtyBiology v2.0\localModules\database.js'
[22/04/2022 - 22:40:11.608 DEBUG] (\localModules\database.js:32:16): MongoClient singleton set.
[02/05/2022 - 20:36:14.288 DEBUG] (\localModules\database.js:34:16): MongoClient singleton set.
[05/05/2022 - 22:15:02.136 DEBUG] (\localModules\database.js:34:16): MongoClient singleton set.
[31/05/2022 - 19:17:27.758 DEBUG] (\localModules\database.js:34:16): MongoClient singleton set.
[01/06/2022 - 21:32:15.996 DEBUG] (\localModules\database.js:34:16): MongoClient singleton set.
[01/06/2022 - 21:33:07.373 DEBUG] (\localModules\database.js:34:16): MongoClient singleton set.
[01/06/2022 - 21:33:47.155 DEBUG] (\localModules\database.js:34:16): MongoClient singleton set.
[18/06/2022 - 10:57:34.902 DEBUG] (\localModules\database.js:34:16): MongoClient singleton set.
[18/06/2022 - 11:06:54.645 DEBUG] (\localModules\database.js:34:16): MongoClient singleton set.
[18/06/2022 - 11:08:45.491 DEBUG] (\localModules\database.js:34:16): MongoClient singleton set.
[18/06/2022 - 11:09:36.830 DEBUG] (\localModules\database.js:34:16): MongoClient singleton set.
[18/06/2022 - 11:09:48.327 DEBUG] (\localModules\database.js:34:16): MongoClient singleton set.
[18/06/2022 - 11:11:04.328 DEBUG] (\localModules\database.js:34:16): MongoClient singleton set.
[28/07/2022 - 15:40:58.483 DEBUG] (\localModules\database.js:34:16): MongoClient singleton set.
[28/07/2022 - 15:43:20.193 DEBUG] (\localModules\database.js:34:16): MongoClient singleton set.
[28/07/2022 - 15:47:18.873 DEBUG] (\localModules\database.js:34:16): MongoClient singleton set.
[28/07/2022 - 19:17:33.667 DEBUG] (\localModules\database.js:34:16): MongoClient singleton set.
[28/07/2022 - 19:20:22.913 DEBUG] (\localModules\database.js:34:16): MongoClient singleton set.
[28/07/2022 - 19:27:47.296 DEBUG] (\localModules\database.js:34:16): MongoClient singleton set.
[28/07/2022 - 19:31:53.008 DEBUG] (\localModules\database.js:34:16): MongoClient singleton set.
[28/07/2022 - 19:32:51.423 DEBUG] (\localModules\database.js:34:16): MongoClient singleton set.
[28/07/2022 - 19:33:42.494 DEBUG] (\localModules\database.js:34:16): MongoClient singleton set.
[28/07/2022 - 19:34:34.801 DEBUG] (\localModules\database.js:34:16): MongoClient singleton set.
[28/07/2022 - 19:36:12.238 DEBUG] (\localModules\database.js:34:16): MongoClient singleton set.
[28/07/2022 - 19:36:49.331 DEBUG] (\localModules\database.js:34:16): MongoClient singleton set.
[28/07/2022 - 19:37:14.184 DEBUG] (\localModules\database.js:34:16): MongoClient singleton set.
[28/07/2022 - 19:47:10.274 DEBUG] (\localModules\database.js:34:16): MongoClient singleton set.
[28/07/2022 - 19:47:38.128 DEBUG] (\localModules\database.js:34:16): MongoClient singleton set.
[28/07/2022 - 21:22:50.246 DEBUG] (\localModules\database.js:34:16): MongoClient singleton set.
