File created on 27/03/2022 at 15:53:58.429

[27/03/2022 - 15:53:58.430 INFO] (!directMessageCommands.js): Starting logger for file 'c:\Users\Sylicium\Documents\DirtyBiologystan\bot\DirtyBiology v2.0\bot\events\message\directMessageCommands.js'
[27/03/2022 - 15:55:36.027 INFO] (!directMessageCommands.js): Starting logger for file 'c:\Users\Sylicium\Documents\DirtyBiologystan\bot\DirtyBiology v2.0\bot\events\message\directMessageCommands.js'
[27/03/2022 - 16:03:02.330 INFO] (\message\directMessageCommands.js:2:16): Starting logger for file 'c:\Users\Sylicium\Documents\DirtyBiologystan\bot\DirtyBiology v2.0\bot\events\message\directMessageCommands.js'
[27/03/2022 - 16:03:49.792 INFO] (\message\directMessageCommands.js:2:16): Starting logger for file 'c:\Users\Sylicium\Documents\DirtyBiologystan\bot\DirtyBiology v2.0\bot\events\message\directMessageCommands.js'
[27/03/2022 - 16:04:33.106 INFO] (\message\directMessageCommands.js:2:16): Starting logger for file 'c:\Users\Sylicium\Documents\DirtyBiologystan\bot\DirtyBiology v2.0\bot\events\message\directMessageCommands.js'
[27/03/2022 - 16:05:06.152 INFO] (\message\directMessageCommands.js:2:16): Starting logger for file 'c:\Users\Sylicium\Documents\DirtyBiologystan\bot\DirtyBiology v2.0\bot\events\message\directMessageCommands.js'
[27/03/2022 - 16:05:16.795 INFO] (\message\directMessageCommands.js:2:16): Starting logger for file 'c:\Users\Sylicium\Documents\DirtyBiologystan\bot\DirtyBiology v2.0\bot\events\message\directMessageCommands.js'
[27/03/2022 - 16:05:43.887 INFO] (\message\directMessageCommands.js:2:16): Starting logger for file 'c:\Users\Sylicium\Documents\DirtyBiologystan\bot\DirtyBiology v2.0\bot\events\message\directMessageCommands.js'
[27/03/2022 - 16:06:48.787 INFO] (\message\directMessageCommands.js:2:16): Starting logger for file 'c:\Users\Sylicium\Documents\DirtyBiologystan\bot\DirtyBiology v2.0\bot\events\message\directMessageCommands.js'
[27/03/2022 - 16:11:50.497 INFO] (\message\directMessageCommands.js:2:16): Starting logger for file 'c:\Users\Sylicium\Documents\DirtyBiologystan\bot\DirtyBiology v2.0\bot\events\message\directMessageCommands.js'
[27/03/2022 - 16:13:00.704 INFO] (\message\directMessageCommands.js:2:16): Starting logger for file 'c:\Users\Sylicium\Documents\DirtyBiologystan\bot\DirtyBiology v2.0\bot\events\message\directMessageCommands.js'
[27/03/2022 - 16:13:16.755 INFO] (\message\directMessageCommands.js:2:16): Starting logger for file 'c:\Users\Sylicium\Documents\DirtyBiologystan\bot\DirtyBiology v2.0\bot\events\message\directMessageCommands.js'
[27/03/2022 - 16:19:51.325 INFO] (\message\directMessageCommands.js:2:16): Starting logger for file 'c:\Users\Sylicium\Documents\DirtyBiologystan\bot\DirtyBiology v2.0\bot\events\message\directMessageCommands.js'
[27/03/2022 - 16:20:15.140 INFO] (\message\directMessageCommands.js:2:16): Starting logger for file 'c:\Users\Sylicium\Documents\DirtyBiologystan\bot\DirtyBiology v2.0\bot\events\message\directMessageCommands.js'
[27/03/2022 - 16:20:44.275 INFO] (\message\directMessageCommands.js:2:16): Starting logger for file 'c:\Users\Sylicium\Documents\DirtyBiologystan\bot\DirtyBiology v2.0\bot\events\message\directMessageCommands.js'
[27/03/2022 - 16:43:54.285 INFO] (\message\directMessageCommands.js:2:16): "Starting logger for file 'c:\\Users\\Sylicium\\Documents\\DirtyBiologystan\\bot\\DirtyBiology v2.0\\bot\\events\\message\\directMessageCommands.js'"
[27/03/2022 - 16:45:12.842 INFO] (\message\directMessageCommands.js:2:16): 
[27/03/2022 - 16:46:11.085 INFO] (\message\directMessageCommands.js:2:16): 
[27/03/2022 - 16:47:26.893 INFO] (\message\directMessageCommands.js:2:16): Starting logger for file 'c:\Users\Sylicium\Documents\DirtyBiologystan\bot\DirtyBiology v2.0\bot\events\message\directMessageCommands.js'
[27/03/2022 - 16:48:10.135 INFO] (\message\directMessageCommands.js:2:16): Starting logger for file 'c:\Users\Sylicium\Documents\DirtyBiologystan\bot\DirtyBiology v2.0\bot\events\message\directMessageCommands.js'
[27/03/2022 - 16:48:56.079 INFO] (\message\directMessageCommands.js:2:16): Starting logger for file 'c:\Users\Sylicium\Documents\DirtyBiologystan\bot\DirtyBiology v2.0\bot\events\message\directMessageCommands.js'
[27/03/2022 - 16:50:16.587 INFO] (\message\directMessageCommands.js:2:16): Starting logger for file 'c:\Users\Sylicium\Documents\DirtyBiologystan\bot\DirtyBiology v2.0\bot\events\message\directMessageCommands.js'
[27/03/2022 - 16:50:32.657 INFO] (\message\directMessageCommands.js:2:16): Starting logger for file 'c:\Users\Sylicium\Documents\DirtyBiologystan\bot\DirtyBiology v2.0\bot\events\message\directMessageCommands.js'
[27/03/2022 - 16:51:13.215 INFO] (\message\directMessageCommands.js:2:16): Starting logger for file 'c:\Users\Sylicium\Documents\DirtyBiologystan\bot\DirtyBiology v2.0\bot\events\message\directMessageCommands.js'
[27/03/2022 - 16:52:37.602 INFO] (\message\directMessageCommands.js:2:16): Starting logger for file 'c:\Users\Sylicium\Documents\DirtyBiologystan\bot\DirtyBiology v2.0\bot\events\message\directMessageCommands.js'
[27/03/2022 - 16:53:06.476 INFO] (\message\directMessageCommands.js:2:16): Starting logger for file 'c:\Users\Sylicium\Documents\DirtyBiologystan\bot\DirtyBiology v2.0\bot\events\message\directMessageCommands.js'
[27/03/2022 - 16:53:31.376 INFO] (\message\directMessageCommands.js:2:16): Starting logger for file 'c:\Users\Sylicium\Documents\DirtyBiologystan\bot\DirtyBiology v2.0\bot\events\message\directMessageCommands.js'
[27/03/2022 - 16:54:25.476 INFO] (\message\directMessageCommands.js:2:16): Starting logger for file 'c:\Users\Sylicium\Documents\DirtyBiologystan\bot\DirtyBiology v2.0\bot\events\message\directMessageCommands.js'
[27/03/2022 - 16:55:08.740 INFO] (\message\directMessageCommands.js:2:16): Starting logger for file 'c:\Users\Sylicium\Documents\DirtyBiologystan\bot\DirtyBiology v2.0\bot\events\message\directMessageCommands.js'
[27/03/2022 - 16:55:36.692 INFO] (\message\directMessageCommands.js:2:16): Starting logger for file 'C:\Users\Sylicium\Documents\DirtyBiologystan\bot\DirtyBiology v2.0\bot\events\message\directMessageCommands.js'
[27/03/2022 - 16:57:07.811 INFO] (\message\directMessageCommands.js:2:16): Starting logger for file 'c:\Users\Sylicium\Documents\DirtyBiologystan\bot\DirtyBiology v2.0\bot\events\message\directMessageCommands.js'
[27/03/2022 - 16:58:05.270 INFO] (\message\directMessageCommands.js:2:16): Starting logger for file 'c:\Users\Sylicium\Documents\DirtyBiologystan\bot\DirtyBiology v2.0\bot\events\message\directMessageCommands.js'
[27/03/2022 - 17:10:09.295 INFO] (\message\directMessageCommands.js:2:16): Starting logger for file 'c:\Users\Sylicium\Documents\DirtyBiologystan\bot\DirtyBiology v2.0\bot\events\message\directMessageCommands.js'
[27/03/2022 - 17:11:26.358 INFO] (\message\directMessageCommands.js:2:16): Starting logger for file 'c:\Users\Sylicium\Documents\DirtyBiologystan\bot\DirtyBiology v2.0\bot\events\message\directMessageCommands.js'
[27/03/2022 - 17:12:26.314 INFO] (\message\directMessageCommands.js:2:16): Starting logger for file 'c:\Users\Sylicium\Documents\DirtyBiologystan\bot\DirtyBiology v2.0\bot\events\message\directMessageCommands.js'
[27/03/2022 - 17:13:21.660 INFO] (\message\directMessageCommands.js:2:16): Starting logger for file 'c:\Users\Sylicium\Documents\DirtyBiologystan\bot\DirtyBiology v2.0\bot\events\message\directMessageCommands.js'
[27/03/2022 - 17:14:38.721 INFO] (\message\directMessageCommands.js:2:16): Starting logger for file 'c:\Users\Sylicium\Documents\DirtyBiologystan\bot\DirtyBiology v2.0\bot\events\message\directMessageCommands.js'
[27/03/2022 - 17:14:56.945 INFO] (\message\directMessageCommands.js:2:16): Starting logger for file 'c:\Users\Sylicium\Documents\DirtyBiologystan\bot\DirtyBiology v2.0\bot\events\message\directMessageCommands.js'
[27/03/2022 - 17:15:10.534 INFO] (\message\directMessageCommands.js:2:16): Starting logger for file 'c:\Users\Sylicium\Documents\DirtyBiologystan\bot\DirtyBiology v2.0\bot\events\message\directMessageCommands.js'
[10/04/2022 - 14:54:06.048 INFO] (\message\directMessageCommands.js:2:16): Starting logger for file 'c:\Users\Sylicium\Documents\DirtyBiologystan\bot\DirtyBiology v2.0\bot\events\message\directMessageCommands.js'
[10/04/2022 - 14:54:35.825 INFO] (\message\directMessageCommands.js:2:16): Starting logger for file 'C:\Users\Sylicium\Documents\DirtyBiologystan\bot\DirtyBiology v2.0\bot\events\message\directMessageCommands.js'
[10/04/2022 - 14:55:10.440 INFO] (\message\directMessageCommands.js:2:16): Starting logger for file 'C:\Users\Sylicium\Documents\DirtyBiologystan\bot\DirtyBiology v2.0\bot\events\message\directMessageCommands.js'
[10/04/2022 - 14:56:03.562 INFO] (\message\directMessageCommands.js:2:16): Starting logger for file 'C:\Users\Sylicium\Documents\DirtyBiologystan\bot\DirtyBiology v2.0\bot\events\message\directMessageCommands.js'
[10/04/2022 - 14:56:14.537 INFO] (\message\directMessageCommands.js:2:16): Starting logger for file 'C:\Users\Sylicium\Documents\DirtyBiologystan\bot\DirtyBiology v2.0\bot\events\message\directMessageCommands.js'
[10/04/2022 - 14:57:37.232 INFO] (\message\directMessageCommands.js:2:16): Starting logger for file 'main\bot\events\message\directMessageCommands.js'
[10/04/2022 - 14:59:19.555 INFO] (\message\directMessageCommands.js:2:16): Starting logger for file 'main\bot\events\message\directMessageCommands.js'
[10/04/2022 - 15:00:26.381 INFO] (\message\directMessageCommands.js:2:16): Starting logger for file 'main\bot\events\message\directMessageCommands.js'
[11/04/2022 - 00:02:20.589 INFO] (\message\directMessageCommands.js:2:16): Starting logger for file 'main\bot\events\message\directMessageCommands.js'
[21/04/2022 - 22:09:56.269 INFO] (\message\directMessageCommands.js:2:16): Starting logger for file 'main\bot\events\message\directMessageCommands.js'
[21/04/2022 - 22:16:05.295 INFO] (\message\directMessageCommands.js:2:16): Starting logger for file 'c:\Users\Sylicium\Documents\DirtyBiologystan\bot\DirtyBiology v2.0\bot\events\message\directMessageCommands.js'
[21/04/2022 - 22:16:36.666 INFO] (\message\directMessageCommands.js:2:16): Starting logger for file 'c:\Users\Sylicium\Documents\DirtyBiologystan\bot\DirtyBiology v2.0\bot\events\message\directMessageCommands.js'
[21/04/2022 - 22:17:13.792 INFO] (\message\directMessageCommands.js:2:16): Starting logger for file 'c:\Users\Sylicium\Documents\DirtyBiologystan\bot\DirtyBiology v2.0\bot\events\message\directMessageCommands.js'
[22/04/2022 - 19:57:45.041 INFO] (\message\directMessageCommands.js:2:16): Starting logger for file 'c:\Users\Sylicium\Documents\DirtyBiologystan\bot\DirtyBiology v2.0\bot\events\message\directMessageCommands.js'
[22/04/2022 - 19:58:58.508 INFO] (\message\directMessageCommands.js:2:16): Starting logger for file 'c:\Users\Sylicium\Documents\DirtyBiologystan\bot\DirtyBiology v2.0\bot\events\message\directMessageCommands.js'
[22/04/2022 - 19:59:28.542 INFO] (\message\directMessageCommands.js:2:16): Starting logger for file 'c:\Users\Sylicium\Documents\DirtyBiologystan\bot\DirtyBiology v2.0\bot\events\message\directMessageCommands.js'
[22/04/2022 - 20:00:36.797 INFO] (\message\directMessageCommands.js:2:16): Starting logger for file 'c:\Users\Sylicium\Documents\DirtyBiologystan\bot\DirtyBiology v2.0\bot\events\message\directMessageCommands.js'
[22/04/2022 - 20:00:45.895 INFO] (\message\directMessageCommands.js:2:16): Starting logger for file 'c:\Users\Sylicium\Documents\DirtyBiologystan\bot\DirtyBiology v2.0\bot\events\message\directMessageCommands.js'
[22/04/2022 - 20:01:02.714 INFO] (\message\directMessageCommands.js:2:16): Starting logger for file 'c:\Users\Sylicium\Documents\DirtyBiologystan\bot\DirtyBiology v2.0\bot\events\message\directMessageCommands.js'
[22/04/2022 - 20:01:37.236 INFO] (\message\directMessageCommands.js:2:16): Starting logger for file 'c:\Users\Sylicium\Documents\DirtyBiologystan\bot\DirtyBiology v2.0\bot\events\message\directMessageCommands.js'
[22/04/2022 - 22:04:20.729 INFO] (\message\directMessageCommands.js:2:16): Starting logger for file 'c:\Users\Sylicium\Documents\DirtyBiologystan\bot\DirtyBiology v2.0\bot\events\message\directMessageCommands.js'
[22/04/2022 - 22:11:29.194 INFO] (\message\directMessageCommands.js:2:16): Starting logger for file 'c:\Users\Sylicium\Documents\DirtyBiologystan\bot\DirtyBiology v2.0\bot\events\message\directMessageCommands.js'
[22/04/2022 - 22:37:18.256 INFO] (\message\directMessageCommands.js:2:16): Starting logger for file 'c:\Users\Sylicium\Documents\DirtyBiologystan\bot\DirtyBiology v2.0\bot\events\message\directMessageCommands.js'
[22/04/2022 - 22:37:38.812 INFO] (\message\directMessageCommands.js:2:16): Starting logger for file 'c:\Users\Sylicium\Documents\DirtyBiologystan\bot\DirtyBiology v2.0\bot\events\message\directMessageCommands.js'
[22/04/2022 - 22:38:06.015 INFO] (\message\directMessageCommands.js:2:16): Starting logger for file 'c:\Users\Sylicium\Documents\DirtyBiologystan\bot\DirtyBiology v2.0\bot\events\message\directMessageCommands.js'
[22/04/2022 - 22:38:26.927 INFO] (\message\directMessageCommands.js:2:16): Starting logger for file 'c:\Users\Sylicium\Documents\DirtyBiologystan\bot\DirtyBiology v2.0\bot\events\message\directMessageCommands.js'
[22/04/2022 - 22:38:45.460 INFO] (\message\directMessageCommands.js:2:16): Starting logger for file 'c:\Users\Sylicium\Documents\DirtyBiologystan\bot\DirtyBiology v2.0\bot\events\message\directMessageCommands.js'
[22/04/2022 - 22:39:26.734 INFO] (\message\directMessageCommands.js:2:16): Starting logger for file 'c:\Users\Sylicium\Documents\DirtyBiologystan\bot\DirtyBiology v2.0\bot\events\message\directMessageCommands.js'
[22/04/2022 - 22:39:50.985 INFO] (\message\directMessageCommands.js:2:16): Starting logger for file 'c:\Users\Sylicium\Documents\DirtyBiologystan\bot\DirtyBiology v2.0\bot\events\message\directMessageCommands.js'
[22/04/2022 - 22:40:12.346 INFO] (\message\directMessageCommands.js:2:16): Starting logger for file 'c:\Users\Sylicium\Documents\DirtyBiologystan\bot\DirtyBiology v2.0\bot\events\message\directMessageCommands.js'
