File created on 27/03/2022 at 15:53:58.435

[27/03/2022 - 15:53:58.436 INFO] (!guildCommands.js): Starting logger for file 'c:\Users\Sylicium\Documents\DirtyBiologystan\bot\DirtyBiology v2.0\bot\events\message\guildCommands.js'
[27/03/2022 - 15:55:36.034 INFO] (!guildCommands.js): Starting logger for file 'c:\Users\Sylicium\Documents\DirtyBiologystan\bot\DirtyBiology v2.0\bot\events\message\guildCommands.js'
[27/03/2022 - 16:03:02.336 INFO] (\message\guildCommands.js:3:16): Starting logger for file 'c:\Users\Sylicium\Documents\DirtyBiologystan\bot\DirtyBiology v2.0\bot\events\message\guildCommands.js'
[27/03/2022 - 16:03:49.795 INFO] (\message\guildCommands.js:3:16): Starting logger for file 'c:\Users\Sylicium\Documents\DirtyBiologystan\bot\DirtyBiology v2.0\bot\events\message\guildCommands.js'
[27/03/2022 - 16:04:33.109 INFO] (\message\guildCommands.js:3:16): Starting logger for file 'c:\Users\Sylicium\Documents\DirtyBiologystan\bot\DirtyBiology v2.0\bot\events\message\guildCommands.js'
[27/03/2022 - 16:05:06.157 INFO] (\message\guildCommands.js:3:16): Starting logger for file 'c:\Users\Sylicium\Documents\DirtyBiologystan\bot\DirtyBiology v2.0\bot\events\message\guildCommands.js'
[27/03/2022 - 16:05:16.801 INFO] (\message\guildCommands.js:3:16): Starting logger for file 'c:\Users\Sylicium\Documents\DirtyBiologystan\bot\DirtyBiology v2.0\bot\events\message\guildCommands.js'
[27/03/2022 - 16:05:43.893 INFO] (\message\guildCommands.js:3:16): Starting logger for file 'c:\Users\Sylicium\Documents\DirtyBiologystan\bot\DirtyBiology v2.0\bot\events\message\guildCommands.js'
[27/03/2022 - 16:06:48.792 INFO] (\message\guildCommands.js:3:16): Starting logger for file 'c:\Users\Sylicium\Documents\DirtyBiologystan\bot\DirtyBiology v2.0\bot\events\message\guildCommands.js'
[27/03/2022 - 16:09:24.214 DEBUG] (\message\guildCommands.js:26:12): Got message: -ping
[27/03/2022 - 16:09:27.039 DEBUG] (\message\guildCommands.js:26:12): Got message: -help
[27/03/2022 - 16:09:33.177 DEBUG] (\message\guildCommands.js:26:12): Got message: -stats
[27/03/2022 - 16:09:37.153 DEBUG] (\message\guildCommands.js:26:12): Got message: -stats here
[27/03/2022 - 16:09:50.232 DEBUG] (\message\guildCommands.js:26:12): Got message: -stats
[27/03/2022 - 16:09:53.715 DEBUG] (\message\guildCommands.js:26:12): Got message: -stats here
[27/03/2022 - 16:09:55.687 DEBUG] (\message\guildCommands.js:26:12): Got message: -stats here
[27/03/2022 - 16:09:57.500 DEBUG] (\message\guildCommands.js:26:12): Got message: -stats here
[27/03/2022 - 16:09:59.361 DEBUG] (\message\guildCommands.js:26:12): Got message: -stats here
[27/03/2022 - 16:10:01.126 DEBUG] (\message\guildCommands.js:26:12): Got message: -stats here
[27/03/2022 - 16:10:02.351 DEBUG] (\message\guildCommands.js:26:12): Got message: -stats here
[27/03/2022 - 16:10:03.798 DEBUG] (\message\guildCommands.js:26:12): Got message: -stats here
[27/03/2022 - 16:10:05.535 DEBUG] (\message\guildCommands.js:26:12): Got message: -stats here
[27/03/2022 - 16:10:07.422 DEBUG] (\message\guildCommands.js:26:12): Got message: -stats here
[27/03/2022 - 16:10:09.701 DEBUG] (\message\guildCommands.js:26:12): Got message: -stats here
[27/03/2022 - 16:10:10.907 DEBUG] (\message\guildCommands.js:26:12): Got message: -stats here
[27/03/2022 - 16:10:37.917 DEBUG] (\message\guildCommands.js:26:12): Got message: -stats here
[27/03/2022 - 16:10:43.105 DEBUG] (\message\guildCommands.js:26:12): Got message: -stats here-stats here
[27/03/2022 - 16:10:43.554 DEBUG] (\message\guildCommands.js:26:12): Got message: -stats here
[27/03/2022 - 16:10:43.892 DEBUG] (\message\guildCommands.js:26:12): Got message: -stats here
[27/03/2022 - 16:11:50.501 INFO] (\message\guildCommands.js:3:16): Starting logger for file 'c:\Users\Sylicium\Documents\DirtyBiologystan\bot\DirtyBiology v2.0\bot\events\message\guildCommands.js'
[27/03/2022 - 16:11:55.487 DEBUG] (\message\guildCommands.js:26:12): Got message: -stats here
[27/03/2022 - 16:11:56.982 DEBUG] (\message\guildCommands.js:26:12): Got message: -stats here
[27/03/2022 - 16:11:58.497 DEBUG] (\message\guildCommands.js:26:12): Got message: -stats here
[27/03/2022 - 16:11:59.777 DEBUG] (\message\guildCommands.js:26:12): Got message: -stats here
[27/03/2022 - 16:12:01.063 DEBUG] (\message\guildCommands.js:26:12): Got message: -stats here
[27/03/2022 - 16:12:03.097 DEBUG] (\message\guildCommands.js:26:12): Got message: -stats here
[27/03/2022 - 16:13:00.711 INFO] (\message\guildCommands.js:3:16): Starting logger for file 'c:\Users\Sylicium\Documents\DirtyBiologystan\bot\DirtyBiology v2.0\bot\events\message\guildCommands.js'
[27/03/2022 - 16:13:02.982 DEBUG] (\message\guildCommands.js:26:12): Got message: -stats here
[27/03/2022 - 16:13:04.816 DEBUG] (\message\guildCommands.js:26:12): Got message: -stats here
[27/03/2022 - 16:13:16.764 INFO] (\message\guildCommands.js:3:16): Starting logger for file 'c:\Users\Sylicium\Documents\DirtyBiologystan\bot\DirtyBiology v2.0\bot\events\message\guildCommands.js'
[27/03/2022 - 16:13:18.707 DEBUG] (\message\guildCommands.js:26:12): Got message: -stats here
[27/03/2022 - 16:13:20.068 DEBUG] (\message\guildCommands.js:26:12): Got message: -stats here
[27/03/2022 - 16:19:51.329 INFO] (\message\guildCommands.js:3:16): Starting logger for file 'c:\Users\Sylicium\Documents\DirtyBiologystan\bot\DirtyBiology v2.0\bot\events\message\guildCommands.js'
[27/03/2022 - 16:19:55.579 DEBUG] (\message\guildCommands.js:26:12): Got message: -stats here
[27/03/2022 - 16:19:57.001 DEBUG] (\message\guildCommands.js:26:12): Got message: -stats here
[27/03/2022 - 16:19:58.615 DEBUG] (\message\guildCommands.js:26:12): Got message: -stats here
[27/03/2022 - 16:20:00.515 DEBUG] (\message\guildCommands.js:26:12): Got message: -stats here
[27/03/2022 - 16:20:03.738 DEBUG] (\message\guildCommands.js:26:12): Got message: -stats here
[27/03/2022 - 16:20:15.144 INFO] (\message\guildCommands.js:3:16): Starting logger for file 'c:\Users\Sylicium\Documents\DirtyBiologystan\bot\DirtyBiology v2.0\bot\events\message\guildCommands.js'
[27/03/2022 - 16:20:19.573 DEBUG] (\message\guildCommands.js:26:12): Got message: -stats here
[27/03/2022 - 16:20:22.117 DEBUG] (\message\guildCommands.js:26:12): Got message: -stats here
[27/03/2022 - 16:20:24.742 DEBUG] (\message\guildCommands.js:26:12): Got message: -stats here
[27/03/2022 - 16:20:44.279 INFO] (\message\guildCommands.js:3:16): Starting logger for file 'c:\Users\Sylicium\Documents\DirtyBiologystan\bot\DirtyBiology v2.0\bot\events\message\guildCommands.js'
[27/03/2022 - 16:20:57.662 DEBUG] (\message\guildCommands.js:26:12): Got message: -stats here
[27/03/2022 - 16:20:58.329 DEBUG] (\message\guildCommands.js:26:12): Got message: -stats here
[27/03/2022 - 16:20:59.514 DEBUG] (\message\guildCommands.js:26:12): Got message: -stats here
[27/03/2022 - 16:20:59.906 DEBUG] (\message\guildCommands.js:26:12): Got message: -stats here
[27/03/2022 - 16:21:00.283 DEBUG] (\message\guildCommands.js:26:12): Got message: -stats here
[27/03/2022 - 16:21:00.733 DEBUG] (\message\guildCommands.js:26:12): Got message: -stats here
[27/03/2022 - 16:21:01.179 DEBUG] (\message\guildCommands.js:26:12): Got message: -stats here
[27/03/2022 - 16:21:01.655 DEBUG] (\message\guildCommands.js:26:12): Got message: -stats here
[27/03/2022 - 16:21:02.073 DEBUG] (\message\guildCommands.js:26:12): Got message: -stats here
[27/03/2022 - 16:21:02.437 DEBUG] (\message\guildCommands.js:26:12): Got message: -stats here
[27/03/2022 - 16:21:07.826 DEBUG] (\message\guildCommands.js:26:12): Got message: -stats here
[27/03/2022 - 16:21:20.114 DEBUG] (\message\guildCommands.js:26:12): Got message: -stats here
[27/03/2022 - 16:21:23.202 DEBUG] (\message\guildCommands.js:26:12): Got message: -stats here
[27/03/2022 - 16:22:13.260 DEBUG] (\message\guildCommands.js:26:12): Got message: -stats here
[27/03/2022 - 16:40:53.139 DEBUG] (\message\guildCommands.js:26:12): Got message: -stats here
[27/03/2022 - 16:41:00.250 DEBUG] (\message\guildCommands.js:26:12): Got message: -ping
[27/03/2022 - 16:41:09.970 DEBUG] (\message\guildCommands.js:26:12): Got message: -ping
[27/03/2022 - 16:43:54.289 INFO] (\message\guildCommands.js:3:16): "Starting logger for file 'c:\\Users\\Sylicium\\Documents\\DirtyBiologystan\\bot\\DirtyBiology v2.0\\bot\\events\\message\\guildCommands.js'"
[27/03/2022 - 16:45:12.848 INFO] (\message\guildCommands.js:3:16): 
[27/03/2022 - 16:46:11.091 INFO] (\message\guildCommands.js:3:16): 
[27/03/2022 - 16:47:26.898 INFO] (\message\guildCommands.js:3:16): Starting logger for file 'c:\Users\Sylicium\Documents\DirtyBiologystan\bot\DirtyBiology v2.0\bot\events\message\guildCommands.js'
[27/03/2022 - 16:48:10.139 INFO] (\message\guildCommands.js:3:16): Starting logger for file 'c:\Users\Sylicium\Documents\DirtyBiologystan\bot\DirtyBiology v2.0\bot\events\message\guildCommands.js'
[27/03/2022 - 16:48:56.084 INFO] (\message\guildCommands.js:3:16): Starting logger for file 'c:\Users\Sylicium\Documents\DirtyBiologystan\bot\DirtyBiology v2.0\bot\events\message\guildCommands.js'
[27/03/2022 - 16:49:43.736 DEBUG] (\message\guildCommands.js:26:12): 
[27/03/2022 - 16:49:49.311 DEBUG] (\message\guildCommands.js:26:12): 
[27/03/2022 - 16:49:50.437 DEBUG] (\message\guildCommands.js:26:12): 
[27/03/2022 - 16:49:51.865 DEBUG] (\message\guildCommands.js:26:12): 
[27/03/2022 - 16:49:52.496 DEBUG] (\message\guildCommands.js:26:12): 
[27/03/2022 - 16:49:55.332 DEBUG] (\message\guildCommands.js:26:12): 
[27/03/2022 - 16:50:16.592 INFO] (\message\guildCommands.js:3:16): Starting logger for file 'c:\Users\Sylicium\Documents\DirtyBiologystan\bot\DirtyBiology v2.0\bot\events\message\guildCommands.js'
[27/03/2022 - 16:50:32.665 INFO] (\message\guildCommands.js:3:16): Starting logger for file 'c:\Users\Sylicium\Documents\DirtyBiologystan\bot\DirtyBiology v2.0\bot\events\message\guildCommands.js'
[27/03/2022 - 16:51:13.219 INFO] (\message\guildCommands.js:3:16): Starting logger for file 'c:\Users\Sylicium\Documents\DirtyBiologystan\bot\DirtyBiology v2.0\bot\events\message\guildCommands.js'
[27/03/2022 - 16:52:37.607 INFO] (\message\guildCommands.js:3:16): Starting logger for file 'c:\Users\Sylicium\Documents\DirtyBiologystan\bot\DirtyBiology v2.0\bot\events\message\guildCommands.js'
[27/03/2022 - 16:53:06.482 INFO] (\message\guildCommands.js:3:16): Starting logger for file 'c:\Users\Sylicium\Documents\DirtyBiologystan\bot\DirtyBiology v2.0\bot\events\message\guildCommands.js'
[27/03/2022 - 16:53:31.383 INFO] (\message\guildCommands.js:3:16): Starting logger for file 'c:\Users\Sylicium\Documents\DirtyBiologystan\bot\DirtyBiology v2.0\bot\events\message\guildCommands.js'
[27/03/2022 - 16:54:25.480 INFO] (\message\guildCommands.js:3:16): Starting logger for file 'c:\Users\Sylicium\Documents\DirtyBiologystan\bot\DirtyBiology v2.0\bot\events\message\guildCommands.js'
[27/03/2022 - 16:55:08.745 INFO] (\message\guildCommands.js:3:16): Starting logger for file 'c:\Users\Sylicium\Documents\DirtyBiologystan\bot\DirtyBiology v2.0\bot\events\message\guildCommands.js'
[27/03/2022 - 16:55:18.093 DEBUG] (\message\guildCommands.js:26:12): Got message: -stats here
[27/03/2022 - 16:55:36.696 INFO] (\message\guildCommands.js:3:16): Starting logger for file 'C:\Users\Sylicium\Documents\DirtyBiologystan\bot\DirtyBiology v2.0\bot\events\message\guildCommands.js'
[27/03/2022 - 16:57:07.818 INFO] (\message\guildCommands.js:3:16): Starting logger for file 'c:\Users\Sylicium\Documents\DirtyBiologystan\bot\DirtyBiology v2.0\bot\events\message\guildCommands.js'
[27/03/2022 - 16:58:05.273 INFO] (\message\guildCommands.js:3:16): Starting logger for file 'c:\Users\Sylicium\Documents\DirtyBiologystan\bot\DirtyBiology v2.0\bot\events\message\guildCommands.js'
[27/03/2022 - 17:02:17.225 DEBUG] (\message\guildCommands.js:26:12): Got message: 
[27/03/2022 - 17:05:51.633 DEBUG] (\message\guildCommands.js:26:12): Got message: -help
[27/03/2022 - 17:10:09.302 INFO] (\message\guildCommands.js:3:16): Starting logger for file 'c:\Users\Sylicium\Documents\DirtyBiologystan\bot\DirtyBiology v2.0\bot\events\message\guildCommands.js'
[27/03/2022 - 17:10:34.180 DEBUG] (\message\guildCommands.js:26:12): Got message: -stats
[27/03/2022 - 17:10:53.213 DEBUG] (\message\guildCommands.js:26:12): Got message: -reloadcommands
[27/03/2022 - 17:10:53.220 ERROR] (\message\guildCommands.js:79:28): ReferenceError: Discord is not defined
[27/03/2022 - 17:11:26.365 INFO] (\message\guildCommands.js:3:16): Starting logger for file 'c:\Users\Sylicium\Documents\DirtyBiologystan\bot\DirtyBiology v2.0\bot\events\message\guildCommands.js'
[27/03/2022 - 17:11:47.545 DEBUG] (\message\guildCommands.js:26:12): Got message: -stats
[27/03/2022 - 17:11:52.049 DEBUG] (\message\guildCommands.js:26:12): Got message: -stats
[27/03/2022 - 17:11:59.240 DEBUG] (\message\guildCommands.js:26:12): Got message: -reloadcomman ds
[27/03/2022 - 17:12:07.248 DEBUG] (\message\guildCommands.js:26:12): Got message: -reloadcommands
[27/03/2022 - 17:12:07.251 ERROR] (\message\guildCommands.js:79:28): ReferenceError: fs is not defined
[27/03/2022 - 17:12:26.322 INFO] (\message\guildCommands.js:3:16): Starting logger for file 'c:\Users\Sylicium\Documents\DirtyBiologystan\bot\DirtyBiology v2.0\bot\events\message\guildCommands.js'
[27/03/2022 - 17:12:38.576 DEBUG] (\message\guildCommands.js:26:12): Got message: -reloadcommands
[27/03/2022 - 17:12:38.581 ERROR] (\message\guildCommands.js:79:28): Error: ENOENT: no such file or directory, scandir '../../commands/guild/'
[27/03/2022 - 17:13:21.664 INFO] (\message\guildCommands.js:3:16): Starting logger for file 'c:\Users\Sylicium\Documents\DirtyBiologystan\bot\DirtyBiology v2.0\bot\events\message\guildCommands.js'
[27/03/2022 - 17:13:25.485 DEBUG] (\message\guildCommands.js:26:12): Got message: -reloadcommands
[27/03/2022 - 17:13:25.500 ERROR] (\message\guildCommands.js:60:32): TypeError: Cannot read property 'catch' of undefined
[27/03/2022 - 17:13:44.405 DEBUG] (\message\guildCommands.js:26:12): Got message: -reloadcommands
[27/03/2022 - 17:13:44.413 ERROR] (\message\guildCommands.js:60:32): TypeError: Cannot read property 'catch' of undefined
[27/03/2022 - 17:14:21.788 DEBUG] (\message\guildCommands.js:26:12): Got message: -stats
[27/03/2022 - 17:14:28.657 DEBUG] (\message\guildCommands.js:26:12): Got message: -reloadcommands
[27/03/2022 - 17:14:28.663 ERROR] (\message\guildCommands.js:60:32): TypeError: Cannot read property 'catch' of undefined
[27/03/2022 - 17:14:31.742 DEBUG] (\message\guildCommands.js:26:12): Got message: -stats
[27/03/2022 - 17:14:38.728 INFO] (\message\guildCommands.js:3:16): Starting logger for file 'c:\Users\Sylicium\Documents\DirtyBiologystan\bot\DirtyBiology v2.0\bot\events\message\guildCommands.js'
[27/03/2022 - 17:14:56.951 INFO] (\message\guildCommands.js:3:16): Starting logger for file 'c:\Users\Sylicium\Documents\DirtyBiologystan\bot\DirtyBiology v2.0\bot\events\message\guildCommands.js'
[27/03/2022 - 17:15:10.541 INFO] (\message\guildCommands.js:3:16): Starting logger for file 'c:\Users\Sylicium\Documents\DirtyBiologystan\bot\DirtyBiology v2.0\bot\events\message\guildCommands.js'
[27/03/2022 - 17:23:09.248 DEBUG] (\message\guildCommands.js:26:12): Got message: game_stats_build 565674565612156417256564747474747
[27/03/2022 - 18:13:45.816 DEBUG] (\message\guildCommands.js:26:12): Got message: -stats
[27/03/2022 - 18:13:48.322 DEBUG] (\message\guildCommands.js:26:12): Got message: -ping
[27/03/2022 - 18:13:55.413 DEBUG] (\message\guildCommands.js:26:12): Got message: -ping
[27/03/2022 - 19:26:04.047 DEBUG] (\message\guildCommands.js:26:12): Got message: 
[10/04/2022 - 14:54:06.052 INFO] (\message\guildCommands.js:3:16): Starting logger for file 'c:\Users\Sylicium\Documents\DirtyBiologystan\bot\DirtyBiology v2.0\bot\events\message\guildCommands.js'
[10/04/2022 - 14:54:35.829 INFO] (\message\guildCommands.js:3:16): Starting logger for file 'C:\Users\Sylicium\Documents\DirtyBiologystan\bot\DirtyBiology v2.0\bot\events\message\guildCommands.js'
[10/04/2022 - 14:55:10.442 INFO] (\message\guildCommands.js:3:16): Starting logger for file 'C:\Users\Sylicium\Documents\DirtyBiologystan\bot\DirtyBiology v2.0\bot\events\message\guildCommands.js'
[10/04/2022 - 14:56:03.567 INFO] (\message\guildCommands.js:3:16): Starting logger for file 'C:\Users\Sylicium\Documents\DirtyBiologystan\bot\DirtyBiology v2.0\bot\events\message\guildCommands.js'
[10/04/2022 - 14:56:14.541 INFO] (\message\guildCommands.js:3:16): Starting logger for file 'C:\Users\Sylicium\Documents\DirtyBiologystan\bot\DirtyBiology v2.0\bot\events\message\guildCommands.js'
[10/04/2022 - 14:57:37.235 INFO] (\message\guildCommands.js:3:16): Starting logger for file 'main\bot\events\message\guildCommands.js'
[10/04/2022 - 14:58:42.702 DEBUG] (\message\guildCommands.js:26:12): Got message: cc
[10/04/2022 - 14:58:42.719 DEBUG] (\message\guildCommands.js:26:12): Got message: cc
[10/04/2022 - 14:58:48.486 DEBUG] (\message\guildCommands.js:26:12): Got message: -ping
[10/04/2022 - 14:58:48.490 DEBUG] (\message\guildCommands.js:26:12): Got message: -ping
[10/04/2022 - 14:58:52.188 DEBUG] (\message\guildCommands.js:26:12): Got message: -ping
[10/04/2022 - 14:58:52.192 DEBUG] (\message\guildCommands.js:26:12): Got message: -ping
[10/04/2022 - 14:59:19.577 INFO] (\message\guildCommands.js:3:16): Starting logger for file 'main\bot\events\message\guildCommands.js'
[10/04/2022 - 14:59:26.945 DEBUG] (\message\guildCommands.js:26:12): Got message: -ping
[10/04/2022 - 14:59:33.978 DEBUG] (\message\guildCommands.js:26:12): Got message: -ping
[10/04/2022 - 14:59:34.601 DEBUG] (\message\guildCommands.js:26:12): Got message: -ping-ping
[10/04/2022 - 14:59:34.970 DEBUG] (\message\guildCommands.js:26:12): Got message: -ping
[10/04/2022 - 14:59:35.263 DEBUG] (\message\guildCommands.js:26:12): Got message: -ping
[10/04/2022 - 14:59:35.582 DEBUG] (\message\guildCommands.js:26:12): Got message: -ping
[10/04/2022 - 14:59:36.205 DEBUG] (\message\guildCommands.js:26:12): Got message: -ping
[10/04/2022 - 14:59:39.670 DEBUG] (\message\guildCommands.js:26:12): Got message: -warn
[10/04/2022 - 14:59:42.631 DEBUG] (\message\guildCommands.js:26:12): Got message: -mywarns
[10/04/2022 - 14:59:47.479 DEBUG] (\message\guildCommands.js:26:12): Got message: -mywarns
[10/04/2022 - 14:59:50.505 DEBUG] (\message\guildCommands.js:26:12): Got message: -mywarns
[10/04/2022 - 15:00:26.387 INFO] (\message\guildCommands.js:3:16): Starting logger for file 'main\bot\events\message\guildCommands.js'
[10/04/2022 - 15:00:27.401 DEBUG] (\message\guildCommands.js:26:12): Got message: -mywarns
[10/04/2022 - 15:00:41.098 DEBUG] (\message\guildCommands.js:26:12): Got message: -warn <@774003919625519134>
[10/04/2022 - 15:00:41.114 ERROR] (\message\guildCommands.js:60:32): TypeError: Cannot read property 'catch' of undefined
[10/04/2022 - 15:01:02.741 DEBUG] (\message\guildCommands.js:26:12): Got message: -warn <@774003919625519134> fdp
[10/04/2022 - 15:01:02.748 ERROR] (\message\guildCommands.js:60:32): TypeError: Cannot read property 'catch' of undefined
[10/04/2022 - 15:01:11.108 DEBUG] (\message\guildCommands.js:26:12): Got message: -mywarns
[10/04/2022 - 15:08:40.359 DEBUG] (\message\guildCommands.js:26:12): Got message: -stats
[10/04/2022 - 15:08:47.641 DEBUG] (\message\guildCommands.js:26:12): Got message: -stats here
[11/04/2022 - 00:02:20.593 INFO] (\message\guildCommands.js:3:16): Starting logger for file 'main\bot\events\message\guildCommands.js'
[21/04/2022 - 22:09:56.273 INFO] (\message\guildCommands.js:3:16): Starting logger for file 'main\bot\events\message\guildCommands.js'
[21/04/2022 - 22:16:05.300 INFO] (\message\guildCommands.js:3:16): Starting logger for file 'c:\Users\Sylicium\Documents\DirtyBiologystan\bot\DirtyBiology v2.0\bot\events\message\guildCommands.js'
[21/04/2022 - 22:16:36.674 INFO] (\message\guildCommands.js:3:16): Starting logger for file 'c:\Users\Sylicium\Documents\DirtyBiologystan\bot\DirtyBiology v2.0\bot\events\message\guildCommands.js'
[21/04/2022 - 22:16:45.836 DEBUG] (\message\guildCommands.js:26:12): Got message: -help
[21/04/2022 - 22:17:13.797 INFO] (\message\guildCommands.js:3:16): Starting logger for file 'c:\Users\Sylicium\Documents\DirtyBiologystan\bot\DirtyBiology v2.0\bot\events\message\guildCommands.js'
[21/04/2022 - 22:17:17.300 DEBUG] (\message\guildCommands.js:26:12): Got message: -help
[21/04/2022 - 22:17:36.372 DEBUG] (\message\guildCommands.js:26:12): Got message: -warn <@774003919625519134>
[21/04/2022 - 22:17:36.382 ERROR] (\message\guildCommands.js:75:32): TypeError: Cannot read property 'catch' of undefined
[21/04/2022 - 22:17:50.237 DEBUG] (\message\guildCommands.js:26:12): Got message: -mywarns
[21/04/2022 - 22:18:00.566 DEBUG] (\message\guildCommands.js:26:12): Got message: -warn <@770334301609787392>
[21/04/2022 - 22:18:00.573 ERROR] (\message\guildCommands.js:75:32): TypeError: Cannot read property 'catch' of undefined
[21/04/2022 - 22:18:11.534 DEBUG] (\message\guildCommands.js:26:12): Got message: -warn <@770334301609787392> Insolence
[21/04/2022 - 22:18:11.541 ERROR] (\message\guildCommands.js:75:32): TypeError: Cannot read property 'catch' of undefined
[21/04/2022 - 22:18:22.377 DEBUG] (\message\guildCommands.js:26:12): Got message: -warn
[21/04/2022 - 22:18:26.936 DEBUG] (\message\guildCommands.js:26:12): Got message: -mywarns
[21/04/2022 - 22:19:07.477 DEBUG] (\message\guildCommands.js:26:12): Got message: $help
[21/04/2022 - 22:20:02.948 DEBUG] (\message\guildCommands.js:26:12): Got message: $stats
[21/04/2022 - 22:20:06.729 DEBUG] (\message\guildCommands.js:26:12): Got message: $routeslash
[21/04/2022 - 22:20:10.448 DEBUG] (\message\guildCommands.js:26:12): Got message: <@905825005303119913>
[21/04/2022 - 22:21:00.810 DEBUG] (\message\guildCommands.js:26:12): Got message: free nitro from steam https://dlcs0rd.com/
[21/04/2022 - 22:21:00.825 DEBUG] (\message\guildCommands.js:26:12): Got message: <@905825005303119913>
[21/04/2022 - 22:22:44.756 DEBUG] (\message\guildCommands.js:26:12): Got message: @everone dont click the free nitro link
[21/04/2022 - 22:22:59.005 DEBUG] (\message\guildCommands.js:26:12): Got message: @everone dont click the free nitro link: https://dicsord.com
[21/04/2022 - 22:24:25.082 DEBUG] (\message\guildCommands.js:26:12): Got message: $clearscam
[21/04/2022 - 22:25:24.625 DEBUG] (\message\guildCommands.js:26:12): Got message: $wiki
[21/04/2022 - 22:25:29.417 DEBUG] (\message\guildCommands.js:26:12): Got message: àoru
[21/04/2022 - 22:25:31.473 DEBUG] (\message\guildCommands.js:26:12): Got message: <@905825005303119913>
[21/04/2022 - 22:25:41.593 DEBUG] (\message\guildCommands.js:26:12): Got message: $clearscam
[21/04/2022 - 22:28:56.107 DEBUG] (\message\guildCommands.js:26:12): Got message: $card <@774003919625519134>
[22/04/2022 - 19:57:45.046 INFO] (\message\guildCommands.js:3:16): Starting logger for file 'c:\Users\Sylicium\Documents\DirtyBiologystan\bot\DirtyBiology v2.0\bot\events\message\guildCommands.js'
[22/04/2022 - 19:58:58.512 INFO] (\message\guildCommands.js:3:16): Starting logger for file 'c:\Users\Sylicium\Documents\DirtyBiologystan\bot\DirtyBiology v2.0\bot\events\message\guildCommands.js'
[22/04/2022 - 19:59:28.545 INFO] (\message\guildCommands.js:3:16): Starting logger for file 'c:\Users\Sylicium\Documents\DirtyBiologystan\bot\DirtyBiology v2.0\bot\events\message\guildCommands.js'
[22/04/2022 - 20:00:36.801 INFO] (\message\guildCommands.js:3:16): Starting logger for file 'c:\Users\Sylicium\Documents\DirtyBiologystan\bot\DirtyBiology v2.0\bot\events\message\guildCommands.js'
[22/04/2022 - 20:00:45.900 INFO] (\message\guildCommands.js:3:16): Starting logger for file 'c:\Users\Sylicium\Documents\DirtyBiologystan\bot\DirtyBiology v2.0\bot\events\message\guildCommands.js'
[22/04/2022 - 20:01:02.720 INFO] (\message\guildCommands.js:3:16): Starting logger for file 'c:\Users\Sylicium\Documents\DirtyBiologystan\bot\DirtyBiology v2.0\bot\events\message\guildCommands.js'
[22/04/2022 - 20:01:37.239 INFO] (\message\guildCommands.js:3:16): Starting logger for file 'c:\Users\Sylicium\Documents\DirtyBiologystan\bot\DirtyBiology v2.0\bot\events\message\guildCommands.js'
[22/04/2022 - 20:11:27.851 DEBUG] (\message\guildCommands.js:26:12): Got message: -help
[22/04/2022 - 20:12:22.005 DEBUG] (\message\guildCommands.js:26:12): Got message: -help
[22/04/2022 - 20:12:24.252 DEBUG] (\message\guildCommands.js:26:12): Got message: -ping
[22/04/2022 - 22:04:20.732 INFO] (\message\guildCommands.js:3:16): Starting logger for file 'c:\Users\Sylicium\Documents\DirtyBiologystan\bot\DirtyBiology v2.0\bot\events\message\guildCommands.js'
[22/04/2022 - 22:11:29.209 INFO] (\message\guildCommands.js:3:16): Starting logger for file 'c:\Users\Sylicium\Documents\DirtyBiologystan\bot\DirtyBiology v2.0\bot\events\message\guildCommands.js'
[22/04/2022 - 22:11:41.106 DEBUG] (\message\guildCommands.js:26:12): Got message: -help
[22/04/2022 - 22:11:42.617 DEBUG] (\message\guildCommands.js:26:12): Got message: -warns
[22/04/2022 - 22:11:44.520 DEBUG] (\message\guildCommands.js:26:12): Got message: -warn
[22/04/2022 - 22:11:46.887 DEBUG] (\message\guildCommands.js:26:12): Got message: -mywarns
[22/04/2022 - 22:37:18.260 INFO] (\message\guildCommands.js:3:16): Starting logger for file 'c:\Users\Sylicium\Documents\DirtyBiologystan\bot\DirtyBiology v2.0\bot\events\message\guildCommands.js'
[22/04/2022 - 22:37:23.679 DEBUG] (\message\guildCommands.js:26:12): Got message: -help
[22/04/2022 - 22:37:27.343 DEBUG] (\message\guildCommands.js:26:12): Got message: -test
[22/04/2022 - 22:37:27.348 ERROR] (\message\guildCommands.js:79:28): ReferenceError: print is not defined
[22/04/2022 - 22:37:38.819 INFO] (\message\guildCommands.js:3:16): Starting logger for file 'c:\Users\Sylicium\Documents\DirtyBiologystan\bot\DirtyBiology v2.0\bot\events\message\guildCommands.js'
[22/04/2022 - 22:37:44.788 DEBUG] (\message\guildCommands.js:26:12): Got message: -test
[22/04/2022 - 22:37:44.794 ERROR] (\message\guildCommands.js:75:32): TypeError: Cannot read property 'catch' of undefined
[22/04/2022 - 22:38:06.021 INFO] (\message\guildCommands.js:3:16): Starting logger for file 'c:\Users\Sylicium\Documents\DirtyBiologystan\bot\DirtyBiology v2.0\bot\events\message\guildCommands.js'
[22/04/2022 - 22:38:07.404 DEBUG] (\message\guildCommands.js:26:12): Got message: -test
[22/04/2022 - 22:38:07.409 ERROR] (\message\guildCommands.js:75:32): TypeError: Cannot read property 'catch' of undefined
[22/04/2022 - 22:38:26.932 INFO] (\message\guildCommands.js:3:16): Starting logger for file 'c:\Users\Sylicium\Documents\DirtyBiologystan\bot\DirtyBiology v2.0\bot\events\message\guildCommands.js'
[22/04/2022 - 22:38:28.161 DEBUG] (\message\guildCommands.js:26:12): Got message: -test
[22/04/2022 - 22:38:28.167 ERROR] (\message\guildCommands.js:79:28): TypeError: cmd.execute(...).catch is not a function
[22/04/2022 - 22:38:45.532 INFO] (\message\guildCommands.js:3:16): Starting logger for file 'c:\Users\Sylicium\Documents\DirtyBiologystan\bot\DirtyBiology v2.0\bot\events\message\guildCommands.js'
[22/04/2022 - 22:39:26.740 INFO] (\message\guildCommands.js:3:16): Starting logger for file 'c:\Users\Sylicium\Documents\DirtyBiologystan\bot\DirtyBiology v2.0\bot\events\message\guildCommands.js'
[22/04/2022 - 22:39:28.646 DEBUG] (\message\guildCommands.js:26:12): Got message: -test
[22/04/2022 - 22:39:28.653 ERROR] (\message\guildCommands.js:75:32): TypeError: Cannot read property 'catch' of undefined
[22/04/2022 - 22:39:50.996 INFO] (\message\guildCommands.js:3:16): Starting logger for file 'c:\Users\Sylicium\Documents\DirtyBiologystan\bot\DirtyBiology v2.0\bot\events\message\guildCommands.js'
[22/04/2022 - 22:39:53.416 DEBUG] (\message\guildCommands.js:26:12): Got message: -test
[22/04/2022 - 22:40:12.350 INFO] (\message\guildCommands.js:3:16): Starting logger for file 'c:\Users\Sylicium\Documents\DirtyBiologystan\bot\DirtyBiology v2.0\bot\events\message\guildCommands.js'
[22/04/2022 - 22:40:13.485 DEBUG] (\message\guildCommands.js:26:12): Got message: -test
[22/04/2022 - 22:40:15.334 DEBUG] (\message\guildCommands.js:26:12): Got message: -test
[31/05/2022 - 19:18:57.518 DEBUG] (\message\guildCommands.js:26:12): Got message: -help
[01/06/2022 - 21:32:25.915 DEBUG] (\message\guildCommands.js:26:12): Got message: -help
[01/06/2022 - 21:32:40.354 DEBUG] (\message\guildCommands.js:26:12): Got message: -help
[01/06/2022 - 21:32:45.185 DEBUG] (\message\guildCommands.js:26:12): Got message: -help
[01/06/2022 - 21:32:48.307 DEBUG] (\message\guildCommands.js:26:12): Got message: -test
[01/06/2022 - 21:32:48.316 ERROR] (\message\guildCommands.js:80:28): ReferenceError: MessageAttachment is not defined
[01/06/2022 - 21:33:12.664 DEBUG] (\message\guildCommands.js:26:12): Got message: -ping
[01/06/2022 - 21:33:15.073 DEBUG] (\message\guildCommands.js:26:12): Got message: -ping
[01/06/2022 - 21:33:17.000 DEBUG] (\message\guildCommands.js:26:12): Got message: -test
[01/06/2022 - 21:33:17.007 ERROR] (\message\guildCommands.js:80:28): ReferenceError: Discord is not defined
[01/06/2022 - 21:33:51.853 DEBUG] (\message\guildCommands.js:26:12): Got message: -test
[18/06/2022 - 11:09:16.088 DEBUG] (\message\guildCommands.js:26:12): Got message: test$
[18/06/2022 - 11:09:16.128 DEBUG] (\message\guildCommands.js:26:12): Got message: test$
[18/06/2022 - 11:09:18.988 DEBUG] (\message\guildCommands.js:26:12): Got message: -test
[18/06/2022 - 11:09:19.015 DEBUG] (\message\guildCommands.js:26:12): Got message: -test
[18/06/2022 - 11:09:25.676 DEBUG] (\message\guildCommands.js:26:12): Got message: -test
[18/06/2022 - 11:09:25.702 DEBUG] (\message\guildCommands.js:26:12): Got message: -test
[18/06/2022 - 11:09:52.764 DEBUG] (\message\guildCommands.js:26:12): Got message: -test
[18/06/2022 - 11:10:08.256 DEBUG] (\message\guildCommands.js:26:12): Got message: -test
[18/06/2022 - 11:10:12.840 DEBUG] (\message\guildCommands.js:26:12): Got message: -test
[18/06/2022 - 11:10:13.255 DEBUG] (\message\guildCommands.js:26:12): Got message: -test
[18/06/2022 - 11:11:06.430 DEBUG] (\message\guildCommands.js:26:12): Got message: -test
[18/06/2022 - 12:51:36.498 DEBUG] (\message\guildCommands.js:26:12): Got message: x)
[18/06/2022 - 14:45:29.231 DEBUG] (\message\guildCommands.js:26:12): Got message: <@770334301609787392> Ils sont où tes logs ?
[18/06/2022 - 14:47:36.187 DEBUG] (\message\guildCommands.js:26:12): Got message: <:PES_AngeryPing:667743617460338699>
[18/06/2022 - 14:47:42.782 DEBUG] (\message\guildCommands.js:26:12): Got message: quels logs <@765804123491794945>  ?
[18/06/2022 - 14:50:56.910 DEBUG] (\message\guildCommands.js:26:12): Got message: Les logs de ton bot
[18/06/2022 - 14:51:00.174 DEBUG] (\message\guildCommands.js:26:12): Got message: <@770334301609787392>
[18/06/2022 - 14:51:07.151 DEBUG] (\message\guildCommands.js:26:12): Got message: ba
[18/06/2022 - 14:51:13.567 DEBUG] (\message\guildCommands.js:26:12): Got message: sur mon serv privé
[18/06/2022 - 14:51:17.521 DEBUG] (\message\guildCommands.js:26:12): Got message: mdr
[18/06/2022 - 14:51:25.245 DEBUG] (\message\guildCommands.js:26:12): Got message: fin les logs d'erreur importants
[18/06/2022 - 14:51:29.247 DEBUG] (\message\guildCommands.js:26:12): Got message: en tout cas
[18/06/2022 - 14:54:08.228 DEBUG] (\message\guildCommands.js:26:12): Got message: hmm
[18/06/2022 - 14:54:11.680 DEBUG] (\message\guildCommands.js:26:12): Got message: Ok
[02/08/2022 - 16:32:54.266 DEBUG] (\message\guildCommands.js:26:12): Got message: cc
[02/08/2022 - 16:32:56.838 DEBUG] (\message\guildCommands.js:26:12): Got message: -ping
