File created on 27/03/2022 at 15:53:58.465

[27/03/2022 - 15:53:58.466 INFO] (!n> BotCMD:ping.js): Starting logger for file 'c:\Users\Sylicium\Documents\DirtyBiologystan\bot\DirtyBiology v2.0\bot\commands\guild\help.js'
[27/03/2022 - 15:55:36.066 INFO] (!n> BotCMD:ping.js): Starting logger for file 'c:\Users\Sylicium\Documents\DirtyBiologystan\bot\DirtyBiology v2.0\bot\commands\guild\help.js'
[27/03/2022 - 16:03:02.369 INFO] (\guild\help.js:4:16): Starting logger for file 'c:\Users\Sylicium\Documents\DirtyBiologystan\bot\DirtyBiology v2.0\bot\commands\guild\help.js'
[27/03/2022 - 16:03:49.821 INFO] (\guild\help.js:4:16): Starting logger for file 'c:\Users\Sylicium\Documents\DirtyBiologystan\bot\DirtyBiology v2.0\bot\commands\guild\help.js'
[27/03/2022 - 16:04:33.130 INFO] (\guild\help.js:4:16): Starting logger for file 'c:\Users\Sylicium\Documents\DirtyBiologystan\bot\DirtyBiology v2.0\bot\commands\guild\help.js'
[27/03/2022 - 16:05:06.185 INFO] (\guild\help.js:4:16): Starting logger for file 'c:\Users\Sylicium\Documents\DirtyBiologystan\bot\DirtyBiology v2.0\bot\commands\guild\help.js'
[27/03/2022 - 16:05:16.829 INFO] (\guild\help.js:4:16): Starting logger for file 'c:\Users\Sylicium\Documents\DirtyBiologystan\bot\DirtyBiology v2.0\bot\commands\guild\help.js'
[27/03/2022 - 16:05:43.918 INFO] (\guild\help.js:4:16): Starting logger for file 'c:\Users\Sylicium\Documents\DirtyBiologystan\bot\DirtyBiology v2.0\bot\commands\guild\help.js'
[27/03/2022 - 16:06:48.827 INFO] (\guild\help.js:4:16): Starting logger for file 'c:\Users\Sylicium\Documents\DirtyBiologystan\bot\DirtyBiology v2.0\bot\commands\guild\help.js'
[27/03/2022 - 16:11:50.525 INFO] (\guild\help.js:4:16): Starting logger for file 'c:\Users\Sylicium\Documents\DirtyBiologystan\bot\DirtyBiology v2.0\bot\commands\guild\help.js'
[27/03/2022 - 16:13:00.755 INFO] (\guild\help.js:4:16): Starting logger for file 'c:\Users\Sylicium\Documents\DirtyBiologystan\bot\DirtyBiology v2.0\bot\commands\guild\help.js'
[27/03/2022 - 16:13:16.824 INFO] (\guild\help.js:4:16): Starting logger for file 'c:\Users\Sylicium\Documents\DirtyBiologystan\bot\DirtyBiology v2.0\bot\commands\guild\help.js'
[27/03/2022 - 16:19:51.351 INFO] (\guild\help.js:4:16): Starting logger for file 'c:\Users\Sylicium\Documents\DirtyBiologystan\bot\DirtyBiology v2.0\bot\commands\guild\help.js'
[27/03/2022 - 16:20:15.176 INFO] (\guild\help.js:4:16): Starting logger for file 'c:\Users\Sylicium\Documents\DirtyBiologystan\bot\DirtyBiology v2.0\bot\commands\guild\help.js'
[27/03/2022 - 16:20:44.304 INFO] (\guild\help.js:4:16): Starting logger for file 'c:\Users\Sylicium\Documents\DirtyBiologystan\bot\DirtyBiology v2.0\bot\commands\guild\help.js'
[27/03/2022 - 16:43:54.311 INFO] (\guild\help.js:4:16): "Starting logger for file 'c:\\Users\\Sylicium\\Documents\\DirtyBiologystan\\bot\\DirtyBiology v2.0\\bot\\commands\\guild\\help.js'"
[27/03/2022 - 16:45:12.874 INFO] (\guild\help.js:4:16): 
[27/03/2022 - 16:46:11.118 INFO] (\guild\help.js:4:16): 
[27/03/2022 - 16:47:26.922 INFO] (\guild\help.js:4:16): Starting logger for file 'c:\Users\Sylicium\Documents\DirtyBiologystan\bot\DirtyBiology v2.0\bot\commands\guild\help.js'
[27/03/2022 - 16:48:10.160 INFO] (\guild\help.js:4:16): Starting logger for file 'c:\Users\Sylicium\Documents\DirtyBiologystan\bot\DirtyBiology v2.0\bot\commands\guild\help.js'
[27/03/2022 - 16:48:56.107 INFO] (\guild\help.js:4:16): Starting logger for file 'c:\Users\Sylicium\Documents\DirtyBiologystan\bot\DirtyBiology v2.0\bot\commands\guild\help.js'
[27/03/2022 - 16:50:16.616 INFO] (\guild\help.js:4:16): Starting logger for file 'c:\Users\Sylicium\Documents\DirtyBiologystan\bot\DirtyBiology v2.0\bot\commands\guild\help.js'
[27/03/2022 - 16:50:32.688 INFO] (\guild\help.js:4:16): Starting logger for file 'c:\Users\Sylicium\Documents\DirtyBiologystan\bot\DirtyBiology v2.0\bot\commands\guild\help.js'
[27/03/2022 - 16:51:13.244 INFO] (\guild\help.js:4:16): Starting logger for file 'c:\Users\Sylicium\Documents\DirtyBiologystan\bot\DirtyBiology v2.0\bot\commands\guild\help.js'
[27/03/2022 - 16:52:37.633 INFO] (\guild\help.js:4:16): Starting logger for file 'c:\Users\Sylicium\Documents\DirtyBiologystan\bot\DirtyBiology v2.0\bot\commands\guild\help.js'
[27/03/2022 - 16:53:06.506 INFO] (\guild\help.js:4:16): Starting logger for file 'c:\Users\Sylicium\Documents\DirtyBiologystan\bot\DirtyBiology v2.0\bot\commands\guild\help.js'
[27/03/2022 - 16:53:31.420 INFO] (\guild\help.js:4:16): Starting logger for file 'c:\Users\Sylicium\Documents\DirtyBiologystan\bot\DirtyBiology v2.0\bot\commands\guild\help.js'
[27/03/2022 - 16:54:25.509 INFO] (\guild\help.js:4:16): Starting logger for file 'c:\Users\Sylicium\Documents\DirtyBiologystan\bot\DirtyBiology v2.0\bot\commands\guild\help.js'
[27/03/2022 - 16:55:08.768 INFO] (\guild\help.js:4:16): Starting logger for file 'c:\Users\Sylicium\Documents\DirtyBiologystan\bot\DirtyBiology v2.0\bot\commands\guild\help.js'
[27/03/2022 - 16:55:36.718 INFO] (\guild\help.js:4:16): Starting logger for file 'C:\Users\Sylicium\Documents\DirtyBiologystan\bot\DirtyBiology v2.0\bot\commands\guild\help.js'
[27/03/2022 - 16:57:07.857 INFO] (\guild\help.js:4:16): Starting logger for file 'c:\Users\Sylicium\Documents\DirtyBiologystan\bot\DirtyBiology v2.0\bot\commands\guild\help.js'
[27/03/2022 - 16:58:05.301 INFO] (\guild\help.js:4:16): Starting logger for file 'c:\Users\Sylicium\Documents\DirtyBiologystan\bot\DirtyBiology v2.0\bot\commands\guild\help.js'
[27/03/2022 - 17:10:09.325 INFO] (\guild\help.js:4:16): Starting logger for file 'c:\Users\Sylicium\Documents\DirtyBiologystan\bot\DirtyBiology v2.0\bot\commands\guild\help.js'
[27/03/2022 - 17:11:26.391 INFO] (\guild\help.js:4:16): Starting logger for file 'c:\Users\Sylicium\Documents\DirtyBiologystan\bot\DirtyBiology v2.0\bot\commands\guild\help.js'
[27/03/2022 - 17:12:26.374 INFO] (\guild\help.js:4:16): Starting logger for file 'c:\Users\Sylicium\Documents\DirtyBiologystan\bot\DirtyBiology v2.0\bot\commands\guild\help.js'
[27/03/2022 - 17:13:21.689 INFO] (\guild\help.js:4:16): Starting logger for file 'c:\Users\Sylicium\Documents\DirtyBiologystan\bot\DirtyBiology v2.0\bot\commands\guild\help.js'
[27/03/2022 - 17:14:38.761 INFO] (\guild\help.js:4:16): Starting logger for file 'c:\Users\Sylicium\Documents\DirtyBiologystan\bot\DirtyBiology v2.0\bot\commands\guild\help.js'
[27/03/2022 - 17:14:56.973 INFO] (\guild\help.js:4:16): Starting logger for file 'c:\Users\Sylicium\Documents\DirtyBiologystan\bot\DirtyBiology v2.0\bot\commands\guild\help.js'
[27/03/2022 - 17:15:10.573 INFO] (\guild\help.js:4:16): Starting logger for file 'c:\Users\Sylicium\Documents\DirtyBiologystan\bot\DirtyBiology v2.0\bot\commands\guild\help.js'
[10/04/2022 - 14:54:06.075 INFO] (\guild\help.js:4:16): Starting logger for file 'c:\Users\Sylicium\Documents\DirtyBiologystan\bot\DirtyBiology v2.0\bot\commands\guild\help.js'
[10/04/2022 - 14:54:35.855 INFO] (\guild\help.js:4:16): Starting logger for file 'C:\Users\Sylicium\Documents\DirtyBiologystan\bot\DirtyBiology v2.0\bot\commands\guild\help.js'
[10/04/2022 - 14:55:10.461 INFO] (\guild\help.js:4:16): Starting logger for file 'C:\Users\Sylicium\Documents\DirtyBiologystan\bot\DirtyBiology v2.0\bot\commands\guild\help.js'
[10/04/2022 - 14:56:03.583 INFO] (\guild\help.js:4:16): Starting logger for file 'C:\Users\Sylicium\Documents\DirtyBiologystan\bot\DirtyBiology v2.0\bot\commands\guild\help.js'
[10/04/2022 - 14:56:14.564 INFO] (\guild\help.js:4:16): Starting logger for file 'C:\Users\Sylicium\Documents\DirtyBiologystan\bot\DirtyBiology v2.0\bot\commands\guild\help.js'
[10/04/2022 - 14:57:37.254 INFO] (\guild\help.js:4:16): Starting logger for file 'main\bot\commands\guild\help.js'
[10/04/2022 - 14:59:19.613 INFO] (\guild\help.js:4:16): Starting logger for file 'main\bot\commands\guild\help.js'
[10/04/2022 - 15:00:26.410 INFO] (\guild\help.js:4:16): Starting logger for file 'main\bot\commands\guild\help.js'
[11/04/2022 - 00:02:20.613 INFO] (\guild\help.js:4:16): Starting logger for file 'main\bot\commands\guild\help.js'
[21/04/2022 - 22:09:56.299 INFO] (\guild\help.js:4:16): Starting logger for file 'main\bot\commands\guild\help.js'
[21/04/2022 - 22:16:05.361 INFO] (\guild\help.js:4:16): Starting logger for file 'c:\Users\Sylicium\Documents\DirtyBiologystan\bot\DirtyBiology v2.0\bot\commands\guild\help.js'
[21/04/2022 - 22:16:36.711 INFO] (\guild\help.js:4:16): Starting logger for file 'c:\Users\Sylicium\Documents\DirtyBiologystan\bot\DirtyBiology v2.0\bot\commands\guild\help.js'
[21/04/2022 - 22:17:13.831 INFO] (\guild\help.js:4:16): Starting logger for file 'c:\Users\Sylicium\Documents\DirtyBiologystan\bot\DirtyBiology v2.0\bot\commands\guild\help.js'
[22/04/2022 - 19:57:45.077 INFO] (\guild\help.js:4:16): Starting logger for file 'c:\Users\Sylicium\Documents\DirtyBiologystan\bot\DirtyBiology v2.0\bot\commands\guild\help.js'
[22/04/2022 - 19:58:58.531 INFO] (\guild\help.js:4:16): Starting logger for file 'c:\Users\Sylicium\Documents\DirtyBiologystan\bot\DirtyBiology v2.0\bot\commands\guild\help.js'
[22/04/2022 - 19:59:28.578 INFO] (\guild\help.js:4:16): Starting logger for file 'c:\Users\Sylicium\Documents\DirtyBiologystan\bot\DirtyBiology v2.0\bot\commands\guild\help.js'
[22/04/2022 - 20:00:36.818 INFO] (\guild\help.js:4:16): Starting logger for file 'c:\Users\Sylicium\Documents\DirtyBiologystan\bot\DirtyBiology v2.0\bot\commands\guild\help.js'
[22/04/2022 - 20:00:45.918 INFO] (\guild\help.js:4:16): Starting logger for file 'c:\Users\Sylicium\Documents\DirtyBiologystan\bot\DirtyBiology v2.0\bot\commands\guild\help.js'
[22/04/2022 - 20:01:02.742 INFO] (\guild\help.js:4:16): Starting logger for file 'c:\Users\Sylicium\Documents\DirtyBiologystan\bot\DirtyBiology v2.0\bot\commands\guild\help.js'
[22/04/2022 - 20:01:37.260 INFO] (\guild\help.js:4:16): Starting logger for file 'c:\Users\Sylicium\Documents\DirtyBiologystan\bot\DirtyBiology v2.0\bot\commands\guild\help.js'
[22/04/2022 - 22:04:20.751 INFO] (\guild\help.js:4:16): Starting logger for file 'c:\Users\Sylicium\Documents\DirtyBiologystan\bot\DirtyBiology v2.0\bot\commands\guild\help.js'
[22/04/2022 - 22:11:29.252 INFO] (\guild\help.js:4:16): Starting logger for file 'c:\Users\Sylicium\Documents\DirtyBiologystan\bot\DirtyBiology v2.0\bot\commands\guild\help.js'
[22/04/2022 - 22:37:18.283 INFO] (\guild\help.js:4:16): Starting logger for file 'c:\Users\Sylicium\Documents\DirtyBiologystan\bot\DirtyBiology v2.0\bot\commands\guild\help.js'
[22/04/2022 - 22:37:38.844 INFO] (\guild\help.js:4:16): Starting logger for file 'c:\Users\Sylicium\Documents\DirtyBiologystan\bot\DirtyBiology v2.0\bot\commands\guild\help.js'
[22/04/2022 - 22:38:06.042 INFO] (\guild\help.js:4:16): Starting logger for file 'c:\Users\Sylicium\Documents\DirtyBiologystan\bot\DirtyBiology v2.0\bot\commands\guild\help.js'
[22/04/2022 - 22:38:26.953 INFO] (\guild\help.js:4:16): Starting logger for file 'c:\Users\Sylicium\Documents\DirtyBiologystan\bot\DirtyBiology v2.0\bot\commands\guild\help.js'
[22/04/2022 - 22:38:45.609 INFO] (\guild\help.js:4:16): Starting logger for file 'c:\Users\Sylicium\Documents\DirtyBiologystan\bot\DirtyBiology v2.0\bot\commands\guild\help.js'
[22/04/2022 - 22:39:26.767 INFO] (\guild\help.js:4:16): Starting logger for file 'c:\Users\Sylicium\Documents\DirtyBiologystan\bot\DirtyBiology v2.0\bot\commands\guild\help.js'
[22/04/2022 - 22:39:51.029 INFO] (\guild\help.js:4:16): Starting logger for file 'c:\Users\Sylicium\Documents\DirtyBiologystan\bot\DirtyBiology v2.0\bot\commands\guild\help.js'
[22/04/2022 - 22:40:12.369 INFO] (\guild\help.js:4:16): Starting logger for file 'c:\Users\Sylicium\Documents\DirtyBiologystan\bot\DirtyBiology v2.0\bot\commands\guild\help.js'
