File created on 27/03/2022 at 15:53:58.379

[27/03/2022 - 15:53:58.380 INFO] (!initDatas.js): Starting logger for file 'c:\Users\Sylicium\Documents\DirtyBiologystan\bot\DirtyBiology v2.0\bot\events\guildCreate\initDatas.js'
[27/03/2022 - 15:55:35.987 INFO] (!initDatas.js): Starting logger for file 'c:\Users\Sylicium\Documents\DirtyBiologystan\bot\DirtyBiology v2.0\bot\events\guildCreate\initDatas.js'
[27/03/2022 - 16:03:02.291 INFO] (\guildCreate\initDatas.js:2:16): Starting logger for file 'c:\Users\Sylicium\Documents\DirtyBiologystan\bot\DirtyBiology v2.0\bot\events\guildCreate\initDatas.js'
[27/03/2022 - 16:03:49.753 INFO] (\guildCreate\initDatas.js:2:16): Starting logger for file 'c:\Users\Sylicium\Documents\DirtyBiologystan\bot\DirtyBiology v2.0\bot\events\guildCreate\initDatas.js'
[27/03/2022 - 16:04:33.059 INFO] (\guildCreate\initDatas.js:2:16): Starting logger for file 'c:\Users\Sylicium\Documents\DirtyBiologystan\bot\DirtyBiology v2.0\bot\events\guildCreate\initDatas.js'
[27/03/2022 - 16:05:06.109 INFO] (\guildCreate\initDatas.js:2:16): Starting logger for file 'c:\Users\Sylicium\Documents\DirtyBiologystan\bot\DirtyBiology v2.0\bot\events\guildCreate\initDatas.js'
[27/03/2022 - 16:05:16.735 INFO] (\guildCreate\initDatas.js:2:16): Starting logger for file 'c:\Users\Sylicium\Documents\DirtyBiologystan\bot\DirtyBiology v2.0\bot\events\guildCreate\initDatas.js'
[27/03/2022 - 16:05:43.856 INFO] (\guildCreate\initDatas.js:2:16): Starting logger for file 'c:\Users\Sylicium\Documents\DirtyBiologystan\bot\DirtyBiology v2.0\bot\events\guildCreate\initDatas.js'
[27/03/2022 - 16:06:48.752 INFO] (\guildCreate\initDatas.js:2:16): Starting logger for file 'c:\Users\Sylicium\Documents\DirtyBiologystan\bot\DirtyBiology v2.0\bot\events\guildCreate\initDatas.js'
[27/03/2022 - 16:11:50.465 INFO] (\guildCreate\initDatas.js:2:16): Starting logger for file 'c:\Users\Sylicium\Documents\DirtyBiologystan\bot\DirtyBiology v2.0\bot\events\guildCreate\initDatas.js'
[27/03/2022 - 16:13:00.633 INFO] (\guildCreate\initDatas.js:2:16): Starting logger for file 'c:\Users\Sylicium\Documents\DirtyBiologystan\bot\DirtyBiology v2.0\bot\events\guildCreate\initDatas.js'
[27/03/2022 - 16:13:16.709 INFO] (\guildCreate\initDatas.js:2:16): Starting logger for file 'c:\Users\Sylicium\Documents\DirtyBiologystan\bot\DirtyBiology v2.0\bot\events\guildCreate\initDatas.js'
[27/03/2022 - 16:19:51.289 INFO] (\guildCreate\initDatas.js:2:16): Starting logger for file 'c:\Users\Sylicium\Documents\DirtyBiologystan\bot\DirtyBiology v2.0\bot\events\guildCreate\initDatas.js'
[27/03/2022 - 16:20:15.103 INFO] (\guildCreate\initDatas.js:2:16): Starting logger for file 'c:\Users\Sylicium\Documents\DirtyBiologystan\bot\DirtyBiology v2.0\bot\events\guildCreate\initDatas.js'
[27/03/2022 - 16:20:44.236 INFO] (\guildCreate\initDatas.js:2:16): Starting logger for file 'c:\Users\Sylicium\Documents\DirtyBiologystan\bot\DirtyBiology v2.0\bot\events\guildCreate\initDatas.js'
[27/03/2022 - 16:43:54.253 INFO] (\guildCreate\initDatas.js:2:16): "Starting logger for file 'c:\\Users\\Sylicium\\Documents\\DirtyBiologystan\\bot\\DirtyBiology v2.0\\bot\\events\\guildCreate\\initDatas.js'"
[27/03/2022 - 16:45:12.806 INFO] (\guildCreate\initDatas.js:2:16): 
[27/03/2022 - 16:46:11.048 INFO] (\guildCreate\initDatas.js:2:16): 
[27/03/2022 - 16:47:26.860 INFO] (\guildCreate\initDatas.js:2:16): Starting logger for file 'c:\Users\Sylicium\Documents\DirtyBiologystan\bot\DirtyBiology v2.0\bot\events\guildCreate\initDatas.js'
[27/03/2022 - 16:48:10.105 INFO] (\guildCreate\initDatas.js:2:16): Starting logger for file 'c:\Users\Sylicium\Documents\DirtyBiologystan\bot\DirtyBiology v2.0\bot\events\guildCreate\initDatas.js'
[27/03/2022 - 16:48:56.039 INFO] (\guildCreate\initDatas.js:2:16): Starting logger for file 'c:\Users\Sylicium\Documents\DirtyBiologystan\bot\DirtyBiology v2.0\bot\events\guildCreate\initDatas.js'
[27/03/2022 - 16:50:16.550 INFO] (\guildCreate\initDatas.js:2:16): Starting logger for file 'c:\Users\Sylicium\Documents\DirtyBiologystan\bot\DirtyBiology v2.0\bot\events\guildCreate\initDatas.js'
[27/03/2022 - 16:50:32.616 INFO] (\guildCreate\initDatas.js:2:16): Starting logger for file 'c:\Users\Sylicium\Documents\DirtyBiologystan\bot\DirtyBiology v2.0\bot\events\guildCreate\initDatas.js'
[27/03/2022 - 16:51:13.185 INFO] (\guildCreate\initDatas.js:2:16): Starting logger for file 'c:\Users\Sylicium\Documents\DirtyBiologystan\bot\DirtyBiology v2.0\bot\events\guildCreate\initDatas.js'
[27/03/2022 - 16:52:37.565 INFO] (\guildCreate\initDatas.js:2:16): Starting logger for file 'c:\Users\Sylicium\Documents\DirtyBiologystan\bot\DirtyBiology v2.0\bot\events\guildCreate\initDatas.js'
[27/03/2022 - 16:53:06.441 INFO] (\guildCreate\initDatas.js:2:16): Starting logger for file 'c:\Users\Sylicium\Documents\DirtyBiologystan\bot\DirtyBiology v2.0\bot\events\guildCreate\initDatas.js'
[27/03/2022 - 16:53:31.309 INFO] (\guildCreate\initDatas.js:2:16): Starting logger for file 'c:\Users\Sylicium\Documents\DirtyBiologystan\bot\DirtyBiology v2.0\bot\events\guildCreate\initDatas.js'
[27/03/2022 - 16:54:25.438 INFO] (\guildCreate\initDatas.js:2:16): Starting logger for file 'c:\Users\Sylicium\Documents\DirtyBiologystan\bot\DirtyBiology v2.0\bot\events\guildCreate\initDatas.js'
[27/03/2022 - 16:55:08.708 INFO] (\guildCreate\initDatas.js:2:16): Starting logger for file 'c:\Users\Sylicium\Documents\DirtyBiologystan\bot\DirtyBiology v2.0\bot\events\guildCreate\initDatas.js'
[27/03/2022 - 16:55:36.659 INFO] (\guildCreate\initDatas.js:2:16): Starting logger for file 'C:\Users\Sylicium\Documents\DirtyBiologystan\bot\DirtyBiology v2.0\bot\events\guildCreate\initDatas.js'
[27/03/2022 - 16:57:07.764 INFO] (\guildCreate\initDatas.js:2:16): Starting logger for file 'c:\Users\Sylicium\Documents\DirtyBiologystan\bot\DirtyBiology v2.0\bot\events\guildCreate\initDatas.js'
[27/03/2022 - 16:58:05.195 INFO] (\guildCreate\initDatas.js:2:16): Starting logger for file 'c:\Users\Sylicium\Documents\DirtyBiologystan\bot\DirtyBiology v2.0\bot\events\guildCreate\initDatas.js'
[27/03/2022 - 17:10:09.261 INFO] (\guildCreate\initDatas.js:2:16): Starting logger for file 'c:\Users\Sylicium\Documents\DirtyBiologystan\bot\DirtyBiology v2.0\bot\events\guildCreate\initDatas.js'
[27/03/2022 - 17:11:26.320 INFO] (\guildCreate\initDatas.js:2:16): Starting logger for file 'c:\Users\Sylicium\Documents\DirtyBiologystan\bot\DirtyBiology v2.0\bot\events\guildCreate\initDatas.js'
[27/03/2022 - 17:12:26.261 INFO] (\guildCreate\initDatas.js:2:16): Starting logger for file 'c:\Users\Sylicium\Documents\DirtyBiologystan\bot\DirtyBiology v2.0\bot\events\guildCreate\initDatas.js'
[27/03/2022 - 17:13:21.619 INFO] (\guildCreate\initDatas.js:2:16): Starting logger for file 'c:\Users\Sylicium\Documents\DirtyBiologystan\bot\DirtyBiology v2.0\bot\events\guildCreate\initDatas.js'
[27/03/2022 - 17:14:38.673 INFO] (\guildCreate\initDatas.js:2:16): Starting logger for file 'c:\Users\Sylicium\Documents\DirtyBiologystan\bot\DirtyBiology v2.0\bot\events\guildCreate\initDatas.js'
[27/03/2022 - 17:14:56.913 INFO] (\guildCreate\initDatas.js:2:16): Starting logger for file 'c:\Users\Sylicium\Documents\DirtyBiologystan\bot\DirtyBiology v2.0\bot\events\guildCreate\initDatas.js'
[27/03/2022 - 17:15:10.494 INFO] (\guildCreate\initDatas.js:2:16): Starting logger for file 'c:\Users\Sylicium\Documents\DirtyBiologystan\bot\DirtyBiology v2.0\bot\events\guildCreate\initDatas.js'
[10/04/2022 - 14:54:06.026 INFO] (\guildCreate\initDatas.js:2:16): Starting logger for file 'c:\Users\Sylicium\Documents\DirtyBiologystan\bot\DirtyBiology v2.0\bot\events\guildCreate\initDatas.js'
[10/04/2022 - 14:54:35.803 INFO] (\guildCreate\initDatas.js:2:16): Starting logger for file 'C:\Users\Sylicium\Documents\DirtyBiologystan\bot\DirtyBiology v2.0\bot\events\guildCreate\initDatas.js'
[10/04/2022 - 14:55:10.413 INFO] (\guildCreate\initDatas.js:2:16): Starting logger for file 'C:\Users\Sylicium\Documents\DirtyBiologystan\bot\DirtyBiology v2.0\bot\events\guildCreate\initDatas.js'
[10/04/2022 - 14:56:03.537 INFO] (\guildCreate\initDatas.js:2:16): Starting logger for file 'C:\Users\Sylicium\Documents\DirtyBiologystan\bot\DirtyBiology v2.0\bot\events\guildCreate\initDatas.js'
[10/04/2022 - 14:56:14.507 INFO] (\guildCreate\initDatas.js:2:16): Starting logger for file 'C:\Users\Sylicium\Documents\DirtyBiologystan\bot\DirtyBiology v2.0\bot\events\guildCreate\initDatas.js'
[10/04/2022 - 14:57:37.211 INFO] (\guildCreate\initDatas.js:2:16): Starting logger for file 'main\bot\events\guildCreate\initDatas.js'
[10/04/2022 - 14:59:19.515 INFO] (\guildCreate\initDatas.js:2:16): Starting logger for file 'main\bot\events\guildCreate\initDatas.js'
[10/04/2022 - 15:00:26.354 INFO] (\guildCreate\initDatas.js:2:16): Starting logger for file 'main\bot\events\guildCreate\initDatas.js'
[11/04/2022 - 00:02:20.565 INFO] (\guildCreate\initDatas.js:2:16): Starting logger for file 'main\bot\events\guildCreate\initDatas.js'
[21/04/2022 - 22:09:56.235 INFO] (\guildCreate\initDatas.js:2:16): Starting logger for file 'main\bot\events\guildCreate\initDatas.js'
[21/04/2022 - 22:16:05.232 INFO] (\guildCreate\initDatas.js:2:16): Starting logger for file 'c:\Users\Sylicium\Documents\DirtyBiologystan\bot\DirtyBiology v2.0\bot\events\guildCreate\initDatas.js'
[21/04/2022 - 22:16:36.625 INFO] (\guildCreate\initDatas.js:2:16): Starting logger for file 'c:\Users\Sylicium\Documents\DirtyBiologystan\bot\DirtyBiology v2.0\bot\events\guildCreate\initDatas.js'
[21/04/2022 - 22:17:13.754 INFO] (\guildCreate\initDatas.js:2:16): Starting logger for file 'c:\Users\Sylicium\Documents\DirtyBiologystan\bot\DirtyBiology v2.0\bot\events\guildCreate\initDatas.js'
[22/04/2022 - 19:57:44.999 INFO] (\guildCreate\initDatas.js:2:16): Starting logger for file 'c:\Users\Sylicium\Documents\DirtyBiologystan\bot\DirtyBiology v2.0\bot\events\guildCreate\initDatas.js'
[22/04/2022 - 19:58:58.483 INFO] (\guildCreate\initDatas.js:2:16): Starting logger for file 'c:\Users\Sylicium\Documents\DirtyBiologystan\bot\DirtyBiology v2.0\bot\events\guildCreate\initDatas.js'
[22/04/2022 - 19:59:28.479 INFO] (\guildCreate\initDatas.js:2:16): Starting logger for file 'c:\Users\Sylicium\Documents\DirtyBiologystan\bot\DirtyBiology v2.0\bot\events\guildCreate\initDatas.js'
[22/04/2022 - 20:00:36.772 INFO] (\guildCreate\initDatas.js:2:16): Starting logger for file 'c:\Users\Sylicium\Documents\DirtyBiologystan\bot\DirtyBiology v2.0\bot\events\guildCreate\initDatas.js'
[22/04/2022 - 20:00:45.868 INFO] (\guildCreate\initDatas.js:2:16): Starting logger for file 'c:\Users\Sylicium\Documents\DirtyBiologystan\bot\DirtyBiology v2.0\bot\events\guildCreate\initDatas.js'
[22/04/2022 - 20:01:02.684 INFO] (\guildCreate\initDatas.js:2:16): Starting logger for file 'c:\Users\Sylicium\Documents\DirtyBiologystan\bot\DirtyBiology v2.0\bot\events\guildCreate\initDatas.js'
[22/04/2022 - 20:01:37.210 INFO] (\guildCreate\initDatas.js:2:16): Starting logger for file 'c:\Users\Sylicium\Documents\DirtyBiologystan\bot\DirtyBiology v2.0\bot\events\guildCreate\initDatas.js'
[22/04/2022 - 22:04:20.697 INFO] (\guildCreate\initDatas.js:2:16): Starting logger for file 'c:\Users\Sylicium\Documents\DirtyBiologystan\bot\DirtyBiology v2.0\bot\events\guildCreate\initDatas.js'
[22/04/2022 - 22:11:29.146 INFO] (\guildCreate\initDatas.js:2:16): Starting logger for file 'c:\Users\Sylicium\Documents\DirtyBiologystan\bot\DirtyBiology v2.0\bot\events\guildCreate\initDatas.js'
[22/04/2022 - 22:37:18.230 INFO] (\guildCreate\initDatas.js:2:16): Starting logger for file 'c:\Users\Sylicium\Documents\DirtyBiologystan\bot\DirtyBiology v2.0\bot\events\guildCreate\initDatas.js'
[22/04/2022 - 22:37:38.777 INFO] (\guildCreate\initDatas.js:2:16): Starting logger for file 'c:\Users\Sylicium\Documents\DirtyBiologystan\bot\DirtyBiology v2.0\bot\events\guildCreate\initDatas.js'
[22/04/2022 - 22:38:05.934 INFO] (\guildCreate\initDatas.js:2:16): Starting logger for file 'c:\Users\Sylicium\Documents\DirtyBiologystan\bot\DirtyBiology v2.0\bot\events\guildCreate\initDatas.js'
[22/04/2022 - 22:38:26.901 INFO] (\guildCreate\initDatas.js:2:16): Starting logger for file 'c:\Users\Sylicium\Documents\DirtyBiologystan\bot\DirtyBiology v2.0\bot\events\guildCreate\initDatas.js'
[22/04/2022 - 22:38:45.429 INFO] (\guildCreate\initDatas.js:2:16): Starting logger for file 'c:\Users\Sylicium\Documents\DirtyBiologystan\bot\DirtyBiology v2.0\bot\events\guildCreate\initDatas.js'
[22/04/2022 - 22:39:26.699 INFO] (\guildCreate\initDatas.js:2:16): Starting logger for file 'c:\Users\Sylicium\Documents\DirtyBiologystan\bot\DirtyBiology v2.0\bot\events\guildCreate\initDatas.js'
[22/04/2022 - 22:39:50.929 INFO] (\guildCreate\initDatas.js:2:16): Starting logger for file 'c:\Users\Sylicium\Documents\DirtyBiologystan\bot\DirtyBiology v2.0\bot\events\guildCreate\initDatas.js'
[22/04/2022 - 22:40:12.319 INFO] (\guildCreate\initDatas.js:2:16): Starting logger for file 'c:\Users\Sylicium\Documents\DirtyBiologystan\bot\DirtyBiology v2.0\bot\events\guildCreate\initDatas.js'
