File created on 27/03/2022 at 15:53:58.457

[27/03/2022 - 15:53:58.458 INFO] (!main.js): Starting logger for file 'c:\Users\Sylicium\Documents\DirtyBiologystan\bot\DirtyBiology v2.0\bot\events\ready\main.js'
[27/03/2022 - 15:53:59.290 INFO] (\ready\main.js:7:12): Bot started
[27/03/2022 - 15:55:36.058 INFO] (!main.js): Starting logger for file 'c:\Users\Sylicium\Documents\DirtyBiologystan\bot\DirtyBiology v2.0\bot\events\ready\main.js'
[27/03/2022 - 15:55:36.860 INFO] (\ready\main.js:7:12): Bot started
[27/03/2022 - 16:03:02.360 INFO] (\ready\main.js:3:16): Starting logger for file 'c:\Users\Sylicium\Documents\DirtyBiologystan\bot\DirtyBiology v2.0\bot\events\ready\main.js'
[27/03/2022 - 16:03:03.251 INFO] (\ready\main.js:7:12): Bot started
[27/03/2022 - 16:03:49.815 INFO] (\ready\main.js:3:16): Starting logger for file 'c:\Users\Sylicium\Documents\DirtyBiologystan\bot\DirtyBiology v2.0\bot\events\ready\main.js'
[27/03/2022 - 16:03:50.570 INFO] (\ready\main.js:7:12): Bot started
[27/03/2022 - 16:04:33.126 INFO] (\ready\main.js:3:16): Starting logger for file 'c:\Users\Sylicium\Documents\DirtyBiologystan\bot\DirtyBiology v2.0\bot\events\ready\main.js'
[27/03/2022 - 16:04:33.910 INFO] (\ready\main.js:7:12): Bot started
[27/03/2022 - 16:05:06.179 INFO] (\ready\main.js:3:16): Starting logger for file 'c:\Users\Sylicium\Documents\DirtyBiologystan\bot\DirtyBiology v2.0\bot\events\ready\main.js'
[27/03/2022 - 16:05:07.038 INFO] (\ready\main.js:7:12): Bot started
[27/03/2022 - 16:05:16.822 INFO] (\ready\main.js:3:16): Starting logger for file 'c:\Users\Sylicium\Documents\DirtyBiologystan\bot\DirtyBiology v2.0\bot\events\ready\main.js'
[27/03/2022 - 16:05:17.661 INFO] (\ready\main.js:7:12): Bot started
[27/03/2022 - 16:05:43.911 INFO] (\ready\main.js:3:16): Starting logger for file 'c:\Users\Sylicium\Documents\DirtyBiologystan\bot\DirtyBiology v2.0\bot\events\ready\main.js'
[27/03/2022 - 16:05:44.736 INFO] (\ready\main.js:7:12): Bot started
[27/03/2022 - 16:06:48.817 INFO] (\ready\main.js:3:16): Starting logger for file 'c:\Users\Sylicium\Documents\DirtyBiologystan\bot\DirtyBiology v2.0\bot\events\ready\main.js'
[27/03/2022 - 16:06:49.887 INFO] (\ready\main.js:7:12): Bot started
[27/03/2022 - 16:11:50.518 INFO] (\ready\main.js:3:16): Starting logger for file 'c:\Users\Sylicium\Documents\DirtyBiologystan\bot\DirtyBiology v2.0\bot\events\ready\main.js'
[27/03/2022 - 16:11:51.429 INFO] (\ready\main.js:7:12): Bot started
[27/03/2022 - 16:13:00.747 INFO] (\ready\main.js:3:16): Starting logger for file 'c:\Users\Sylicium\Documents\DirtyBiologystan\bot\DirtyBiology v2.0\bot\events\ready\main.js'
[27/03/2022 - 16:13:01.704 INFO] (\ready\main.js:7:12): Bot started
[27/03/2022 - 16:13:16.812 INFO] (\ready\main.js:3:16): Starting logger for file 'c:\Users\Sylicium\Documents\DirtyBiologystan\bot\DirtyBiology v2.0\bot\events\ready\main.js'
[27/03/2022 - 16:13:17.661 INFO] (\ready\main.js:7:12): Bot started
[27/03/2022 - 16:19:51.346 INFO] (\ready\main.js:3:16): Starting logger for file 'c:\Users\Sylicium\Documents\DirtyBiologystan\bot\DirtyBiology v2.0\bot\events\ready\main.js'
[27/03/2022 - 16:19:52.214 INFO] (\ready\main.js:7:12): Bot started
[27/03/2022 - 16:20:15.166 INFO] (\ready\main.js:3:16): Starting logger for file 'c:\Users\Sylicium\Documents\DirtyBiologystan\bot\DirtyBiology v2.0\bot\events\ready\main.js'
[27/03/2022 - 16:20:15.896 INFO] (\ready\main.js:7:12): Bot started
[27/03/2022 - 16:20:44.299 INFO] (\ready\main.js:3:16): Starting logger for file 'c:\Users\Sylicium\Documents\DirtyBiologystan\bot\DirtyBiology v2.0\bot\events\ready\main.js'
[27/03/2022 - 16:20:45.267 INFO] (\ready\main.js:7:12): Bot started
[27/03/2022 - 16:43:54.305 INFO] (\ready\main.js:3:16): "Starting logger for file 'c:\\Users\\Sylicium\\Documents\\DirtyBiologystan\\bot\\DirtyBiology v2.0\\bot\\events\\ready\\main.js'"
[27/03/2022 - 16:43:55.071 INFO] (\ready\main.js:7:12): "Bot started"
[27/03/2022 - 16:45:12.868 INFO] (\ready\main.js:3:16): 
[27/03/2022 - 16:45:13.856 INFO] (\ready\main.js:7:12): 
[27/03/2022 - 16:46:11.110 INFO] (\ready\main.js:3:16): 
[27/03/2022 - 16:46:12.125 INFO] (\ready\main.js:7:12): 
[27/03/2022 - 16:47:26.916 INFO] (\ready\main.js:3:16): Starting logger for file 'c:\Users\Sylicium\Documents\DirtyBiologystan\bot\DirtyBiology v2.0\bot\events\ready\main.js'
[27/03/2022 - 16:47:28.063 INFO] (\ready\main.js:7:12): 
[27/03/2022 - 16:48:10.156 INFO] (\ready\main.js:3:16): Starting logger for file 'c:\Users\Sylicium\Documents\DirtyBiologystan\bot\DirtyBiology v2.0\bot\events\ready\main.js'
[27/03/2022 - 16:48:10.880 INFO] (\ready\main.js:7:12): 
[27/03/2022 - 16:48:56.102 INFO] (\ready\main.js:3:16): Starting logger for file 'c:\Users\Sylicium\Documents\DirtyBiologystan\bot\DirtyBiology v2.0\bot\events\ready\main.js'
[27/03/2022 - 16:48:56.965 INFO] (\ready\main.js:7:12): 
[27/03/2022 - 16:50:16.611 INFO] (\ready\main.js:3:16): Starting logger for file 'c:\Users\Sylicium\Documents\DirtyBiologystan\bot\DirtyBiology v2.0\bot\events\ready\main.js'
[27/03/2022 - 16:50:17.427 INFO] (\ready\main.js:7:12): Bot started
[27/03/2022 - 16:50:32.684 INFO] (\ready\main.js:3:16): Starting logger for file 'c:\Users\Sylicium\Documents\DirtyBiologystan\bot\DirtyBiology v2.0\bot\events\ready\main.js'
[27/03/2022 - 16:50:33.783 INFO] (\ready\main.js:7:12): Bot started
[27/03/2022 - 16:51:13.238 INFO] (\ready\main.js:3:16): Starting logger for file 'c:\Users\Sylicium\Documents\DirtyBiologystan\bot\DirtyBiology v2.0\bot\events\ready\main.js'
[27/03/2022 - 16:51:14.085 INFO] (\ready\main.js:7:12): Bot started
[27/03/2022 - 16:52:37.627 INFO] (\ready\main.js:3:16): Starting logger for file 'c:\Users\Sylicium\Documents\DirtyBiologystan\bot\DirtyBiology v2.0\bot\events\ready\main.js'
[27/03/2022 - 16:52:38.445 INFO] (\ready\main.js:7:12): Bot started
[27/03/2022 - 16:53:06.500 INFO] (\ready\main.js:3:16): Starting logger for file 'c:\Users\Sylicium\Documents\DirtyBiologystan\bot\DirtyBiology v2.0\bot\events\ready\main.js'
[27/03/2022 - 16:53:07.288 INFO] (\ready\main.js:7:12): Bot started
[27/03/2022 - 16:53:31.412 INFO] (\ready\main.js:3:16): Starting logger for file 'c:\Users\Sylicium\Documents\DirtyBiologystan\bot\DirtyBiology v2.0\bot\events\ready\main.js'
[27/03/2022 - 16:53:32.322 INFO] (\ready\main.js:7:12): Bot started
[27/03/2022 - 16:54:25.498 INFO] (\ready\main.js:3:16): Starting logger for file 'c:\Users\Sylicium\Documents\DirtyBiologystan\bot\DirtyBiology v2.0\bot\events\ready\main.js'
[27/03/2022 - 16:54:26.367 INFO] (\ready\main.js:7:12): Bot started
[27/03/2022 - 16:55:08.762 INFO] (\ready\main.js:3:16): Starting logger for file 'c:\Users\Sylicium\Documents\DirtyBiologystan\bot\DirtyBiology v2.0\bot\events\ready\main.js'
[27/03/2022 - 16:55:10.949 INFO] (\ready\main.js:7:12): Bot started
[27/03/2022 - 16:55:36.713 INFO] (\ready\main.js:3:16): Starting logger for file 'C:\Users\Sylicium\Documents\DirtyBiologystan\bot\DirtyBiology v2.0\bot\events\ready\main.js'
[27/03/2022 - 16:55:37.512 INFO] (\ready\main.js:7:12): Bot started
[27/03/2022 - 16:57:07.849 INFO] (\ready\main.js:3:16): Starting logger for file 'c:\Users\Sylicium\Documents\DirtyBiologystan\bot\DirtyBiology v2.0\bot\events\ready\main.js'
[27/03/2022 - 16:57:08.752 INFO] (\ready\main.js:7:12): Bot started
[27/03/2022 - 16:58:05.294 INFO] (\ready\main.js:3:16): Starting logger for file 'c:\Users\Sylicium\Documents\DirtyBiologystan\bot\DirtyBiology v2.0\bot\events\ready\main.js'
[27/03/2022 - 16:58:06.193 INFO] (\ready\main.js:7:12): Bot started
[27/03/2022 - 17:10:09.320 INFO] (\ready\main.js:3:16): Starting logger for file 'c:\Users\Sylicium\Documents\DirtyBiologystan\bot\DirtyBiology v2.0\bot\events\ready\main.js'
[27/03/2022 - 17:10:10.207 INFO] (\ready\main.js:7:12): Bot started
[27/03/2022 - 17:11:26.385 INFO] (\ready\main.js:3:16): Starting logger for file 'c:\Users\Sylicium\Documents\DirtyBiologystan\bot\DirtyBiology v2.0\bot\events\ready\main.js'
[27/03/2022 - 17:11:27.180 INFO] (\ready\main.js:7:12): Bot started
[27/03/2022 - 17:12:26.364 INFO] (\ready\main.js:3:16): Starting logger for file 'c:\Users\Sylicium\Documents\DirtyBiologystan\bot\DirtyBiology v2.0\bot\events\ready\main.js'
[27/03/2022 - 17:12:27.513 INFO] (\ready\main.js:7:12): Bot started
[27/03/2022 - 17:13:21.684 INFO] (\ready\main.js:3:16): Starting logger for file 'c:\Users\Sylicium\Documents\DirtyBiologystan\bot\DirtyBiology v2.0\bot\events\ready\main.js'
[27/03/2022 - 17:13:22.661 INFO] (\ready\main.js:7:12): Bot started
[27/03/2022 - 17:14:38.755 INFO] (\ready\main.js:3:16): Starting logger for file 'c:\Users\Sylicium\Documents\DirtyBiologystan\bot\DirtyBiology v2.0\bot\events\ready\main.js'
[27/03/2022 - 17:14:39.656 INFO] (\ready\main.js:7:12): Bot started
[27/03/2022 - 17:14:56.968 INFO] (\ready\main.js:3:16): Starting logger for file 'c:\Users\Sylicium\Documents\DirtyBiologystan\bot\DirtyBiology v2.0\bot\events\ready\main.js'
[27/03/2022 - 17:14:57.741 INFO] (\ready\main.js:7:12): Bot started
[27/03/2022 - 17:15:10.565 INFO] (\ready\main.js:3:16): Starting logger for file 'c:\Users\Sylicium\Documents\DirtyBiologystan\bot\DirtyBiology v2.0\bot\events\ready\main.js'
[27/03/2022 - 17:15:11.385 INFO] (\ready\main.js:7:12): Bot started
[10/04/2022 - 14:54:06.068 INFO] (\ready\main.js:3:16): Starting logger for file 'c:\Users\Sylicium\Documents\DirtyBiologystan\bot\DirtyBiology v2.0\bot\events\ready\main.js'
[10/04/2022 - 14:54:14.946 INFO] (\ready\main.js:7:12): Bot started
[10/04/2022 - 14:54:35.846 INFO] (\ready\main.js:3:16): Starting logger for file 'C:\Users\Sylicium\Documents\DirtyBiologystan\bot\DirtyBiology v2.0\bot\events\ready\main.js'
[10/04/2022 - 14:54:36.675 INFO] (\ready\main.js:7:12): Bot started
[10/04/2022 - 14:55:10.456 INFO] (\ready\main.js:3:16): Starting logger for file 'C:\Users\Sylicium\Documents\DirtyBiologystan\bot\DirtyBiology v2.0\bot\events\ready\main.js'
[10/04/2022 - 14:55:11.213 INFO] (\ready\main.js:7:12): Bot started
[10/04/2022 - 14:56:03.579 INFO] (\ready\main.js:3:16): Starting logger for file 'C:\Users\Sylicium\Documents\DirtyBiologystan\bot\DirtyBiology v2.0\bot\events\ready\main.js'
[10/04/2022 - 14:56:04.359 INFO] (\ready\main.js:7:12): Bot started
[10/04/2022 - 14:56:14.560 INFO] (\ready\main.js:3:16): Starting logger for file 'C:\Users\Sylicium\Documents\DirtyBiologystan\bot\DirtyBiology v2.0\bot\events\ready\main.js'
[10/04/2022 - 14:56:15.306 INFO] (\ready\main.js:7:12): Bot started
[10/04/2022 - 14:57:37.248 INFO] (\ready\main.js:3:16): Starting logger for file 'main\bot\events\ready\main.js'
[10/04/2022 - 14:57:38.003 INFO] (\ready\main.js:7:12): Bot started
[10/04/2022 - 14:59:19.606 INFO] (\ready\main.js:3:16): Starting logger for file 'main\bot\events\ready\main.js'
[10/04/2022 - 14:59:20.386 INFO] (\ready\main.js:7:12): Bot started
[10/04/2022 - 15:00:26.404 INFO] (\ready\main.js:3:16): Starting logger for file 'main\bot\events\ready\main.js'
[10/04/2022 - 15:00:27.233 INFO] (\ready\main.js:7:12): Bot started
[11/04/2022 - 00:02:20.606 INFO] (\ready\main.js:3:16): Starting logger for file 'main\bot\events\ready\main.js'
[11/04/2022 - 00:02:21.544 INFO] (\ready\main.js:7:12): Bot started
[21/04/2022 - 22:09:56.291 INFO] (\ready\main.js:3:16): Starting logger for file 'main\bot\events\ready\main.js'
[21/04/2022 - 22:09:57.682 INFO] (\ready\main.js:7:12): Bot started
[21/04/2022 - 22:16:05.354 INFO] (\ready\main.js:3:16): Starting logger for file 'c:\Users\Sylicium\Documents\DirtyBiologystan\bot\DirtyBiology v2.0\bot\events\ready\main.js'
[21/04/2022 - 22:16:06.751 INFO] (\ready\main.js:7:12): Bot started
[21/04/2022 - 22:16:36.704 INFO] (\ready\main.js:3:16): Starting logger for file 'c:\Users\Sylicium\Documents\DirtyBiologystan\bot\DirtyBiology v2.0\bot\events\ready\main.js'
[21/04/2022 - 22:16:38.009 INFO] (\ready\main.js:7:12): Bot started
[21/04/2022 - 22:17:13.819 INFO] (\ready\main.js:3:16): Starting logger for file 'c:\Users\Sylicium\Documents\DirtyBiologystan\bot\DirtyBiology v2.0\bot\events\ready\main.js'
[21/04/2022 - 22:17:15.119 INFO] (\ready\main.js:7:12): Bot started
[22/04/2022 - 19:57:45.071 INFO] (\ready\main.js:3:16): Starting logger for file 'c:\Users\Sylicium\Documents\DirtyBiologystan\bot\DirtyBiology v2.0\bot\events\ready\main.js'
[22/04/2022 - 19:57:45.993 INFO] (\ready\main.js:7:12): Bot started
[22/04/2022 - 19:58:58.526 INFO] (\ready\main.js:3:16): Starting logger for file 'c:\Users\Sylicium\Documents\DirtyBiologystan\bot\DirtyBiology v2.0\bot\events\ready\main.js'
[22/04/2022 - 19:58:59.333 INFO] (\ready\main.js:7:12): Bot started
[22/04/2022 - 19:59:28.573 INFO] (\ready\main.js:3:16): Starting logger for file 'c:\Users\Sylicium\Documents\DirtyBiologystan\bot\DirtyBiology v2.0\bot\events\ready\main.js'
[22/04/2022 - 19:59:29.388 INFO] (\ready\main.js:7:12): Bot started
[22/04/2022 - 20:00:36.814 INFO] (\ready\main.js:3:16): Starting logger for file 'c:\Users\Sylicium\Documents\DirtyBiologystan\bot\DirtyBiology v2.0\bot\events\ready\main.js'
[22/04/2022 - 20:00:37.623 INFO] (\ready\main.js:7:12): Bot started
[22/04/2022 - 20:00:45.912 INFO] (\ready\main.js:3:16): Starting logger for file 'c:\Users\Sylicium\Documents\DirtyBiologystan\bot\DirtyBiology v2.0\bot\events\ready\main.js'
[22/04/2022 - 20:00:46.687 INFO] (\ready\main.js:7:12): Bot started
[22/04/2022 - 20:01:02.735 INFO] (\ready\main.js:3:16): Starting logger for file 'c:\Users\Sylicium\Documents\DirtyBiologystan\bot\DirtyBiology v2.0\bot\events\ready\main.js'
[22/04/2022 - 20:01:03.741 INFO] (\ready\main.js:7:12): Bot started
[22/04/2022 - 20:01:37.254 INFO] (\ready\main.js:3:16): Starting logger for file 'c:\Users\Sylicium\Documents\DirtyBiologystan\bot\DirtyBiology v2.0\bot\events\ready\main.js'
[22/04/2022 - 20:01:38.037 INFO] (\ready\main.js:7:12): Bot started
[22/04/2022 - 22:04:20.746 INFO] (\ready\main.js:3:16): Starting logger for file 'c:\Users\Sylicium\Documents\DirtyBiologystan\bot\DirtyBiology v2.0\bot\events\ready\main.js'
[22/04/2022 - 22:04:21.613 INFO] (\ready\main.js:7:12): Bot started
[22/04/2022 - 22:11:29.232 INFO] (\ready\main.js:3:16): Starting logger for file 'c:\Users\Sylicium\Documents\DirtyBiologystan\bot\DirtyBiology v2.0\bot\events\ready\main.js'
[22/04/2022 - 22:11:30.168 INFO] (\ready\main.js:7:12): Bot started
[22/04/2022 - 22:37:18.275 INFO] (\ready\main.js:3:16): Starting logger for file 'c:\Users\Sylicium\Documents\DirtyBiologystan\bot\DirtyBiology v2.0\bot\events\ready\main.js'
[22/04/2022 - 22:37:19.142 INFO] (\ready\main.js:7:12): Bot started
[22/04/2022 - 22:37:38.837 INFO] (\ready\main.js:3:16): Starting logger for file 'c:\Users\Sylicium\Documents\DirtyBiologystan\bot\DirtyBiology v2.0\bot\events\ready\main.js'
[22/04/2022 - 22:37:39.714 INFO] (\ready\main.js:7:12): Bot started
[22/04/2022 - 22:38:06.036 INFO] (\ready\main.js:3:16): Starting logger for file 'c:\Users\Sylicium\Documents\DirtyBiologystan\bot\DirtyBiology v2.0\bot\events\ready\main.js'
[22/04/2022 - 22:38:06.903 INFO] (\ready\main.js:7:12): Bot started
[22/04/2022 - 22:38:26.947 INFO] (\ready\main.js:3:16): Starting logger for file 'c:\Users\Sylicium\Documents\DirtyBiologystan\bot\DirtyBiology v2.0\bot\events\ready\main.js'
[22/04/2022 - 22:38:27.810 INFO] (\ready\main.js:7:12): Bot started
[22/04/2022 - 22:38:45.585 INFO] (\ready\main.js:3:16): Starting logger for file 'c:\Users\Sylicium\Documents\DirtyBiologystan\bot\DirtyBiology v2.0\bot\events\ready\main.js'
[22/04/2022 - 22:38:46.477 INFO] (\ready\main.js:7:12): Bot started
[22/04/2022 - 22:39:26.758 INFO] (\ready\main.js:3:16): Starting logger for file 'c:\Users\Sylicium\Documents\DirtyBiologystan\bot\DirtyBiology v2.0\bot\events\ready\main.js'
[22/04/2022 - 22:39:27.654 INFO] (\ready\main.js:7:12): Bot started
[22/04/2022 - 22:39:51.020 INFO] (\ready\main.js:3:16): Starting logger for file 'c:\Users\Sylicium\Documents\DirtyBiologystan\bot\DirtyBiology v2.0\bot\events\ready\main.js'
[22/04/2022 - 22:39:51.873 INFO] (\ready\main.js:7:12): Bot started
[22/04/2022 - 22:40:12.364 INFO] (\ready\main.js:3:16): Starting logger for file 'c:\Users\Sylicium\Documents\DirtyBiologystan\bot\DirtyBiology v2.0\bot\events\ready\main.js'
[22/04/2022 - 22:40:13.229 INFO] (\ready\main.js:7:12): Bot started
[02/05/2022 - 20:36:15.804 INFO] (\ready\main.js:7:12): Bot started
[05/05/2022 - 22:15:06.265 INFO] (\ready\main.js:7:12): Bot started
[31/05/2022 - 19:17:29.462 INFO] (\ready\main.js:7:12): Bot started
[01/06/2022 - 21:32:18.147 INFO] (\ready\main.js:7:12): Bot started
[01/06/2022 - 21:33:09.011 INFO] (\ready\main.js:7:12): Bot started
[01/06/2022 - 21:33:49.173 INFO] (\ready\main.js:7:12): Bot started
[18/06/2022 - 10:57:36.523 INFO] (\ready\main.js:7:12): Bot started
[18/06/2022 - 11:08:47.052 INFO] (\ready\main.js:7:12): Bot started
[18/06/2022 - 11:08:47.054 INFO] (\ready\main.js:7:12): Bot started
[18/06/2022 - 11:09:49.819 INFO] (\ready\main.js:7:12): Bot started
[18/06/2022 - 11:11:05.870 INFO] (\ready\main.js:7:12): Bot started
