File created on 27/03/2022 at 15:53:58.474

[27/03/2022 - 15:53:58.476 INFO] (!n> BotCMD:ping.js): Starting logger for file 'c:\Users\Sylicium\Documents\DirtyBiologystan\bot\DirtyBiology v2.0\bot\commands\guild\mywarns.js'
[27/03/2022 - 15:55:36.073 INFO] (!n> BotCMD:ping.js): Starting logger for file 'c:\Users\Sylicium\Documents\DirtyBiologystan\bot\DirtyBiology v2.0\bot\commands\guild\mywarns.js'
[27/03/2022 - 16:03:02.378 INFO] (\guild\mywarns.js:4:16): Starting logger for file 'c:\Users\Sylicium\Documents\DirtyBiologystan\bot\DirtyBiology v2.0\bot\commands\guild\mywarns.js'
[27/03/2022 - 16:03:49.826 INFO] (\guild\mywarns.js:4:16): Starting logger for file 'c:\Users\Sylicium\Documents\DirtyBiologystan\bot\DirtyBiology v2.0\bot\commands\guild\mywarns.js'
[27/03/2022 - 16:04:33.135 INFO] (\guild\mywarns.js:4:16): Starting logger for file 'c:\Users\Sylicium\Documents\DirtyBiologystan\bot\DirtyBiology v2.0\bot\commands\guild\mywarns.js'
[27/03/2022 - 16:05:06.189 INFO] (\guild\mywarns.js:4:16): Starting logger for file 'c:\Users\Sylicium\Documents\DirtyBiologystan\bot\DirtyBiology v2.0\bot\commands\guild\mywarns.js'
[27/03/2022 - 16:05:16.838 INFO] (\guild\mywarns.js:4:16): Starting logger for file 'c:\Users\Sylicium\Documents\DirtyBiologystan\bot\DirtyBiology v2.0\bot\commands\guild\mywarns.js'
[27/03/2022 - 16:05:43.923 INFO] (\guild\mywarns.js:4:16): Starting logger for file 'c:\Users\Sylicium\Documents\DirtyBiologystan\bot\DirtyBiology v2.0\bot\commands\guild\mywarns.js'
[27/03/2022 - 16:06:48.833 INFO] (\guild\mywarns.js:4:16): Starting logger for file 'c:\Users\Sylicium\Documents\DirtyBiologystan\bot\DirtyBiology v2.0\bot\commands\guild\mywarns.js'
[27/03/2022 - 16:11:50.529 INFO] (\guild\mywarns.js:4:16): Starting logger for file 'c:\Users\Sylicium\Documents\DirtyBiologystan\bot\DirtyBiology v2.0\bot\commands\guild\mywarns.js'
[27/03/2022 - 16:13:00.763 INFO] (\guild\mywarns.js:4:16): Starting logger for file 'c:\Users\Sylicium\Documents\DirtyBiologystan\bot\DirtyBiology v2.0\bot\commands\guild\mywarns.js'
[27/03/2022 - 16:13:16.830 INFO] (\guild\mywarns.js:4:16): Starting logger for file 'c:\Users\Sylicium\Documents\DirtyBiologystan\bot\DirtyBiology v2.0\bot\commands\guild\mywarns.js'
[27/03/2022 - 16:19:51.360 INFO] (\guild\mywarns.js:4:16): Starting logger for file 'c:\Users\Sylicium\Documents\DirtyBiologystan\bot\DirtyBiology v2.0\bot\commands\guild\mywarns.js'
[27/03/2022 - 16:20:15.185 INFO] (\guild\mywarns.js:4:16): Starting logger for file 'c:\Users\Sylicium\Documents\DirtyBiologystan\bot\DirtyBiology v2.0\bot\commands\guild\mywarns.js'
[27/03/2022 - 16:20:44.310 INFO] (\guild\mywarns.js:4:16): Starting logger for file 'c:\Users\Sylicium\Documents\DirtyBiologystan\bot\DirtyBiology v2.0\bot\commands\guild\mywarns.js'
[27/03/2022 - 16:43:54.317 INFO] (\guild\mywarns.js:4:16): "Starting logger for file 'c:\\Users\\Sylicium\\Documents\\DirtyBiologystan\\bot\\DirtyBiology v2.0\\bot\\commands\\guild\\mywarns.js'"
[27/03/2022 - 16:45:12.880 INFO] (\guild\mywarns.js:4:16): 
[27/03/2022 - 16:46:11.124 INFO] (\guild\mywarns.js:4:16): 
[27/03/2022 - 16:47:26.927 INFO] (\guild\mywarns.js:4:16): Starting logger for file 'c:\Users\Sylicium\Documents\DirtyBiologystan\bot\DirtyBiology v2.0\bot\commands\guild\mywarns.js'
[27/03/2022 - 16:48:10.164 INFO] (\guild\mywarns.js:4:16): Starting logger for file 'c:\Users\Sylicium\Documents\DirtyBiologystan\bot\DirtyBiology v2.0\bot\commands\guild\mywarns.js'
[27/03/2022 - 16:48:56.112 INFO] (\guild\mywarns.js:4:16): Starting logger for file 'c:\Users\Sylicium\Documents\DirtyBiologystan\bot\DirtyBiology v2.0\bot\commands\guild\mywarns.js'
[27/03/2022 - 16:50:16.624 INFO] (\guild\mywarns.js:4:16): Starting logger for file 'c:\Users\Sylicium\Documents\DirtyBiologystan\bot\DirtyBiology v2.0\bot\commands\guild\mywarns.js'
[27/03/2022 - 16:50:32.694 INFO] (\guild\mywarns.js:4:16): Starting logger for file 'c:\Users\Sylicium\Documents\DirtyBiologystan\bot\DirtyBiology v2.0\bot\commands\guild\mywarns.js'
[27/03/2022 - 16:51:13.252 INFO] (\guild\mywarns.js:4:16): Starting logger for file 'c:\Users\Sylicium\Documents\DirtyBiologystan\bot\DirtyBiology v2.0\bot\commands\guild\mywarns.js'
[27/03/2022 - 16:52:37.639 INFO] (\guild\mywarns.js:4:16): Starting logger for file 'c:\Users\Sylicium\Documents\DirtyBiologystan\bot\DirtyBiology v2.0\bot\commands\guild\mywarns.js'
[27/03/2022 - 16:53:06.512 INFO] (\guild\mywarns.js:4:16): Starting logger for file 'c:\Users\Sylicium\Documents\DirtyBiologystan\bot\DirtyBiology v2.0\bot\commands\guild\mywarns.js'
[27/03/2022 - 16:53:31.429 INFO] (\guild\mywarns.js:4:16): Starting logger for file 'c:\Users\Sylicium\Documents\DirtyBiologystan\bot\DirtyBiology v2.0\bot\commands\guild\mywarns.js'
[27/03/2022 - 16:54:25.519 INFO] (\guild\mywarns.js:4:16): Starting logger for file 'c:\Users\Sylicium\Documents\DirtyBiologystan\bot\DirtyBiology v2.0\bot\commands\guild\mywarns.js'
[27/03/2022 - 16:55:08.775 INFO] (\guild\mywarns.js:4:16): Starting logger for file 'c:\Users\Sylicium\Documents\DirtyBiologystan\bot\DirtyBiology v2.0\bot\commands\guild\mywarns.js'
[27/03/2022 - 16:55:36.722 INFO] (\guild\mywarns.js:4:16): Starting logger for file 'C:\Users\Sylicium\Documents\DirtyBiologystan\bot\DirtyBiology v2.0\bot\commands\guild\mywarns.js'
[27/03/2022 - 16:57:07.862 INFO] (\guild\mywarns.js:4:16): Starting logger for file 'c:\Users\Sylicium\Documents\DirtyBiologystan\bot\DirtyBiology v2.0\bot\commands\guild\mywarns.js'
[27/03/2022 - 16:58:05.307 INFO] (\guild\mywarns.js:4:16): Starting logger for file 'c:\Users\Sylicium\Documents\DirtyBiologystan\bot\DirtyBiology v2.0\bot\commands\guild\mywarns.js'
[27/03/2022 - 17:10:09.331 INFO] (\guild\mywarns.js:4:16): Starting logger for file 'c:\Users\Sylicium\Documents\DirtyBiologystan\bot\DirtyBiology v2.0\bot\commands\guild\mywarns.js'
[27/03/2022 - 17:11:26.396 INFO] (\guild\mywarns.js:4:16): Starting logger for file 'c:\Users\Sylicium\Documents\DirtyBiologystan\bot\DirtyBiology v2.0\bot\commands\guild\mywarns.js'
[27/03/2022 - 17:12:26.382 INFO] (\guild\mywarns.js:4:16): Starting logger for file 'c:\Users\Sylicium\Documents\DirtyBiologystan\bot\DirtyBiology v2.0\bot\commands\guild\mywarns.js'
[27/03/2022 - 17:13:21.695 INFO] (\guild\mywarns.js:4:16): Starting logger for file 'c:\Users\Sylicium\Documents\DirtyBiologystan\bot\DirtyBiology v2.0\bot\commands\guild\mywarns.js'
[27/03/2022 - 17:14:38.767 INFO] (\guild\mywarns.js:4:16): Starting logger for file 'c:\Users\Sylicium\Documents\DirtyBiologystan\bot\DirtyBiology v2.0\bot\commands\guild\mywarns.js'
[27/03/2022 - 17:14:56.979 INFO] (\guild\mywarns.js:4:16): Starting logger for file 'c:\Users\Sylicium\Documents\DirtyBiologystan\bot\DirtyBiology v2.0\bot\commands\guild\mywarns.js'
[27/03/2022 - 17:15:10.583 INFO] (\guild\mywarns.js:4:16): Starting logger for file 'c:\Users\Sylicium\Documents\DirtyBiologystan\bot\DirtyBiology v2.0\bot\commands\guild\mywarns.js'
[10/04/2022 - 14:54:06.081 INFO] (\guild\mywarns.js:4:16): Starting logger for file 'c:\Users\Sylicium\Documents\DirtyBiologystan\bot\DirtyBiology v2.0\bot\commands\guild\mywarns.js'
[10/04/2022 - 14:54:35.862 INFO] (\guild\mywarns.js:4:16): Starting logger for file 'C:\Users\Sylicium\Documents\DirtyBiologystan\bot\DirtyBiology v2.0\bot\commands\guild\mywarns.js'
[10/04/2022 - 14:55:10.467 INFO] (\guild\mywarns.js:4:16): Starting logger for file 'C:\Users\Sylicium\Documents\DirtyBiologystan\bot\DirtyBiology v2.0\bot\commands\guild\mywarns.js'
[10/04/2022 - 14:56:03.588 INFO] (\guild\mywarns.js:4:16): Starting logger for file 'C:\Users\Sylicium\Documents\DirtyBiologystan\bot\DirtyBiology v2.0\bot\commands\guild\mywarns.js'
[10/04/2022 - 14:56:14.571 INFO] (\guild\mywarns.js:4:16): Starting logger for file 'C:\Users\Sylicium\Documents\DirtyBiologystan\bot\DirtyBiology v2.0\bot\commands\guild\mywarns.js'
[10/04/2022 - 14:57:37.258 INFO] (\guild\mywarns.js:4:16): Starting logger for file 'main\bot\commands\guild\mywarns.js'
[10/04/2022 - 14:59:19.619 INFO] (\guild\mywarns.js:4:16): Starting logger for file 'main\bot\commands\guild\mywarns.js'
[10/04/2022 - 15:00:26.416 INFO] (\guild\mywarns.js:4:16): Starting logger for file 'main\bot\commands\guild\mywarns.js'
[11/04/2022 - 00:02:20.617 INFO] (\guild\mywarns.js:4:16): Starting logger for file 'main\bot\commands\guild\mywarns.js'
[21/04/2022 - 22:09:56.304 INFO] (\guild\mywarns.js:4:16): Starting logger for file 'main\bot\commands\guild\mywarns.js'
[21/04/2022 - 22:16:05.371 INFO] (\guild\mywarns.js:4:16): Starting logger for file 'c:\Users\Sylicium\Documents\DirtyBiologystan\bot\DirtyBiology v2.0\bot\commands\guild\mywarns.js'
[21/04/2022 - 22:16:36.717 INFO] (\guild\mywarns.js:4:16): Starting logger for file 'c:\Users\Sylicium\Documents\DirtyBiologystan\bot\DirtyBiology v2.0\bot\commands\guild\mywarns.js'
[21/04/2022 - 22:17:13.839 INFO] (\guild\mywarns.js:4:16): Starting logger for file 'c:\Users\Sylicium\Documents\DirtyBiologystan\bot\DirtyBiology v2.0\bot\commands\guild\mywarns.js'
[22/04/2022 - 19:57:45.084 INFO] (\guild\mywarns.js:4:16): Starting logger for file 'c:\Users\Sylicium\Documents\DirtyBiologystan\bot\DirtyBiology v2.0\bot\commands\guild\mywarns.js'
[22/04/2022 - 19:58:58.535 INFO] (\guild\mywarns.js:4:16): Starting logger for file 'c:\Users\Sylicium\Documents\DirtyBiologystan\bot\DirtyBiology v2.0\bot\commands\guild\mywarns.js'
[22/04/2022 - 19:59:28.586 INFO] (\guild\mywarns.js:4:16): Starting logger for file 'c:\Users\Sylicium\Documents\DirtyBiologystan\bot\DirtyBiology v2.0\bot\commands\guild\mywarns.js'
[22/04/2022 - 20:00:36.824 INFO] (\guild\mywarns.js:4:16): Starting logger for file 'c:\Users\Sylicium\Documents\DirtyBiologystan\bot\DirtyBiology v2.0\bot\commands\guild\mywarns.js'
[22/04/2022 - 20:00:45.923 INFO] (\guild\mywarns.js:4:16): Starting logger for file 'c:\Users\Sylicium\Documents\DirtyBiologystan\bot\DirtyBiology v2.0\bot\commands\guild\mywarns.js'
[22/04/2022 - 20:01:02.748 INFO] (\guild\mywarns.js:4:16): Starting logger for file 'c:\Users\Sylicium\Documents\DirtyBiologystan\bot\DirtyBiology v2.0\bot\commands\guild\mywarns.js'
[22/04/2022 - 20:01:37.267 INFO] (\guild\mywarns.js:4:16): Starting logger for file 'c:\Users\Sylicium\Documents\DirtyBiologystan\bot\DirtyBiology v2.0\bot\commands\guild\mywarns.js'
[22/04/2022 - 22:04:20.757 INFO] (\guild\mywarns.js:4:16): Starting logger for file 'c:\Users\Sylicium\Documents\DirtyBiologystan\bot\DirtyBiology v2.0\bot\commands\guild\mywarns.js'
[22/04/2022 - 22:11:29.262 INFO] (\guild\mywarns.js:4:16): Starting logger for file 'c:\Users\Sylicium\Documents\DirtyBiologystan\bot\DirtyBiology v2.0\bot\commands\guild\mywarns.js'
[22/04/2022 - 22:37:18.292 INFO] (\guild\mywarns.js:4:16): Starting logger for file 'c:\Users\Sylicium\Documents\DirtyBiologystan\bot\DirtyBiology v2.0\bot\commands\guild\mywarns.js'
[22/04/2022 - 22:37:38.852 INFO] (\guild\mywarns.js:4:16): Starting logger for file 'c:\Users\Sylicium\Documents\DirtyBiologystan\bot\DirtyBiology v2.0\bot\commands\guild\mywarns.js'
[22/04/2022 - 22:38:06.054 INFO] (\guild\mywarns.js:4:16): Starting logger for file 'c:\Users\Sylicium\Documents\DirtyBiologystan\bot\DirtyBiology v2.0\bot\commands\guild\mywarns.js'
[22/04/2022 - 22:38:26.961 INFO] (\guild\mywarns.js:4:16): Starting logger for file 'c:\Users\Sylicium\Documents\DirtyBiologystan\bot\DirtyBiology v2.0\bot\commands\guild\mywarns.js'
[22/04/2022 - 22:38:45.626 INFO] (\guild\mywarns.js:4:16): Starting logger for file 'c:\Users\Sylicium\Documents\DirtyBiologystan\bot\DirtyBiology v2.0\bot\commands\guild\mywarns.js'
[22/04/2022 - 22:39:26.774 INFO] (\guild\mywarns.js:4:16): Starting logger for file 'c:\Users\Sylicium\Documents\DirtyBiologystan\bot\DirtyBiology v2.0\bot\commands\guild\mywarns.js'
[22/04/2022 - 22:39:51.045 INFO] (\guild\mywarns.js:4:16): Starting logger for file 'c:\Users\Sylicium\Documents\DirtyBiologystan\bot\DirtyBiology v2.0\bot\commands\guild\mywarns.js'
[22/04/2022 - 22:40:12.376 INFO] (\guild\mywarns.js:4:16): Starting logger for file 'c:\Users\Sylicium\Documents\DirtyBiologystan\bot\DirtyBiology v2.0\bot\commands\guild\mywarns.js'
