File created on 27/03/2022 at 15:53:58.480

[27/03/2022 - 15:53:58.481 INFO] (!n> BotCMD:ping.js): Starting logger for file 'c:\Users\Sylicium\Documents\DirtyBiologystan\bot\DirtyBiology v2.0\bot\commands\guild\ping.js'
[27/03/2022 - 15:55:36.081 INFO] (!n> BotCMD:ping.js): Starting logger for file 'c:\Users\Sylicium\Documents\DirtyBiologystan\bot\DirtyBiology v2.0\bot\commands\guild\ping.js'
[27/03/2022 - 16:03:02.387 INFO] (\guild\ping.js:4:16): Starting logger for file 'c:\Users\Sylicium\Documents\DirtyBiologystan\bot\DirtyBiology v2.0\bot\commands\guild\ping.js'
[27/03/2022 - 16:03:49.829 INFO] (\guild\ping.js:4:16): Starting logger for file 'c:\Users\Sylicium\Documents\DirtyBiologystan\bot\DirtyBiology v2.0\bot\commands\guild\ping.js'
[27/03/2022 - 16:04:33.140 INFO] (\guild\ping.js:4:16): Starting logger for file 'c:\Users\Sylicium\Documents\DirtyBiologystan\bot\DirtyBiology v2.0\bot\commands\guild\ping.js'
[27/03/2022 - 16:05:06.195 INFO] (\guild\ping.js:4:16): Starting logger for file 'c:\Users\Sylicium\Documents\DirtyBiologystan\bot\DirtyBiology v2.0\bot\commands\guild\ping.js'
[27/03/2022 - 16:05:16.843 INFO] (\guild\ping.js:4:16): Starting logger for file 'c:\Users\Sylicium\Documents\DirtyBiologystan\bot\DirtyBiology v2.0\bot\commands\guild\ping.js'
[27/03/2022 - 16:05:43.928 INFO] (\guild\ping.js:4:16): Starting logger for file 'c:\Users\Sylicium\Documents\DirtyBiologystan\bot\DirtyBiology v2.0\bot\commands\guild\ping.js'
[27/03/2022 - 16:06:48.836 INFO] (\guild\ping.js:4:16): Starting logger for file 'c:\Users\Sylicium\Documents\DirtyBiologystan\bot\DirtyBiology v2.0\bot\commands\guild\ping.js'
[27/03/2022 - 16:11:50.535 INFO] (\guild\ping.js:4:16): Starting logger for file 'c:\Users\Sylicium\Documents\DirtyBiologystan\bot\DirtyBiology v2.0\bot\commands\guild\ping.js'
[27/03/2022 - 16:13:00.769 INFO] (\guild\ping.js:4:16): Starting logger for file 'c:\Users\Sylicium\Documents\DirtyBiologystan\bot\DirtyBiology v2.0\bot\commands\guild\ping.js'
[27/03/2022 - 16:13:16.837 INFO] (\guild\ping.js:4:16): Starting logger for file 'c:\Users\Sylicium\Documents\DirtyBiologystan\bot\DirtyBiology v2.0\bot\commands\guild\ping.js'
[27/03/2022 - 16:19:51.370 INFO] (\guild\ping.js:4:16): Starting logger for file 'c:\Users\Sylicium\Documents\DirtyBiologystan\bot\DirtyBiology v2.0\bot\commands\guild\ping.js'
[27/03/2022 - 16:20:15.192 INFO] (\guild\ping.js:4:16): Starting logger for file 'c:\Users\Sylicium\Documents\DirtyBiologystan\bot\DirtyBiology v2.0\bot\commands\guild\ping.js'
[27/03/2022 - 16:20:44.314 INFO] (\guild\ping.js:4:16): Starting logger for file 'c:\Users\Sylicium\Documents\DirtyBiologystan\bot\DirtyBiology v2.0\bot\commands\guild\ping.js'
[27/03/2022 - 16:43:54.323 INFO] (\guild\ping.js:4:16): "Starting logger for file 'c:\\Users\\Sylicium\\Documents\\DirtyBiologystan\\bot\\DirtyBiology v2.0\\bot\\commands\\guild\\ping.js'"
[27/03/2022 - 16:45:12.885 INFO] (\guild\ping.js:4:16): 
[27/03/2022 - 16:46:11.131 INFO] (\guild\ping.js:4:16): 
[27/03/2022 - 16:47:26.932 INFO] (\guild\ping.js:4:16): Starting logger for file 'c:\Users\Sylicium\Documents\DirtyBiologystan\bot\DirtyBiology v2.0\bot\commands\guild\ping.js'
[27/03/2022 - 16:48:10.167 INFO] (\guild\ping.js:4:16): Starting logger for file 'c:\Users\Sylicium\Documents\DirtyBiologystan\bot\DirtyBiology v2.0\bot\commands\guild\ping.js'
[27/03/2022 - 16:48:56.117 INFO] (\guild\ping.js:4:16): Starting logger for file 'c:\Users\Sylicium\Documents\DirtyBiologystan\bot\DirtyBiology v2.0\bot\commands\guild\ping.js'
[27/03/2022 - 16:50:16.628 INFO] (\guild\ping.js:4:16): Starting logger for file 'c:\Users\Sylicium\Documents\DirtyBiologystan\bot\DirtyBiology v2.0\bot\commands\guild\ping.js'
[27/03/2022 - 16:50:32.700 INFO] (\guild\ping.js:4:16): Starting logger for file 'c:\Users\Sylicium\Documents\DirtyBiologystan\bot\DirtyBiology v2.0\bot\commands\guild\ping.js'
[27/03/2022 - 16:51:13.259 INFO] (\guild\ping.js:4:16): Starting logger for file 'c:\Users\Sylicium\Documents\DirtyBiologystan\bot\DirtyBiology v2.0\bot\commands\guild\ping.js'
[27/03/2022 - 16:52:37.644 INFO] (\guild\ping.js:4:16): Starting logger for file 'c:\Users\Sylicium\Documents\DirtyBiologystan\bot\DirtyBiology v2.0\bot\commands\guild\ping.js'
[27/03/2022 - 16:53:06.518 INFO] (\guild\ping.js:4:16): Starting logger for file 'c:\Users\Sylicium\Documents\DirtyBiologystan\bot\DirtyBiology v2.0\bot\commands\guild\ping.js'
[27/03/2022 - 16:53:31.434 INFO] (\guild\ping.js:4:16): Starting logger for file 'c:\Users\Sylicium\Documents\DirtyBiologystan\bot\DirtyBiology v2.0\bot\commands\guild\ping.js'
[27/03/2022 - 16:54:25.539 INFO] (\guild\ping.js:4:16): Starting logger for file 'c:\Users\Sylicium\Documents\DirtyBiologystan\bot\DirtyBiology v2.0\bot\commands\guild\ping.js'
[27/03/2022 - 16:55:08.780 INFO] (\guild\ping.js:4:16): Starting logger for file 'c:\Users\Sylicium\Documents\DirtyBiologystan\bot\DirtyBiology v2.0\bot\commands\guild\ping.js'
[27/03/2022 - 16:55:36.726 INFO] (\guild\ping.js:4:16): Starting logger for file 'C:\Users\Sylicium\Documents\DirtyBiologystan\bot\DirtyBiology v2.0\bot\commands\guild\ping.js'
[27/03/2022 - 16:57:07.866 INFO] (\guild\ping.js:4:16): Starting logger for file 'c:\Users\Sylicium\Documents\DirtyBiologystan\bot\DirtyBiology v2.0\bot\commands\guild\ping.js'
[27/03/2022 - 16:58:05.312 INFO] (\guild\ping.js:4:16): Starting logger for file 'c:\Users\Sylicium\Documents\DirtyBiologystan\bot\DirtyBiology v2.0\bot\commands\guild\ping.js'
[27/03/2022 - 17:10:09.336 INFO] (\guild\ping.js:4:16): Starting logger for file 'c:\Users\Sylicium\Documents\DirtyBiologystan\bot\DirtyBiology v2.0\bot\commands\guild\ping.js'
[27/03/2022 - 17:11:26.402 INFO] (\guild\ping.js:4:16): Starting logger for file 'c:\Users\Sylicium\Documents\DirtyBiologystan\bot\DirtyBiology v2.0\bot\commands\guild\ping.js'
[27/03/2022 - 17:12:26.393 INFO] (\guild\ping.js:4:16): Starting logger for file 'c:\Users\Sylicium\Documents\DirtyBiologystan\bot\DirtyBiology v2.0\bot\commands\guild\ping.js'
[27/03/2022 - 17:13:21.700 INFO] (\guild\ping.js:4:16): Starting logger for file 'c:\Users\Sylicium\Documents\DirtyBiologystan\bot\DirtyBiology v2.0\bot\commands\guild\ping.js'
[27/03/2022 - 17:14:38.773 INFO] (\guild\ping.js:4:16): Starting logger for file 'c:\Users\Sylicium\Documents\DirtyBiologystan\bot\DirtyBiology v2.0\bot\commands\guild\ping.js'
[27/03/2022 - 17:14:56.984 INFO] (\guild\ping.js:4:16): Starting logger for file 'c:\Users\Sylicium\Documents\DirtyBiologystan\bot\DirtyBiology v2.0\bot\commands\guild\ping.js'
[27/03/2022 - 17:15:10.587 INFO] (\guild\ping.js:4:16): Starting logger for file 'c:\Users\Sylicium\Documents\DirtyBiologystan\bot\DirtyBiology v2.0\bot\commands\guild\ping.js'
[10/04/2022 - 14:54:06.085 INFO] (\guild\ping.js:4:16): Starting logger for file 'c:\Users\Sylicium\Documents\DirtyBiologystan\bot\DirtyBiology v2.0\bot\commands\guild\ping.js'
[10/04/2022 - 14:54:35.871 INFO] (\guild\ping.js:4:16): Starting logger for file 'C:\Users\Sylicium\Documents\DirtyBiologystan\bot\DirtyBiology v2.0\bot\commands\guild\ping.js'
[10/04/2022 - 14:55:10.470 INFO] (\guild\ping.js:4:16): Starting logger for file 'C:\Users\Sylicium\Documents\DirtyBiologystan\bot\DirtyBiology v2.0\bot\commands\guild\ping.js'
[10/04/2022 - 14:56:03.591 INFO] (\guild\ping.js:4:16): Starting logger for file 'C:\Users\Sylicium\Documents\DirtyBiologystan\bot\DirtyBiology v2.0\bot\commands\guild\ping.js'
[10/04/2022 - 14:56:14.575 INFO] (\guild\ping.js:4:16): Starting logger for file 'C:\Users\Sylicium\Documents\DirtyBiologystan\bot\DirtyBiology v2.0\bot\commands\guild\ping.js'
[10/04/2022 - 14:57:37.263 INFO] (\guild\ping.js:4:16): Starting logger for file 'main\bot\commands\guild\ping.js'
[10/04/2022 - 14:59:19.624 INFO] (\guild\ping.js:4:16): Starting logger for file 'main\bot\commands\guild\ping.js'
[10/04/2022 - 14:59:26.949 LOG] (\guild\ping.js:24:16): ping.js guild extended:,
[10/04/2022 - 14:59:33.983 LOG] (\guild\ping.js:24:16): ping.js guild extended:,
[10/04/2022 - 14:59:34.973 LOG] (\guild\ping.js:24:16): ping.js guild extended:,
[10/04/2022 - 14:59:35.267 LOG] (\guild\ping.js:24:16): ping.js guild extended:,
[10/04/2022 - 14:59:35.585 LOG] (\guild\ping.js:24:16): ping.js guild extended:,
[10/04/2022 - 14:59:36.209 LOG] (\guild\ping.js:24:16): ping.js guild extended:,
[10/04/2022 - 15:00:26.423 INFO] (\guild\ping.js:4:16): Starting logger for file 'main\bot\commands\guild\ping.js'
[11/04/2022 - 00:02:20.620 INFO] (\guild\ping.js:4:16): Starting logger for file 'main\bot\commands\guild\ping.js'
[21/04/2022 - 22:09:56.308 INFO] (\guild\ping.js:4:16): Starting logger for file 'main\bot\commands\guild\ping.js'
[21/04/2022 - 22:16:05.380 INFO] (\guild\ping.js:4:16): Starting logger for file 'c:\Users\Sylicium\Documents\DirtyBiologystan\bot\DirtyBiology v2.0\bot\commands\guild\ping.js'
[21/04/2022 - 22:16:36.722 INFO] (\guild\ping.js:4:16): Starting logger for file 'c:\Users\Sylicium\Documents\DirtyBiologystan\bot\DirtyBiology v2.0\bot\commands\guild\ping.js'
[21/04/2022 - 22:17:13.847 INFO] (\guild\ping.js:4:16): Starting logger for file 'c:\Users\Sylicium\Documents\DirtyBiologystan\bot\DirtyBiology v2.0\bot\commands\guild\ping.js'
[22/04/2022 - 19:57:45.089 INFO] (\guild\ping.js:4:16): Starting logger for file 'c:\Users\Sylicium\Documents\DirtyBiologystan\bot\DirtyBiology v2.0\bot\commands\guild\ping.js'
[22/04/2022 - 19:58:58.540 INFO] (\guild\ping.js:4:16): Starting logger for file 'c:\Users\Sylicium\Documents\DirtyBiologystan\bot\DirtyBiology v2.0\bot\commands\guild\ping.js'
[22/04/2022 - 19:59:28.592 INFO] (\guild\ping.js:4:16): Starting logger for file 'c:\Users\Sylicium\Documents\DirtyBiologystan\bot\DirtyBiology v2.0\bot\commands\guild\ping.js'
[22/04/2022 - 20:00:36.828 INFO] (\guild\ping.js:4:16): Starting logger for file 'c:\Users\Sylicium\Documents\DirtyBiologystan\bot\DirtyBiology v2.0\bot\commands\guild\ping.js'
[22/04/2022 - 20:00:45.929 INFO] (\guild\ping.js:4:16): Starting logger for file 'c:\Users\Sylicium\Documents\DirtyBiologystan\bot\DirtyBiology v2.0\bot\commands\guild\ping.js'
[22/04/2022 - 20:01:02.753 INFO] (\guild\ping.js:4:16): Starting logger for file 'c:\Users\Sylicium\Documents\DirtyBiologystan\bot\DirtyBiology v2.0\bot\commands\guild\ping.js'
[22/04/2022 - 20:01:37.276 INFO] (\guild\ping.js:4:16): Starting logger for file 'c:\Users\Sylicium\Documents\DirtyBiologystan\bot\DirtyBiology v2.0\bot\commands\guild\ping.js'
[22/04/2022 - 20:12:24.257 LOG] (\guild\ping.js:24:16): ping.js guild extended:,
[22/04/2022 - 22:04:20.760 INFO] (\guild\ping.js:4:16): Starting logger for file 'c:\Users\Sylicium\Documents\DirtyBiologystan\bot\DirtyBiology v2.0\bot\commands\guild\ping.js'
[22/04/2022 - 22:11:29.270 INFO] (\guild\ping.js:4:16): Starting logger for file 'c:\Users\Sylicium\Documents\DirtyBiologystan\bot\DirtyBiology v2.0\bot\commands\guild\ping.js'
[22/04/2022 - 22:37:18.297 INFO] (\guild\ping.js:4:16): Starting logger for file 'c:\Users\Sylicium\Documents\DirtyBiologystan\bot\DirtyBiology v2.0\bot\commands\guild\ping.js'
[22/04/2022 - 22:37:38.858 INFO] (\guild\ping.js:4:16): Starting logger for file 'c:\Users\Sylicium\Documents\DirtyBiologystan\bot\DirtyBiology v2.0\bot\commands\guild\ping.js'
[22/04/2022 - 22:38:06.059 INFO] (\guild\ping.js:4:16): Starting logger for file 'c:\Users\Sylicium\Documents\DirtyBiologystan\bot\DirtyBiology v2.0\bot\commands\guild\ping.js'
[22/04/2022 - 22:38:26.973 INFO] (\guild\ping.js:4:16): Starting logger for file 'c:\Users\Sylicium\Documents\DirtyBiologystan\bot\DirtyBiology v2.0\bot\commands\guild\ping.js'
[22/04/2022 - 22:38:45.646 INFO] (\guild\ping.js:4:16): Starting logger for file 'c:\Users\Sylicium\Documents\DirtyBiologystan\bot\DirtyBiology v2.0\bot\commands\guild\ping.js'
[22/04/2022 - 22:39:26.781 INFO] (\guild\ping.js:4:16): Starting logger for file 'c:\Users\Sylicium\Documents\DirtyBiologystan\bot\DirtyBiology v2.0\bot\commands\guild\ping.js'
[22/04/2022 - 22:39:51.054 INFO] (\guild\ping.js:4:16): Starting logger for file 'c:\Users\Sylicium\Documents\DirtyBiologystan\bot\DirtyBiology v2.0\bot\commands\guild\ping.js'
[22/04/2022 - 22:40:12.380 INFO] (\guild\ping.js:4:16): Starting logger for file 'c:\Users\Sylicium\Documents\DirtyBiologystan\bot\DirtyBiology v2.0\bot\commands\guild\ping.js'
[01/06/2022 - 21:33:12.669 LOG] (\guild\ping.js:24:16): ping.js guild extended:,
[01/06/2022 - 21:33:15.076 LOG] (\guild\ping.js:24:16): ping.js guild extended:,
[02/08/2022 - 16:32:56.843 LOG] (\guild\ping.js:25:16): ping.js guild extended:,
[02/08/2022 - 19:10:21.783 LOG] (\guild\ping.js:25:16): ping.js guild extended:,
[02/08/2022 - 23:06:55.506 LOG] (\guild\ping.js:25:16): ping.js guild extended:,
[02/08/2022 - 23:06:55.603 LOG] (\guild\ping.js:25:16): ping.js guild extended:,
[02/08/2022 - 23:11:47.475 LOG] (\guild\ping.js:25:16): ping.js guild extended:,
[02/08/2022 - 23:11:47.496 LOG] (\guild\ping.js:25:16): ping.js guild extended:,
[02/08/2022 - 23:13:12.568 LOG] (\guild\ping.js:25:16): ping.js guild extended:,
[02/08/2022 - 23:13:12.592 LOG] (\guild\ping.js:25:16): ping.js guild extended:,
[02/08/2022 - 23:47:04.806 LOG] (\guild\ping.js:25:16): ping.js guild extended:,
[02/08/2022 - 23:47:04.820 LOG] (\guild\ping.js:25:16): ping.js guild extended:,
[02/08/2022 - 23:47:16.649 LOG] (\guild\ping.js:25:16): ping.js guild extended:,
[02/08/2022 - 23:47:16.667 LOG] (\guild\ping.js:25:16): ping.js guild extended:,
[02/08/2022 - 23:49:49.393 LOG] (\guild\ping.js:25:16): ping.js guild extended:,
[02/08/2022 - 23:49:49.415 LOG] (\guild\ping.js:25:16): ping.js guild extended:,
[02/08/2022 - 23:50:54.723 LOG] (\guild\ping.js:25:16): ping.js guild extended:,
[02/08/2022 - 23:50:54.743 LOG] (\guild\ping.js:25:16): ping.js guild extended:,
[02/08/2022 - 23:51:23.795 LOG] (\guild\ping.js:25:16): ping.js guild extended:,
[02/08/2022 - 23:53:37.408 LOG] (\guild\ping.js:25:16): ping.js guild extended:,
[02/08/2022 - 23:53:37.422 LOG] (\guild\ping.js:25:16): ping.js guild extended:,
[02/08/2022 - 23:56:27.747 LOG] (\guild\ping.js:25:16): ping.js guild extended:,
[02/08/2022 - 23:56:27.755 LOG] (\guild\ping.js:25:16): ping.js guild extended:,
[02/08/2022 - 23:58:48.575 LOG] (\guild\ping.js:25:16): ping.js guild extended:,
[03/08/2022 - 00:24:48.504 LOG] (\guild\ping.js:25:16): ping.js guild extended:,
