File created on 27/03/2022 at 15:53:58.207

[27/03/2022 - 15:53:58.208 INFO] (!run.js): Starting logger for file 'c:\Users\Sylicium\Documents\DirtyBiologystan\bot\DirtyBiology v2.0\bot\run.js'
[27/03/2022 - 15:53:59.282 INFO] (\bot\run.js:56:16): Bot démarré.
[27/03/2022 - 15:55:35.841 INFO] (!run.js): Starting logger for file 'c:\Users\Sylicium\Documents\DirtyBiologystan\bot\DirtyBiology v2.0\bot\run.js'
[27/03/2022 - 15:55:36.852 INFO] (\bot\run.js:56:16): Bot démarré.
[27/03/2022 - 16:03:02.187 INFO] (\bot\run.js:6:16): Starting logger for file 'c:\Users\Sylicium\Documents\DirtyBiologystan\bot\DirtyBiology v2.0\bot\run.js'
[27/03/2022 - 16:03:03.243 INFO] (\bot\run.js:56:16): Bot démarré.
[27/03/2022 - 16:03:49.642 INFO] (\bot\run.js:6:16): Starting logger for file 'c:\Users\Sylicium\Documents\DirtyBiologystan\bot\DirtyBiology v2.0\bot\run.js'
[27/03/2022 - 16:03:50.563 INFO] (\bot\run.js:56:16): Bot démarré.
[27/03/2022 - 16:04:32.958 INFO] (\bot\run.js:6:16): Starting logger for file 'c:\Users\Sylicium\Documents\DirtyBiologystan\bot\DirtyBiology v2.0\bot\run.js'
[27/03/2022 - 16:04:33.904 INFO] (\bot\run.js:56:16): Bot démarré.
[27/03/2022 - 16:05:05.975 INFO] (\bot\run.js:6:16): Starting logger for file 'c:\Users\Sylicium\Documents\DirtyBiologystan\bot\DirtyBiology v2.0\bot\run.js'
[27/03/2022 - 16:05:07.032 INFO] (\bot\run.js:56:16): Bot démarré.
[27/03/2022 - 16:05:16.589 INFO] (\bot\run.js:6:16): Starting logger for file 'c:\Users\Sylicium\Documents\DirtyBiologystan\bot\DirtyBiology v2.0\bot\run.js'
[27/03/2022 - 16:05:17.656 INFO] (\bot\run.js:56:16): Bot démarré.
[27/03/2022 - 16:05:43.769 INFO] (\bot\run.js:6:16): Starting logger for file 'c:\Users\Sylicium\Documents\DirtyBiologystan\bot\DirtyBiology v2.0\bot\run.js'
[27/03/2022 - 16:05:44.730 INFO] (\bot\run.js:56:16): Bot démarré.
[27/03/2022 - 16:06:48.661 INFO] (\bot\run.js:6:16): Starting logger for file 'c:\Users\Sylicium\Documents\DirtyBiologystan\bot\DirtyBiology v2.0\bot\run.js'
[27/03/2022 - 16:06:49.881 INFO] (\bot\run.js:56:16): Bot démarré.
[27/03/2022 - 16:11:50.369 INFO] (\bot\run.js:6:16): Starting logger for file 'c:\Users\Sylicium\Documents\DirtyBiologystan\bot\DirtyBiology v2.0\bot\run.js'
[27/03/2022 - 16:11:51.422 INFO] (\bot\run.js:56:16): Bot démarré.
[27/03/2022 - 16:13:00.422 INFO] (\bot\run.js:6:16): Starting logger for file 'c:\Users\Sylicium\Documents\DirtyBiologystan\bot\DirtyBiology v2.0\bot\run.js'
[27/03/2022 - 16:13:01.698 INFO] (\bot\run.js:56:16): Bot démarré.
[27/03/2022 - 16:13:16.542 INFO] (\bot\run.js:6:16): Starting logger for file 'c:\Users\Sylicium\Documents\DirtyBiologystan\bot\DirtyBiology v2.0\bot\run.js'
[27/03/2022 - 16:13:17.653 INFO] (\bot\run.js:56:16): Bot démarré.
[27/03/2022 - 16:19:51.186 INFO] (\bot\run.js:6:16): Starting logger for file 'c:\Users\Sylicium\Documents\DirtyBiologystan\bot\DirtyBiology v2.0\bot\run.js'
[27/03/2022 - 16:19:52.208 INFO] (\bot\run.js:56:16): Bot démarré.
[27/03/2022 - 16:20:15.002 INFO] (\bot\run.js:6:16): Starting logger for file 'c:\Users\Sylicium\Documents\DirtyBiologystan\bot\DirtyBiology v2.0\bot\run.js'
[27/03/2022 - 16:20:15.889 INFO] (\bot\run.js:56:16): Bot démarré.
[27/03/2022 - 16:20:44.157 INFO] (\bot\run.js:6:16): Starting logger for file 'c:\Users\Sylicium\Documents\DirtyBiologystan\bot\DirtyBiology v2.0\bot\run.js'
[27/03/2022 - 16:20:45.261 INFO] (\bot\run.js:56:16): Bot démarré.
[27/03/2022 - 16:43:54.149 INFO] (\bot\run.js:6:16): "Starting logger for file 'c:\\Users\\Sylicium\\Documents\\DirtyBiologystan\\bot\\DirtyBiology v2.0\\bot\\run.js'"
[27/03/2022 - 16:43:55.065 INFO] (\bot\run.js:56:16): "Bot démarré."
[27/03/2022 - 16:45:12.725 INFO] (\bot\run.js:6:16): 
[27/03/2022 - 16:45:13.848 INFO] (\bot\run.js:56:16): 
[27/03/2022 - 16:46:10.951 INFO] (\bot\run.js:6:16): 
[27/03/2022 - 16:46:12.118 INFO] (\bot\run.js:56:16): 
[27/03/2022 - 16:47:26.775 INFO] (\bot\run.js:6:16): Starting logger for file 'c:\Users\Sylicium\Documents\DirtyBiologystan\bot\DirtyBiology v2.0\bot\run.js'
[27/03/2022 - 16:47:28.057 INFO] (\bot\run.js:56:16): 
[27/03/2022 - 16:48:10.022 INFO] (\bot\run.js:6:16): Starting logger for file 'c:\Users\Sylicium\Documents\DirtyBiologystan\bot\DirtyBiology v2.0\bot\run.js'
[27/03/2022 - 16:48:10.875 INFO] (\bot\run.js:56:16): 
[27/03/2022 - 16:48:55.952 INFO] (\bot\run.js:6:16): Starting logger for file 'c:\Users\Sylicium\Documents\DirtyBiologystan\bot\DirtyBiology v2.0\bot\run.js'
[27/03/2022 - 16:48:56.959 INFO] (\bot\run.js:56:16): 
[27/03/2022 - 16:50:16.458 INFO] (\bot\run.js:6:16): Starting logger for file 'c:\Users\Sylicium\Documents\DirtyBiologystan\bot\DirtyBiology v2.0\bot\run.js'
[27/03/2022 - 16:50:17.421 INFO] (\bot\run.js:56:16): Bot démarré.
[27/03/2022 - 16:50:32.512 INFO] (\bot\run.js:6:16): Starting logger for file 'c:\Users\Sylicium\Documents\DirtyBiologystan\bot\DirtyBiology v2.0\bot\run.js'
[27/03/2022 - 16:50:33.761 INFO] (\bot\run.js:56:16): Bot démarré.
[27/03/2022 - 16:51:13.081 INFO] (\bot\run.js:6:16): Starting logger for file 'c:\Users\Sylicium\Documents\DirtyBiologystan\bot\DirtyBiology v2.0\bot\run.js'
[27/03/2022 - 16:51:14.079 INFO] (\bot\run.js:56:16): Bot démarré.
[27/03/2022 - 16:52:37.474 INFO] (\bot\run.js:6:16): Starting logger for file 'c:\Users\Sylicium\Documents\DirtyBiologystan\bot\DirtyBiology v2.0\bot\run.js'
[27/03/2022 - 16:52:38.439 INFO] (\bot\run.js:56:16): Bot démarré.
[27/03/2022 - 16:53:06.345 INFO] (\bot\run.js:6:16): Starting logger for file 'c:\Users\Sylicium\Documents\DirtyBiologystan\bot\DirtyBiology v2.0\bot\run.js'
[27/03/2022 - 16:53:07.281 INFO] (\bot\run.js:56:16): Bot démarré.
[27/03/2022 - 16:53:31.204 INFO] (\bot\run.js:6:16): Starting logger for file 'c:\Users\Sylicium\Documents\DirtyBiologystan\bot\DirtyBiology v2.0\bot\run.js'
[27/03/2022 - 16:53:32.316 INFO] (\bot\run.js:56:16): Bot démarré.
[27/03/2022 - 16:54:25.337 INFO] (\bot\run.js:6:16): Starting logger for file 'c:\Users\Sylicium\Documents\DirtyBiologystan\bot\DirtyBiology v2.0\bot\run.js'
[27/03/2022 - 16:54:26.360 INFO] (\bot\run.js:56:16): Bot démarré.
[27/03/2022 - 16:55:08.598 INFO] (\bot\run.js:6:16): Starting logger for file 'c:\Users\Sylicium\Documents\DirtyBiologystan\bot\DirtyBiology v2.0\bot\run.js'
[27/03/2022 - 16:55:10.945 INFO] (\bot\run.js:56:16): Bot démarré.
[27/03/2022 - 16:55:36.599 INFO] (\bot\run.js:6:16): Starting logger for file 'C:\Users\Sylicium\Documents\DirtyBiologystan\bot\DirtyBiology v2.0\bot\run.js'
[27/03/2022 - 16:55:37.507 INFO] (\bot\run.js:56:16): Bot démarré.
[27/03/2022 - 16:57:07.629 INFO] (\bot\run.js:6:16): Starting logger for file 'c:\Users\Sylicium\Documents\DirtyBiologystan\bot\DirtyBiology v2.0\bot\run.js'
[27/03/2022 - 16:57:08.745 INFO] (\bot\run.js:56:16): Bot démarré.
[27/03/2022 - 16:58:05.070 INFO] (\bot\run.js:6:16): Starting logger for file 'c:\Users\Sylicium\Documents\DirtyBiologystan\bot\DirtyBiology v2.0\bot\run.js'
[27/03/2022 - 16:58:06.187 INFO] (\bot\run.js:56:16): Bot démarré.
[27/03/2022 - 17:10:09.157 INFO] (\bot\run.js:6:16): Starting logger for file 'c:\Users\Sylicium\Documents\DirtyBiologystan\bot\DirtyBiology v2.0\bot\run.js'
[27/03/2022 - 17:10:10.200 INFO] (\bot\run.js:56:16): Bot démarré.
[27/03/2022 - 17:11:26.193 INFO] (\bot\run.js:6:16): Starting logger for file 'c:\Users\Sylicium\Documents\DirtyBiologystan\bot\DirtyBiology v2.0\bot\run.js'
[27/03/2022 - 17:11:27.173 INFO] (\bot\run.js:56:16): Bot démarré.
[27/03/2022 - 17:12:26.156 INFO] (\bot\run.js:6:16): Starting logger for file 'c:\Users\Sylicium\Documents\DirtyBiologystan\bot\DirtyBiology v2.0\bot\run.js'
[27/03/2022 - 17:12:27.506 INFO] (\bot\run.js:56:16): Bot démarré.
[27/03/2022 - 17:13:21.514 INFO] (\bot\run.js:6:16): Starting logger for file 'c:\Users\Sylicium\Documents\DirtyBiologystan\bot\DirtyBiology v2.0\bot\run.js'
[27/03/2022 - 17:13:22.652 INFO] (\bot\run.js:56:16): Bot démarré.
[27/03/2022 - 17:14:38.558 INFO] (\bot\run.js:6:16): Starting logger for file 'c:\Users\Sylicium\Documents\DirtyBiologystan\bot\DirtyBiology v2.0\bot\run.js'
[27/03/2022 - 17:14:39.649 INFO] (\bot\run.js:56:16): Bot démarré.
[27/03/2022 - 17:14:56.822 INFO] (\bot\run.js:6:16): Starting logger for file 'c:\Users\Sylicium\Documents\DirtyBiologystan\bot\DirtyBiology v2.0\bot\run.js'
[27/03/2022 - 17:14:57.735 INFO] (\bot\run.js:56:16): Bot démarré.
[27/03/2022 - 17:15:10.382 INFO] (\bot\run.js:6:16): Starting logger for file 'c:\Users\Sylicium\Documents\DirtyBiologystan\bot\DirtyBiology v2.0\bot\run.js'
[27/03/2022 - 17:15:11.378 INFO] (\bot\run.js:56:16): Bot démarré.
[10/04/2022 - 14:54:05.929 INFO] (\bot\run.js:6:16): Starting logger for file 'c:\Users\Sylicium\Documents\DirtyBiologystan\bot\DirtyBiology v2.0\bot\run.js'
[10/04/2022 - 14:54:14.940 INFO] (\bot\run.js:56:16): Bot démarré.
[10/04/2022 - 14:54:35.686 INFO] (\bot\run.js:6:16): Starting logger for file 'C:\Users\Sylicium\Documents\DirtyBiologystan\bot\DirtyBiology v2.0\bot\run.js'
[10/04/2022 - 14:54:36.670 INFO] (\bot\run.js:56:16): Bot démarré.
[10/04/2022 - 14:55:10.343 INFO] (\bot\run.js:6:16): Starting logger for file 'C:\Users\Sylicium\Documents\DirtyBiologystan\bot\DirtyBiology v2.0\bot\run.js'
[10/04/2022 - 14:55:11.207 INFO] (\bot\run.js:56:16): Bot démarré.
[10/04/2022 - 14:56:03.473 INFO] (\bot\run.js:6:16): Starting logger for file 'C:\Users\Sylicium\Documents\DirtyBiologystan\bot\DirtyBiology v2.0\bot\run.js'
[10/04/2022 - 14:56:04.346 INFO] (\bot\run.js:56:16): Bot démarré.
[10/04/2022 - 14:56:14.409 INFO] (\bot\run.js:6:16): Starting logger for file 'C:\Users\Sylicium\Documents\DirtyBiologystan\bot\DirtyBiology v2.0\bot\run.js'
[10/04/2022 - 14:56:15.300 INFO] (\bot\run.js:56:16): Bot démarré.
[10/04/2022 - 14:57:37.151 INFO] (\bot\run.js:6:16): Starting logger for file 'main\bot\run.js'
[10/04/2022 - 14:57:37.998 INFO] (\bot\run.js:56:16): Bot démarré.
[10/04/2022 - 14:59:19.440 INFO] (\bot\run.js:6:16): Starting logger for file 'main\bot\run.js'
[10/04/2022 - 14:59:20.381 INFO] (\bot\run.js:56:16): Bot démarré.
[10/04/2022 - 15:00:26.270 INFO] (\bot\run.js:6:16): Starting logger for file 'main\bot\run.js'
[10/04/2022 - 15:00:27.229 INFO] (\bot\run.js:56:16): Bot démarré.
[11/04/2022 - 00:02:20.499 INFO] (\bot\run.js:6:16): Starting logger for file 'main\bot\run.js'
[11/04/2022 - 00:02:21.540 INFO] (\bot\run.js:56:16): Bot démarré.
[21/04/2022 - 22:09:56.144 INFO] (\bot\run.js:6:16): Starting logger for file 'main\bot\run.js'
[21/04/2022 - 22:09:57.677 INFO] (\bot\run.js:56:16): Bot démarré.
[21/04/2022 - 22:16:05.076 INFO] (\bot\run.js:6:16): Starting logger for file 'c:\Users\Sylicium\Documents\DirtyBiologystan\bot\DirtyBiology v2.0\bot\run.js'
[21/04/2022 - 22:16:06.744 INFO] (\bot\run.js:56:16): Bot démarré.
[21/04/2022 - 22:16:36.514 INFO] (\bot\run.js:6:16): Starting logger for file 'c:\Users\Sylicium\Documents\DirtyBiologystan\bot\DirtyBiology v2.0\bot\run.js'
[21/04/2022 - 22:16:38.002 INFO] (\bot\run.js:56:16): Bot démarré.
[21/04/2022 - 22:17:13.658 INFO] (\bot\run.js:6:16): Starting logger for file 'c:\Users\Sylicium\Documents\DirtyBiologystan\bot\DirtyBiology v2.0\bot\run.js'
[21/04/2022 - 22:17:15.113 INFO] (\bot\run.js:56:16): Bot démarré.
[22/04/2022 - 19:57:44.848 INFO] (\bot\run.js:6:16): Starting logger for file 'c:\Users\Sylicium\Documents\DirtyBiologystan\bot\DirtyBiology v2.0\bot\run.js'
[22/04/2022 - 19:57:45.987 INFO] (\bot\run.js:56:16): Bot démarré.
[22/04/2022 - 19:58:58.382 INFO] (\bot\run.js:6:16): Starting logger for file 'c:\Users\Sylicium\Documents\DirtyBiologystan\bot\DirtyBiology v2.0\bot\run.js'
[22/04/2022 - 19:58:59.326 INFO] (\bot\run.js:56:16): Bot démarré.
[22/04/2022 - 19:59:28.382 INFO] (\bot\run.js:6:16): Starting logger for file 'c:\Users\Sylicium\Documents\DirtyBiologystan\bot\DirtyBiology v2.0\bot\run.js'
[22/04/2022 - 19:59:29.382 INFO] (\bot\run.js:56:16): Bot démarré.
[22/04/2022 - 20:00:36.672 INFO] (\bot\run.js:6:16): Starting logger for file 'c:\Users\Sylicium\Documents\DirtyBiologystan\bot\DirtyBiology v2.0\bot\run.js'
[22/04/2022 - 20:00:37.616 INFO] (\bot\run.js:56:16): Bot démarré.
[22/04/2022 - 20:00:45.768 INFO] (\bot\run.js:6:16): Starting logger for file 'c:\Users\Sylicium\Documents\DirtyBiologystan\bot\DirtyBiology v2.0\bot\run.js'
[22/04/2022 - 20:00:46.681 INFO] (\bot\run.js:56:16): Bot démarré.
[22/04/2022 - 20:01:02.563 INFO] (\bot\run.js:6:16): Starting logger for file 'c:\Users\Sylicium\Documents\DirtyBiologystan\bot\DirtyBiology v2.0\bot\run.js'
[22/04/2022 - 20:01:03.735 INFO] (\bot\run.js:56:16): Bot démarré.
[22/04/2022 - 20:01:37.112 INFO] (\bot\run.js:6:16): Starting logger for file 'c:\Users\Sylicium\Documents\DirtyBiologystan\bot\DirtyBiology v2.0\bot\run.js'
[22/04/2022 - 20:01:38.030 INFO] (\bot\run.js:56:16): Bot démarré.
[22/04/2022 - 22:04:20.629 INFO] (\bot\run.js:6:16): Starting logger for file 'c:\Users\Sylicium\Documents\DirtyBiologystan\bot\DirtyBiology v2.0\bot\run.js'
[22/04/2022 - 22:04:21.607 INFO] (\bot\run.js:56:16): Bot démarré.
[22/04/2022 - 22:11:28.994 INFO] (\bot\run.js:6:16): Starting logger for file 'c:\Users\Sylicium\Documents\DirtyBiologystan\bot\DirtyBiology v2.0\bot\run.js'
[22/04/2022 - 22:11:30.161 INFO] (\bot\run.js:56:16): Bot démarré.
[22/04/2022 - 22:37:18.064 INFO] (\bot\run.js:6:16): Starting logger for file 'c:\Users\Sylicium\Documents\DirtyBiologystan\bot\DirtyBiology v2.0\bot\run.js'
[22/04/2022 - 22:37:19.135 INFO] (\bot\run.js:56:16): Bot démarré.
[22/04/2022 - 22:37:38.663 INFO] (\bot\run.js:6:16): Starting logger for file 'c:\Users\Sylicium\Documents\DirtyBiologystan\bot\DirtyBiology v2.0\bot\run.js'
[22/04/2022 - 22:37:39.707 INFO] (\bot\run.js:56:16): Bot démarré.
[22/04/2022 - 22:38:05.800 INFO] (\bot\run.js:6:16): Starting logger for file 'c:\Users\Sylicium\Documents\DirtyBiologystan\bot\DirtyBiology v2.0\bot\run.js'
[22/04/2022 - 22:38:06.896 INFO] (\bot\run.js:56:16): Bot démarré.
[22/04/2022 - 22:38:26.787 INFO] (\bot\run.js:6:16): Starting logger for file 'c:\Users\Sylicium\Documents\DirtyBiologystan\bot\DirtyBiology v2.0\bot\run.js'
[22/04/2022 - 22:38:27.803 INFO] (\bot\run.js:56:16): Bot démarré.
[22/04/2022 - 22:38:45.321 INFO] (\bot\run.js:6:16): Starting logger for file 'c:\Users\Sylicium\Documents\DirtyBiologystan\bot\DirtyBiology v2.0\bot\run.js'
[22/04/2022 - 22:38:46.470 INFO] (\bot\run.js:56:16): Bot démarré.
[22/04/2022 - 22:39:26.585 INFO] (\bot\run.js:6:16): Starting logger for file 'c:\Users\Sylicium\Documents\DirtyBiologystan\bot\DirtyBiology v2.0\bot\run.js'
[22/04/2022 - 22:39:27.647 INFO] (\bot\run.js:56:16): Bot démarré.
[22/04/2022 - 22:39:50.746 INFO] (\bot\run.js:6:16): Starting logger for file 'c:\Users\Sylicium\Documents\DirtyBiologystan\bot\DirtyBiology v2.0\bot\run.js'
[22/04/2022 - 22:39:51.866 INFO] (\bot\run.js:56:16): Bot démarré.
[22/04/2022 - 22:40:12.200 INFO] (\bot\run.js:6:16): Starting logger for file 'c:\Users\Sylicium\Documents\DirtyBiologystan\bot\DirtyBiology v2.0\bot\run.js'
[22/04/2022 - 22:40:13.223 INFO] (\bot\run.js:56:16): Bot démarré.
[02/05/2022 - 20:36:15.766 INFO] (\bot\run.js:56:16): Bot démarré.
[05/05/2022 - 22:15:06.255 INFO] (\bot\run.js:56:16): Bot démarré.
[31/05/2022 - 19:17:29.455 INFO] (\bot\run.js:56:16): Bot démarré.
[01/06/2022 - 21:32:18.141 INFO] (\bot\run.js:56:16): Bot démarré.
[01/06/2022 - 21:33:09.004 INFO] (\bot\run.js:56:16): Bot démarré.
[01/06/2022 - 21:33:49.166 INFO] (\bot\run.js:56:16): Bot démarré.
[18/06/2022 - 10:57:35.625 DEBUG] (\bot\run.js:130:12): allEvents:,guildCreate,message,ready
[18/06/2022 - 10:57:36.516 INFO] (\bot\run.js:57:16): Bot démarré.
[18/06/2022 - 11:08:47.046 INFO] (\bot\run.js:57:16): Bot démarré.
[18/06/2022 - 11:09:49.812 INFO] (\bot\run.js:57:16): Bot démarré.
[18/06/2022 - 11:11:05.863 INFO] (\bot\run.js:57:16): Bot démarré.
