File created on 27/03/2022 at 15:53:58.239

[27/03/2022 - 15:53:58.240 INFO] (!singleton_bot.js): Starting logger for file 'c:\Users\Sylicium\Documents\DirtyBiologystan\bot\DirtyBiology v2.0\bot\botLocalModules\singleton_bot.js'
[27/03/2022 - 15:55:35.874 INFO] (!singleton_bot.js): Starting logger for file 'c:\Users\Sylicium\Documents\DirtyBiologystan\bot\DirtyBiology v2.0\bot\botLocalModules\singleton_bot.js'
[27/03/2022 - 16:03:02.210 INFO] (\botLocalModules\singleton_bot.js:64:16): Starting logger for file 'c:\Users\Sylicium\Documents\DirtyBiologystan\bot\DirtyBiology v2.0\bot\botLocalModules\singleton_bot.js'
[27/03/2022 - 16:03:49.654 INFO] (\botLocalModules\singleton_bot.js:64:16): Starting logger for file 'c:\Users\Sylicium\Documents\DirtyBiologystan\bot\DirtyBiology v2.0\bot\botLocalModules\singleton_bot.js'
[27/03/2022 - 16:04:32.973 INFO] (\botLocalModules\singleton_bot.js:64:16): Starting logger for file 'c:\Users\Sylicium\Documents\DirtyBiologystan\bot\DirtyBiology v2.0\bot\botLocalModules\singleton_bot.js'
[27/03/2022 - 16:05:05.992 INFO] (\botLocalModules\singleton_bot.js:64:16): Starting logger for file 'c:\Users\Sylicium\Documents\DirtyBiologystan\bot\DirtyBiology v2.0\bot\botLocalModules\singleton_bot.js'
[27/03/2022 - 16:05:16.607 INFO] (\botLocalModules\singleton_bot.js:64:16): Starting logger for file 'c:\Users\Sylicium\Documents\DirtyBiologystan\bot\DirtyBiology v2.0\bot\botLocalModules\singleton_bot.js'
[27/03/2022 - 16:05:43.782 INFO] (\botLocalModules\singleton_bot.js:64:16): Starting logger for file 'c:\Users\Sylicium\Documents\DirtyBiologystan\bot\DirtyBiology v2.0\bot\botLocalModules\singleton_bot.js'
[27/03/2022 - 16:06:48.672 INFO] (\botLocalModules\singleton_bot.js:64:16): Starting logger for file 'c:\Users\Sylicium\Documents\DirtyBiologystan\bot\DirtyBiology v2.0\bot\botLocalModules\singleton_bot.js'
[27/03/2022 - 16:11:50.387 INFO] (\botLocalModules\singleton_bot.js:64:16): Starting logger for file 'c:\Users\Sylicium\Documents\DirtyBiologystan\bot\DirtyBiology v2.0\bot\botLocalModules\singleton_bot.js'
[27/03/2022 - 16:13:00.435 INFO] (\botLocalModules\singleton_bot.js:64:16): Starting logger for file 'c:\Users\Sylicium\Documents\DirtyBiologystan\bot\DirtyBiology v2.0\bot\botLocalModules\singleton_bot.js'
[27/03/2022 - 16:13:16.563 INFO] (\botLocalModules\singleton_bot.js:64:16): Starting logger for file 'c:\Users\Sylicium\Documents\DirtyBiologystan\bot\DirtyBiology v2.0\bot\botLocalModules\singleton_bot.js'
[27/03/2022 - 16:19:51.198 INFO] (\botLocalModules\singleton_bot.js:64:16): Starting logger for file 'c:\Users\Sylicium\Documents\DirtyBiologystan\bot\DirtyBiology v2.0\bot\botLocalModules\singleton_bot.js'
[27/03/2022 - 16:20:15.017 INFO] (\botLocalModules\singleton_bot.js:64:16): Starting logger for file 'c:\Users\Sylicium\Documents\DirtyBiologystan\bot\DirtyBiology v2.0\bot\botLocalModules\singleton_bot.js'
[27/03/2022 - 16:20:44.169 INFO] (\botLocalModules\singleton_bot.js:64:16): Starting logger for file 'c:\Users\Sylicium\Documents\DirtyBiologystan\bot\DirtyBiology v2.0\bot\botLocalModules\singleton_bot.js'
[27/03/2022 - 16:43:54.172 INFO] (\botLocalModules\singleton_bot.js:64:16): "Starting logger for file 'c:\\Users\\Sylicium\\Documents\\DirtyBiologystan\\bot\\DirtyBiology v2.0\\bot\\botLocalModules\\singleton_bot.js'"
[27/03/2022 - 16:45:12.739 INFO] (\botLocalModules\singleton_bot.js:64:16): 
[27/03/2022 - 16:46:10.966 INFO] (\botLocalModules\singleton_bot.js:64:16): 
[27/03/2022 - 16:47:26.788 INFO] (\botLocalModules\singleton_bot.js:64:16): Starting logger for file 'c:\Users\Sylicium\Documents\DirtyBiologystan\bot\DirtyBiology v2.0\bot\botLocalModules\singleton_bot.js'
[27/03/2022 - 16:48:10.034 INFO] (\botLocalModules\singleton_bot.js:64:16): Starting logger for file 'c:\Users\Sylicium\Documents\DirtyBiologystan\bot\DirtyBiology v2.0\bot\botLocalModules\singleton_bot.js'
[27/03/2022 - 16:48:55.965 INFO] (\botLocalModules\singleton_bot.js:64:16): Starting logger for file 'c:\Users\Sylicium\Documents\DirtyBiologystan\bot\DirtyBiology v2.0\bot\botLocalModules\singleton_bot.js'
[27/03/2022 - 16:50:16.471 INFO] (\botLocalModules\singleton_bot.js:64:16): Starting logger for file 'c:\Users\Sylicium\Documents\DirtyBiologystan\bot\DirtyBiology v2.0\bot\botLocalModules\singleton_bot.js'
[27/03/2022 - 16:50:32.530 INFO] (\botLocalModules\singleton_bot.js:64:16): Starting logger for file 'c:\Users\Sylicium\Documents\DirtyBiologystan\bot\DirtyBiology v2.0\bot\botLocalModules\singleton_bot.js'
[27/03/2022 - 16:51:13.097 INFO] (\botLocalModules\singleton_bot.js:64:16): Starting logger for file 'c:\Users\Sylicium\Documents\DirtyBiologystan\bot\DirtyBiology v2.0\bot\botLocalModules\singleton_bot.js'
[27/03/2022 - 16:52:37.484 INFO] (\botLocalModules\singleton_bot.js:64:16): Starting logger for file 'c:\Users\Sylicium\Documents\DirtyBiologystan\bot\DirtyBiology v2.0\bot\botLocalModules\singleton_bot.js'
[27/03/2022 - 16:53:06.359 INFO] (\botLocalModules\singleton_bot.js:64:16): Starting logger for file 'c:\Users\Sylicium\Documents\DirtyBiologystan\bot\DirtyBiology v2.0\bot\botLocalModules\singleton_bot.js'
[27/03/2022 - 16:53:31.218 INFO] (\botLocalModules\singleton_bot.js:64:16): Starting logger for file 'c:\Users\Sylicium\Documents\DirtyBiologystan\bot\DirtyBiology v2.0\bot\botLocalModules\singleton_bot.js'
[27/03/2022 - 16:54:25.352 INFO] (\botLocalModules\singleton_bot.js:64:16): Starting logger for file 'c:\Users\Sylicium\Documents\DirtyBiologystan\bot\DirtyBiology v2.0\bot\botLocalModules\singleton_bot.js'
[27/03/2022 - 16:55:08.615 INFO] (\botLocalModules\singleton_bot.js:64:16): Starting logger for file 'c:\Users\Sylicium\Documents\DirtyBiologystan\bot\DirtyBiology v2.0\bot\botLocalModules\singleton_bot.js'
[27/03/2022 - 16:55:36.610 INFO] (\botLocalModules\singleton_bot.js:64:16): Starting logger for file 'C:\Users\Sylicium\Documents\DirtyBiologystan\bot\DirtyBiology v2.0\bot\botLocalModules\singleton_bot.js'
[27/03/2022 - 16:57:07.652 INFO] (\botLocalModules\singleton_bot.js:64:16): Starting logger for file 'c:\Users\Sylicium\Documents\DirtyBiologystan\bot\DirtyBiology v2.0\bot\botLocalModules\singleton_bot.js'
[27/03/2022 - 16:58:05.084 INFO] (\botLocalModules\singleton_bot.js:64:16): Starting logger for file 'c:\Users\Sylicium\Documents\DirtyBiologystan\bot\DirtyBiology v2.0\bot\botLocalModules\singleton_bot.js'
[27/03/2022 - 17:10:09.172 INFO] (\botLocalModules\singleton_bot.js:64:16): Starting logger for file 'c:\Users\Sylicium\Documents\DirtyBiologystan\bot\DirtyBiology v2.0\bot\botLocalModules\singleton_bot.js'
[27/03/2022 - 17:11:26.225 INFO] (\botLocalModules\singleton_bot.js:64:16): Starting logger for file 'c:\Users\Sylicium\Documents\DirtyBiologystan\bot\DirtyBiology v2.0\bot\botLocalModules\singleton_bot.js'
[27/03/2022 - 17:12:26.176 INFO] (\botLocalModules\singleton_bot.js:64:16): Starting logger for file 'c:\Users\Sylicium\Documents\DirtyBiologystan\bot\DirtyBiology v2.0\bot\botLocalModules\singleton_bot.js'
[27/03/2022 - 17:13:21.526 INFO] (\botLocalModules\singleton_bot.js:64:16): Starting logger for file 'c:\Users\Sylicium\Documents\DirtyBiologystan\bot\DirtyBiology v2.0\bot\botLocalModules\singleton_bot.js'
[27/03/2022 - 17:14:38.584 INFO] (\botLocalModules\singleton_bot.js:64:16): Starting logger for file 'c:\Users\Sylicium\Documents\DirtyBiologystan\bot\DirtyBiology v2.0\bot\botLocalModules\singleton_bot.js'
[27/03/2022 - 17:14:56.837 INFO] (\botLocalModules\singleton_bot.js:64:16): Starting logger for file 'c:\Users\Sylicium\Documents\DirtyBiologystan\bot\DirtyBiology v2.0\bot\botLocalModules\singleton_bot.js'
[27/03/2022 - 17:15:10.397 INFO] (\botLocalModules\singleton_bot.js:64:16): Starting logger for file 'c:\Users\Sylicium\Documents\DirtyBiologystan\bot\DirtyBiology v2.0\bot\botLocalModules\singleton_bot.js'
[10/04/2022 - 14:54:05.946 INFO] (\botLocalModules\singleton_bot.js:64:16): Starting logger for file 'c:\Users\Sylicium\Documents\DirtyBiologystan\bot\DirtyBiology v2.0\bot\botLocalModules\singleton_bot.js'
[10/04/2022 - 14:54:35.710 INFO] (\botLocalModules\singleton_bot.js:64:16): Starting logger for file 'C:\Users\Sylicium\Documents\DirtyBiologystan\bot\DirtyBiology v2.0\bot\botLocalModules\singleton_bot.js'
[10/04/2022 - 14:55:10.352 INFO] (\botLocalModules\singleton_bot.js:64:16): Starting logger for file 'C:\Users\Sylicium\Documents\DirtyBiologystan\bot\DirtyBiology v2.0\bot\botLocalModules\singleton_bot.js'
[10/04/2022 - 14:56:03.483 INFO] (\botLocalModules\singleton_bot.js:64:16): Starting logger for file 'C:\Users\Sylicium\Documents\DirtyBiologystan\bot\DirtyBiology v2.0\bot\botLocalModules\singleton_bot.js'
[10/04/2022 - 14:56:14.427 INFO] (\botLocalModules\singleton_bot.js:64:16): Starting logger for file 'C:\Users\Sylicium\Documents\DirtyBiologystan\bot\DirtyBiology v2.0\bot\botLocalModules\singleton_bot.js'
[10/04/2022 - 14:57:37.160 INFO] (\botLocalModules\singleton_bot.js:64:16): Starting logger for file 'main\bot\botLocalModules\singleton_bot.js'
[10/04/2022 - 14:59:19.452 INFO] (\botLocalModules\singleton_bot.js:64:16): Starting logger for file 'main\bot\botLocalModules\singleton_bot.js'
[10/04/2022 - 15:00:26.285 INFO] (\botLocalModules\singleton_bot.js:64:16): Starting logger for file 'main\bot\botLocalModules\singleton_bot.js'
[11/04/2022 - 00:02:20.509 INFO] (\botLocalModules\singleton_bot.js:64:16): Starting logger for file 'main\bot\botLocalModules\singleton_bot.js'
[21/04/2022 - 22:09:56.158 INFO] (\botLocalModules\singleton_bot.js:64:16): Starting logger for file 'main\bot\botLocalModules\singleton_bot.js'
[21/04/2022 - 22:16:05.091 INFO] (\botLocalModules\singleton_bot.js:64:16): Starting logger for file 'c:\Users\Sylicium\Documents\DirtyBiologystan\bot\DirtyBiology v2.0\bot\botLocalModules\singleton_bot.js'
[21/04/2022 - 22:16:36.530 INFO] (\botLocalModules\singleton_bot.js:64:16): Starting logger for file 'c:\Users\Sylicium\Documents\DirtyBiologystan\bot\DirtyBiology v2.0\bot\botLocalModules\singleton_bot.js'
[21/04/2022 - 22:17:13.675 INFO] (\botLocalModules\singleton_bot.js:64:16): Starting logger for file 'c:\Users\Sylicium\Documents\DirtyBiologystan\bot\DirtyBiology v2.0\bot\botLocalModules\singleton_bot.js'
[22/04/2022 - 19:57:44.863 INFO] (\botLocalModules\singleton_bot.js:64:16): Starting logger for file 'c:\Users\Sylicium\Documents\DirtyBiologystan\bot\DirtyBiology v2.0\bot\botLocalModules\singleton_bot.js'
[22/04/2022 - 19:58:58.397 INFO] (\botLocalModules\singleton_bot.js:64:16): Starting logger for file 'c:\Users\Sylicium\Documents\DirtyBiologystan\bot\DirtyBiology v2.0\bot\botLocalModules\singleton_bot.js'
[22/04/2022 - 19:59:28.397 INFO] (\botLocalModules\singleton_bot.js:64:16): Starting logger for file 'c:\Users\Sylicium\Documents\DirtyBiologystan\bot\DirtyBiology v2.0\bot\botLocalModules\singleton_bot.js'
[22/04/2022 - 20:00:36.687 INFO] (\botLocalModules\singleton_bot.js:64:16): Starting logger for file 'c:\Users\Sylicium\Documents\DirtyBiologystan\bot\DirtyBiology v2.0\bot\botLocalModules\singleton_bot.js'
[22/04/2022 - 20:00:45.785 INFO] (\botLocalModules\singleton_bot.js:64:16): Starting logger for file 'c:\Users\Sylicium\Documents\DirtyBiologystan\bot\DirtyBiology v2.0\bot\botLocalModules\singleton_bot.js'
[22/04/2022 - 20:01:02.578 INFO] (\botLocalModules\singleton_bot.js:64:16): Starting logger for file 'c:\Users\Sylicium\Documents\DirtyBiologystan\bot\DirtyBiology v2.0\bot\botLocalModules\singleton_bot.js'
[22/04/2022 - 20:01:37.126 INFO] (\botLocalModules\singleton_bot.js:64:16): Starting logger for file 'c:\Users\Sylicium\Documents\DirtyBiologystan\bot\DirtyBiology v2.0\bot\botLocalModules\singleton_bot.js'
[22/04/2022 - 22:04:20.647 INFO] (\botLocalModules\singleton_bot.js:64:16): Starting logger for file 'c:\Users\Sylicium\Documents\DirtyBiologystan\bot\DirtyBiology v2.0\bot\botLocalModules\singleton_bot.js'
[22/04/2022 - 22:11:29.012 INFO] (\botLocalModules\singleton_bot.js:64:16): Starting logger for file 'c:\Users\Sylicium\Documents\DirtyBiologystan\bot\DirtyBiology v2.0\bot\botLocalModules\singleton_bot.js'
[22/04/2022 - 22:37:18.114 INFO] (\botLocalModules\singleton_bot.js:64:16): Starting logger for file 'c:\Users\Sylicium\Documents\DirtyBiologystan\bot\DirtyBiology v2.0\bot\botLocalModules\singleton_bot.js'
[22/04/2022 - 22:37:38.677 INFO] (\botLocalModules\singleton_bot.js:64:16): Starting logger for file 'c:\Users\Sylicium\Documents\DirtyBiologystan\bot\DirtyBiology v2.0\bot\botLocalModules\singleton_bot.js'
[22/04/2022 - 22:38:05.822 INFO] (\botLocalModules\singleton_bot.js:64:16): Starting logger for file 'c:\Users\Sylicium\Documents\DirtyBiologystan\bot\DirtyBiology v2.0\bot\botLocalModules\singleton_bot.js'
[22/04/2022 - 22:38:26.813 INFO] (\botLocalModules\singleton_bot.js:64:16): Starting logger for file 'c:\Users\Sylicium\Documents\DirtyBiologystan\bot\DirtyBiology v2.0\bot\botLocalModules\singleton_bot.js'
[22/04/2022 - 22:38:45.341 INFO] (\botLocalModules\singleton_bot.js:64:16): Starting logger for file 'c:\Users\Sylicium\Documents\DirtyBiologystan\bot\DirtyBiology v2.0\bot\botLocalModules\singleton_bot.js'
[22/04/2022 - 22:39:26.605 INFO] (\botLocalModules\singleton_bot.js:64:16): Starting logger for file 'c:\Users\Sylicium\Documents\DirtyBiologystan\bot\DirtyBiology v2.0\bot\botLocalModules\singleton_bot.js'
[22/04/2022 - 22:39:50.774 INFO] (\botLocalModules\singleton_bot.js:64:16): Starting logger for file 'c:\Users\Sylicium\Documents\DirtyBiologystan\bot\DirtyBiology v2.0\bot\botLocalModules\singleton_bot.js'
[22/04/2022 - 22:40:12.215 INFO] (\botLocalModules\singleton_bot.js:64:16): Starting logger for file 'c:\Users\Sylicium\Documents\DirtyBiologystan\bot\DirtyBiology v2.0\bot\botLocalModules\singleton_bot.js'
