File created on 27/03/2022 at 15:53:58.486

[27/03/2022 - 15:53:58.487 INFO] (!n> BotCMD:ping.js): Starting logger for file 'c:\Users\Sylicium\Documents\DirtyBiologystan\bot\DirtyBiology v2.0\bot\commands\guild\stats.js'
[27/03/2022 - 15:55:36.087 INFO] (!n> BotCMD:ping.js): Starting logger for file 'c:\Users\Sylicium\Documents\DirtyBiologystan\bot\DirtyBiology v2.0\bot\commands\guild\stats.js'
[27/03/2022 - 16:03:02.394 INFO] (\guild\stats.js:4:16): Starting logger for file 'c:\Users\Sylicium\Documents\DirtyBiologystan\bot\DirtyBiology v2.0\bot\commands\guild\stats.js'
[27/03/2022 - 16:03:49.833 INFO] (\guild\stats.js:4:16): Starting logger for file 'c:\Users\Sylicium\Documents\DirtyBiologystan\bot\DirtyBiology v2.0\bot\commands\guild\stats.js'
[27/03/2022 - 16:04:33.145 INFO] (\guild\stats.js:4:16): Starting logger for file 'c:\Users\Sylicium\Documents\DirtyBiologystan\bot\DirtyBiology v2.0\bot\commands\guild\stats.js'
[27/03/2022 - 16:05:06.201 INFO] (\guild\stats.js:4:16): Starting logger for file 'c:\Users\Sylicium\Documents\DirtyBiologystan\bot\DirtyBiology v2.0\bot\commands\guild\stats.js'
[27/03/2022 - 16:05:16.849 INFO] (\guild\stats.js:4:16): Starting logger for file 'c:\Users\Sylicium\Documents\DirtyBiologystan\bot\DirtyBiology v2.0\bot\commands\guild\stats.js'
[27/03/2022 - 16:05:43.934 INFO] (\guild\stats.js:4:16): Starting logger for file 'c:\Users\Sylicium\Documents\DirtyBiologystan\bot\DirtyBiology v2.0\bot\commands\guild\stats.js'
[27/03/2022 - 16:06:48.841 INFO] (\guild\stats.js:4:16): Starting logger for file 'c:\Users\Sylicium\Documents\DirtyBiologystan\bot\DirtyBiology v2.0\bot\commands\guild\stats.js'
[27/03/2022 - 16:11:50.539 INFO] (\guild\stats.js:4:16): Starting logger for file 'c:\Users\Sylicium\Documents\DirtyBiologystan\bot\DirtyBiology v2.0\bot\commands\guild\stats.js'
[27/03/2022 - 16:13:00.777 INFO] (\guild\stats.js:4:16): Starting logger for file 'c:\Users\Sylicium\Documents\DirtyBiologystan\bot\DirtyBiology v2.0\bot\commands\guild\stats.js'
[27/03/2022 - 16:13:16.843 INFO] (\guild\stats.js:4:16): Starting logger for file 'c:\Users\Sylicium\Documents\DirtyBiologystan\bot\DirtyBiology v2.0\bot\commands\guild\stats.js'
[27/03/2022 - 16:19:51.375 INFO] (\guild\stats.js:4:16): Starting logger for file 'c:\Users\Sylicium\Documents\DirtyBiologystan\bot\DirtyBiology v2.0\bot\commands\guild\stats.js'
[27/03/2022 - 16:20:15.197 INFO] (\guild\stats.js:4:16): Starting logger for file 'c:\Users\Sylicium\Documents\DirtyBiologystan\bot\DirtyBiology v2.0\bot\commands\guild\stats.js'
[27/03/2022 - 16:20:44.321 INFO] (\guild\stats.js:4:16): Starting logger for file 'c:\Users\Sylicium\Documents\DirtyBiologystan\bot\DirtyBiology v2.0\bot\commands\guild\stats.js'
[27/03/2022 - 16:43:54.327 INFO] (\guild\stats.js:4:16): "Starting logger for file 'c:\\Users\\Sylicium\\Documents\\DirtyBiologystan\\bot\\DirtyBiology v2.0\\bot\\commands\\guild\\stats.js'"
[27/03/2022 - 16:45:12.890 INFO] (\guild\stats.js:4:16): 
[27/03/2022 - 16:46:11.137 INFO] (\guild\stats.js:4:16): 
[27/03/2022 - 16:47:26.938 INFO] (\guild\stats.js:4:16): Starting logger for file 'c:\Users\Sylicium\Documents\DirtyBiologystan\bot\DirtyBiology v2.0\bot\commands\guild\stats.js'
[27/03/2022 - 16:48:10.170 INFO] (\guild\stats.js:4:16): Starting logger for file 'c:\Users\Sylicium\Documents\DirtyBiologystan\bot\DirtyBiology v2.0\bot\commands\guild\stats.js'
[27/03/2022 - 16:48:56.123 INFO] (\guild\stats.js:4:16): Starting logger for file 'c:\Users\Sylicium\Documents\DirtyBiologystan\bot\DirtyBiology v2.0\bot\commands\guild\stats.js'
[27/03/2022 - 16:50:16.633 INFO] (\guild\stats.js:4:16): Starting logger for file 'c:\Users\Sylicium\Documents\DirtyBiologystan\bot\DirtyBiology v2.0\bot\commands\guild\stats.js'
[27/03/2022 - 16:50:32.704 INFO] (\guild\stats.js:4:16): Starting logger for file 'c:\Users\Sylicium\Documents\DirtyBiologystan\bot\DirtyBiology v2.0\bot\commands\guild\stats.js'
[27/03/2022 - 16:51:13.264 INFO] (\guild\stats.js:4:16): Starting logger for file 'c:\Users\Sylicium\Documents\DirtyBiologystan\bot\DirtyBiology v2.0\bot\commands\guild\stats.js'
[27/03/2022 - 16:52:37.649 INFO] (\guild\stats.js:4:16): Starting logger for file 'c:\Users\Sylicium\Documents\DirtyBiologystan\bot\DirtyBiology v2.0\bot\commands\guild\stats.js'
[27/03/2022 - 16:53:06.523 INFO] (\guild\stats.js:4:16): Starting logger for file 'c:\Users\Sylicium\Documents\DirtyBiologystan\bot\DirtyBiology v2.0\bot\commands\guild\stats.js'
[27/03/2022 - 16:53:31.441 INFO] (\guild\stats.js:4:16): Starting logger for file 'c:\Users\Sylicium\Documents\DirtyBiologystan\bot\DirtyBiology v2.0\bot\commands\guild\stats.js'
[27/03/2022 - 16:54:25.547 INFO] (\guild\stats.js:4:16): Starting logger for file 'c:\Users\Sylicium\Documents\DirtyBiologystan\bot\DirtyBiology v2.0\bot\commands\guild\stats.js'
[27/03/2022 - 16:55:08.785 INFO] (\guild\stats.js:4:16): Starting logger for file 'c:\Users\Sylicium\Documents\DirtyBiologystan\bot\DirtyBiology v2.0\bot\commands\guild\stats.js'
[27/03/2022 - 16:55:36.729 INFO] (\guild\stats.js:4:16): Starting logger for file 'C:\Users\Sylicium\Documents\DirtyBiologystan\bot\DirtyBiology v2.0\bot\commands\guild\stats.js'
[27/03/2022 - 16:57:07.873 INFO] (\guild\stats.js:4:16): Starting logger for file 'c:\Users\Sylicium\Documents\DirtyBiologystan\bot\DirtyBiology v2.0\bot\commands\guild\stats.js'
[27/03/2022 - 16:58:05.318 INFO] (\guild\stats.js:4:16): Starting logger for file 'c:\Users\Sylicium\Documents\DirtyBiologystan\bot\DirtyBiology v2.0\bot\commands\guild\stats.js'
[27/03/2022 - 17:10:09.346 INFO] (\guild\stats.js:4:16): Starting logger for file 'c:\Users\Sylicium\Documents\DirtyBiologystan\bot\DirtyBiology v2.0\bot\commands\guild\stats.js'
[27/03/2022 - 17:11:26.412 INFO] (\guild\stats.js:4:16): Starting logger for file 'c:\Users\Sylicium\Documents\DirtyBiologystan\bot\DirtyBiology v2.0\bot\commands\guild\stats.js'
[27/03/2022 - 17:12:26.406 INFO] (\guild\stats.js:4:16): Starting logger for file 'c:\Users\Sylicium\Documents\DirtyBiologystan\bot\DirtyBiology v2.0\bot\commands\guild\stats.js'
[27/03/2022 - 17:13:21.710 INFO] (\guild\stats.js:4:16): Starting logger for file 'c:\Users\Sylicium\Documents\DirtyBiologystan\bot\DirtyBiology v2.0\bot\commands\guild\stats.js'
[27/03/2022 - 17:14:38.784 INFO] (\guild\stats.js:4:16): Starting logger for file 'c:\Users\Sylicium\Documents\DirtyBiologystan\bot\DirtyBiology v2.0\bot\commands\guild\stats.js'
[27/03/2022 - 17:14:56.989 INFO] (\guild\stats.js:4:16): Starting logger for file 'c:\Users\Sylicium\Documents\DirtyBiologystan\bot\DirtyBiology v2.0\bot\commands\guild\stats.js'
[27/03/2022 - 17:15:10.594 INFO] (\guild\stats.js:4:16): Starting logger for file 'c:\Users\Sylicium\Documents\DirtyBiologystan\bot\DirtyBiology v2.0\bot\commands\guild\stats.js'
[10/04/2022 - 14:54:06.091 INFO] (\guild\stats.js:4:16): Starting logger for file 'c:\Users\Sylicium\Documents\DirtyBiologystan\bot\DirtyBiology v2.0\bot\commands\guild\stats.js'
[10/04/2022 - 14:54:35.876 INFO] (\guild\stats.js:4:16): Starting logger for file 'C:\Users\Sylicium\Documents\DirtyBiologystan\bot\DirtyBiology v2.0\bot\commands\guild\stats.js'
[10/04/2022 - 14:55:10.473 INFO] (\guild\stats.js:4:16): Starting logger for file 'C:\Users\Sylicium\Documents\DirtyBiologystan\bot\DirtyBiology v2.0\bot\commands\guild\stats.js'
[10/04/2022 - 14:56:03.595 INFO] (\guild\stats.js:4:16): Starting logger for file 'C:\Users\Sylicium\Documents\DirtyBiologystan\bot\DirtyBiology v2.0\bot\commands\guild\stats.js'
[10/04/2022 - 14:56:14.581 INFO] (\guild\stats.js:4:16): Starting logger for file 'C:\Users\Sylicium\Documents\DirtyBiologystan\bot\DirtyBiology v2.0\bot\commands\guild\stats.js'
[10/04/2022 - 14:57:37.266 INFO] (\guild\stats.js:4:16): Starting logger for file 'main\bot\commands\guild\stats.js'
[10/04/2022 - 14:59:19.629 INFO] (\guild\stats.js:4:16): Starting logger for file 'main\bot\commands\guild\stats.js'
[10/04/2022 - 15:00:26.430 INFO] (\guild\stats.js:4:16): Starting logger for file 'main\bot\commands\guild\stats.js'
[11/04/2022 - 00:02:20.625 INFO] (\guild\stats.js:4:16): Starting logger for file 'main\bot\commands\guild\stats.js'
[21/04/2022 - 22:09:56.312 INFO] (\guild\stats.js:4:16): Starting logger for file 'main\bot\commands\guild\stats.js'
[21/04/2022 - 22:16:05.385 INFO] (\guild\stats.js:4:16): Starting logger for file 'c:\Users\Sylicium\Documents\DirtyBiologystan\bot\DirtyBiology v2.0\bot\commands\guild\stats.js'
[21/04/2022 - 22:16:36.730 INFO] (\guild\stats.js:4:16): Starting logger for file 'c:\Users\Sylicium\Documents\DirtyBiologystan\bot\DirtyBiology v2.0\bot\commands\guild\stats.js'
[21/04/2022 - 22:17:13.853 INFO] (\guild\stats.js:4:16): Starting logger for file 'c:\Users\Sylicium\Documents\DirtyBiologystan\bot\DirtyBiology v2.0\bot\commands\guild\stats.js'
[22/04/2022 - 19:57:45.097 INFO] (\guild\stats.js:4:16): Starting logger for file 'c:\Users\Sylicium\Documents\DirtyBiologystan\bot\DirtyBiology v2.0\bot\commands\guild\stats.js'
[22/04/2022 - 19:58:58.545 INFO] (\guild\stats.js:4:16): Starting logger for file 'c:\Users\Sylicium\Documents\DirtyBiologystan\bot\DirtyBiology v2.0\bot\commands\guild\stats.js'
[22/04/2022 - 19:59:28.598 INFO] (\guild\stats.js:4:16): Starting logger for file 'c:\Users\Sylicium\Documents\DirtyBiologystan\bot\DirtyBiology v2.0\bot\commands\guild\stats.js'
[22/04/2022 - 20:00:36.833 INFO] (\guild\stats.js:4:16): Starting logger for file 'c:\Users\Sylicium\Documents\DirtyBiologystan\bot\DirtyBiology v2.0\bot\commands\guild\stats.js'
[22/04/2022 - 20:00:45.933 INFO] (\guild\stats.js:4:16): Starting logger for file 'c:\Users\Sylicium\Documents\DirtyBiologystan\bot\DirtyBiology v2.0\bot\commands\guild\stats.js'
[22/04/2022 - 20:01:02.759 INFO] (\guild\stats.js:4:16): Starting logger for file 'c:\Users\Sylicium\Documents\DirtyBiologystan\bot\DirtyBiology v2.0\bot\commands\guild\stats.js'
[22/04/2022 - 20:01:37.280 INFO] (\guild\stats.js:4:16): Starting logger for file 'c:\Users\Sylicium\Documents\DirtyBiologystan\bot\DirtyBiology v2.0\bot\commands\guild\stats.js'
[22/04/2022 - 22:04:20.767 INFO] (\guild\stats.js:4:16): Starting logger for file 'c:\Users\Sylicium\Documents\DirtyBiologystan\bot\DirtyBiology v2.0\bot\commands\guild\stats.js'
[22/04/2022 - 22:11:29.278 INFO] (\guild\stats.js:4:16): Starting logger for file 'c:\Users\Sylicium\Documents\DirtyBiologystan\bot\DirtyBiology v2.0\bot\commands\guild\stats.js'
[22/04/2022 - 22:37:18.303 INFO] (\guild\stats.js:4:16): Starting logger for file 'c:\Users\Sylicium\Documents\DirtyBiologystan\bot\DirtyBiology v2.0\bot\commands\guild\stats.js'
[22/04/2022 - 22:37:38.865 INFO] (\guild\stats.js:4:16): Starting logger for file 'c:\Users\Sylicium\Documents\DirtyBiologystan\bot\DirtyBiology v2.0\bot\commands\guild\stats.js'
[22/04/2022 - 22:38:06.072 INFO] (\guild\stats.js:4:16): Starting logger for file 'c:\Users\Sylicium\Documents\DirtyBiologystan\bot\DirtyBiology v2.0\bot\commands\guild\stats.js'
[22/04/2022 - 22:38:26.980 INFO] (\guild\stats.js:4:16): Starting logger for file 'c:\Users\Sylicium\Documents\DirtyBiologystan\bot\DirtyBiology v2.0\bot\commands\guild\stats.js'
[22/04/2022 - 22:38:45.673 INFO] (\guild\stats.js:4:16): Starting logger for file 'c:\Users\Sylicium\Documents\DirtyBiologystan\bot\DirtyBiology v2.0\bot\commands\guild\stats.js'
[22/04/2022 - 22:39:26.788 INFO] (\guild\stats.js:4:16): Starting logger for file 'c:\Users\Sylicium\Documents\DirtyBiologystan\bot\DirtyBiology v2.0\bot\commands\guild\stats.js'
[22/04/2022 - 22:39:51.062 INFO] (\guild\stats.js:4:16): Starting logger for file 'c:\Users\Sylicium\Documents\DirtyBiologystan\bot\DirtyBiology v2.0\bot\commands\guild\stats.js'
[22/04/2022 - 22:40:12.385 INFO] (\guild\stats.js:4:16): Starting logger for file 'c:\Users\Sylicium\Documents\DirtyBiologystan\bot\DirtyBiology v2.0\bot\commands\guild\stats.js'
