File created on 27/03/2022 at 15:53:58.492

[27/03/2022 - 15:53:58.493 INFO] (!n> BotCMD:ping.js): Starting logger for file 'c:\Users\Sylicium\Documents\DirtyBiologystan\bot\DirtyBiology v2.0\bot\commands\guild\warn.js'
[27/03/2022 - 15:55:36.092 INFO] (!n> BotCMD:ping.js): Starting logger for file 'c:\Users\Sylicium\Documents\DirtyBiologystan\bot\DirtyBiology v2.0\bot\commands\guild\warn.js'
[27/03/2022 - 16:03:02.403 INFO] (\guild\warn.js:4:16): Starting logger for file 'c:\Users\Sylicium\Documents\DirtyBiologystan\bot\DirtyBiology v2.0\bot\commands\guild\warn.js'
[27/03/2022 - 16:03:49.836 INFO] (\guild\warn.js:4:16): Starting logger for file 'c:\Users\Sylicium\Documents\DirtyBiologystan\bot\DirtyBiology v2.0\bot\commands\guild\warn.js'
[27/03/2022 - 16:04:33.149 INFO] (\guild\warn.js:4:16): Starting logger for file 'c:\Users\Sylicium\Documents\DirtyBiologystan\bot\DirtyBiology v2.0\bot\commands\guild\warn.js'
[27/03/2022 - 16:05:06.206 INFO] (\guild\warn.js:4:16): Starting logger for file 'c:\Users\Sylicium\Documents\DirtyBiologystan\bot\DirtyBiology v2.0\bot\commands\guild\warn.js'
[27/03/2022 - 16:05:16.856 INFO] (\guild\warn.js:4:16): Starting logger for file 'c:\Users\Sylicium\Documents\DirtyBiologystan\bot\DirtyBiology v2.0\bot\commands\guild\warn.js'
[27/03/2022 - 16:05:43.940 INFO] (\guild\warn.js:4:16): Starting logger for file 'c:\Users\Sylicium\Documents\DirtyBiologystan\bot\DirtyBiology v2.0\bot\commands\guild\warn.js'
[27/03/2022 - 16:06:48.844 INFO] (\guild\warn.js:4:16): Starting logger for file 'c:\Users\Sylicium\Documents\DirtyBiologystan\bot\DirtyBiology v2.0\bot\commands\guild\warn.js'
[27/03/2022 - 16:11:50.543 INFO] (\guild\warn.js:4:16): Starting logger for file 'c:\Users\Sylicium\Documents\DirtyBiologystan\bot\DirtyBiology v2.0\bot\commands\guild\warn.js'
[27/03/2022 - 16:13:00.785 INFO] (\guild\warn.js:4:16): Starting logger for file 'c:\Users\Sylicium\Documents\DirtyBiologystan\bot\DirtyBiology v2.0\bot\commands\guild\warn.js'
[27/03/2022 - 16:13:16.855 INFO] (\guild\warn.js:4:16): Starting logger for file 'c:\Users\Sylicium\Documents\DirtyBiologystan\bot\DirtyBiology v2.0\bot\commands\guild\warn.js'
[27/03/2022 - 16:19:51.379 INFO] (\guild\warn.js:4:16): Starting logger for file 'c:\Users\Sylicium\Documents\DirtyBiologystan\bot\DirtyBiology v2.0\bot\commands\guild\warn.js'
[27/03/2022 - 16:20:15.202 INFO] (\guild\warn.js:4:16): Starting logger for file 'c:\Users\Sylicium\Documents\DirtyBiologystan\bot\DirtyBiology v2.0\bot\commands\guild\warn.js'
[27/03/2022 - 16:20:44.325 INFO] (\guild\warn.js:4:16): Starting logger for file 'c:\Users\Sylicium\Documents\DirtyBiologystan\bot\DirtyBiology v2.0\bot\commands\guild\warn.js'
[27/03/2022 - 16:43:54.331 INFO] (\guild\warn.js:4:16): "Starting logger for file 'c:\\Users\\Sylicium\\Documents\\DirtyBiologystan\\bot\\DirtyBiology v2.0\\bot\\commands\\guild\\warn.js'"
[27/03/2022 - 16:45:12.896 INFO] (\guild\warn.js:4:16): 
[27/03/2022 - 16:46:11.146 INFO] (\guild\warn.js:4:16): 
[27/03/2022 - 16:47:26.942 INFO] (\guild\warn.js:4:16): Starting logger for file 'c:\Users\Sylicium\Documents\DirtyBiologystan\bot\DirtyBiology v2.0\bot\commands\guild\warn.js'
[27/03/2022 - 16:48:10.173 INFO] (\guild\warn.js:4:16): Starting logger for file 'c:\Users\Sylicium\Documents\DirtyBiologystan\bot\DirtyBiology v2.0\bot\commands\guild\warn.js'
[27/03/2022 - 16:48:56.129 INFO] (\guild\warn.js:4:16): Starting logger for file 'c:\Users\Sylicium\Documents\DirtyBiologystan\bot\DirtyBiology v2.0\bot\commands\guild\warn.js'
[27/03/2022 - 16:50:16.639 INFO] (\guild\warn.js:4:16): Starting logger for file 'c:\Users\Sylicium\Documents\DirtyBiologystan\bot\DirtyBiology v2.0\bot\commands\guild\warn.js'
[27/03/2022 - 16:50:32.709 INFO] (\guild\warn.js:4:16): Starting logger for file 'c:\Users\Sylicium\Documents\DirtyBiologystan\bot\DirtyBiology v2.0\bot\commands\guild\warn.js'
[27/03/2022 - 16:51:13.269 INFO] (\guild\warn.js:4:16): Starting logger for file 'c:\Users\Sylicium\Documents\DirtyBiologystan\bot\DirtyBiology v2.0\bot\commands\guild\warn.js'
[27/03/2022 - 16:52:37.652 INFO] (\guild\warn.js:4:16): Starting logger for file 'c:\Users\Sylicium\Documents\DirtyBiologystan\bot\DirtyBiology v2.0\bot\commands\guild\warn.js'
[27/03/2022 - 16:53:06.528 INFO] (\guild\warn.js:4:16): Starting logger for file 'c:\Users\Sylicium\Documents\DirtyBiologystan\bot\DirtyBiology v2.0\bot\commands\guild\warn.js'
[27/03/2022 - 16:53:31.447 INFO] (\guild\warn.js:4:16): Starting logger for file 'c:\Users\Sylicium\Documents\DirtyBiologystan\bot\DirtyBiology v2.0\bot\commands\guild\warn.js'
[27/03/2022 - 16:54:25.553 INFO] (\guild\warn.js:4:16): Starting logger for file 'c:\Users\Sylicium\Documents\DirtyBiologystan\bot\DirtyBiology v2.0\bot\commands\guild\warn.js'
[27/03/2022 - 16:55:08.791 INFO] (\guild\warn.js:4:16): Starting logger for file 'c:\Users\Sylicium\Documents\DirtyBiologystan\bot\DirtyBiology v2.0\bot\commands\guild\warn.js'
[27/03/2022 - 16:55:36.734 INFO] (\guild\warn.js:4:16): Starting logger for file 'C:\Users\Sylicium\Documents\DirtyBiologystan\bot\DirtyBiology v2.0\bot\commands\guild\warn.js'
[27/03/2022 - 16:57:07.880 INFO] (\guild\warn.js:4:16): Starting logger for file 'c:\Users\Sylicium\Documents\DirtyBiologystan\bot\DirtyBiology v2.0\bot\commands\guild\warn.js'
[27/03/2022 - 16:58:05.328 INFO] (\guild\warn.js:4:16): Starting logger for file 'c:\Users\Sylicium\Documents\DirtyBiologystan\bot\DirtyBiology v2.0\bot\commands\guild\warn.js'
[27/03/2022 - 17:10:09.351 INFO] (\guild\warn.js:4:16): Starting logger for file 'c:\Users\Sylicium\Documents\DirtyBiologystan\bot\DirtyBiology v2.0\bot\commands\guild\warn.js'
[27/03/2022 - 17:11:26.416 INFO] (\guild\warn.js:4:16): Starting logger for file 'c:\Users\Sylicium\Documents\DirtyBiologystan\bot\DirtyBiology v2.0\bot\commands\guild\warn.js'
[27/03/2022 - 17:12:26.409 INFO] (\guild\warn.js:4:16): Starting logger for file 'c:\Users\Sylicium\Documents\DirtyBiologystan\bot\DirtyBiology v2.0\bot\commands\guild\warn.js'
[27/03/2022 - 17:13:21.714 INFO] (\guild\warn.js:4:16): Starting logger for file 'c:\Users\Sylicium\Documents\DirtyBiologystan\bot\DirtyBiology v2.0\bot\commands\guild\warn.js'
[27/03/2022 - 17:14:38.791 INFO] (\guild\warn.js:4:16): Starting logger for file 'c:\Users\Sylicium\Documents\DirtyBiologystan\bot\DirtyBiology v2.0\bot\commands\guild\warn.js'
[27/03/2022 - 17:14:56.994 INFO] (\guild\warn.js:4:16): Starting logger for file 'c:\Users\Sylicium\Documents\DirtyBiologystan\bot\DirtyBiology v2.0\bot\commands\guild\warn.js'
[27/03/2022 - 17:15:10.601 INFO] (\guild\warn.js:4:16): Starting logger for file 'c:\Users\Sylicium\Documents\DirtyBiologystan\bot\DirtyBiology v2.0\bot\commands\guild\warn.js'
[10/04/2022 - 14:54:06.096 INFO] (\guild\warn.js:4:16): Starting logger for file 'c:\Users\Sylicium\Documents\DirtyBiologystan\bot\DirtyBiology v2.0\bot\commands\guild\warn.js'
[10/04/2022 - 14:54:35.881 INFO] (\guild\warn.js:4:16): Starting logger for file 'C:\Users\Sylicium\Documents\DirtyBiologystan\bot\DirtyBiology v2.0\bot\commands\guild\warn.js'
[10/04/2022 - 14:55:10.477 INFO] (\guild\warn.js:4:16): Starting logger for file 'C:\Users\Sylicium\Documents\DirtyBiologystan\bot\DirtyBiology v2.0\bot\commands\guild\warn.js'
[10/04/2022 - 14:56:03.598 INFO] (\guild\warn.js:4:16): Starting logger for file 'C:\Users\Sylicium\Documents\DirtyBiologystan\bot\DirtyBiology v2.0\bot\commands\guild\warn.js'
[10/04/2022 - 14:56:14.587 INFO] (\guild\warn.js:4:16): Starting logger for file 'C:\Users\Sylicium\Documents\DirtyBiologystan\bot\DirtyBiology v2.0\bot\commands\guild\warn.js'
[10/04/2022 - 14:57:37.270 INFO] (\guild\warn.js:4:16): Starting logger for file 'main\bot\commands\guild\warn.js'
[10/04/2022 - 14:59:19.634 INFO] (\guild\warn.js:4:16): Starting logger for file 'main\bot\commands\guild\warn.js'
[10/04/2022 - 15:00:26.436 INFO] (\guild\warn.js:4:16): Starting logger for file 'main\bot\commands\guild\warn.js'
[11/04/2022 - 00:02:20.628 INFO] (\guild\warn.js:4:16): Starting logger for file 'main\bot\commands\guild\warn.js'
[21/04/2022 - 22:09:56.316 INFO] (\guild\warn.js:4:16): Starting logger for file 'main\bot\commands\guild\warn.js'
[21/04/2022 - 22:16:05.391 INFO] (\guild\warn.js:4:16): Starting logger for file 'c:\Users\Sylicium\Documents\DirtyBiologystan\bot\DirtyBiology v2.0\bot\commands\guild\warn.js'
[21/04/2022 - 22:16:36.737 INFO] (\guild\warn.js:4:16): Starting logger for file 'c:\Users\Sylicium\Documents\DirtyBiologystan\bot\DirtyBiology v2.0\bot\commands\guild\warn.js'
[21/04/2022 - 22:17:13.858 INFO] (\guild\warn.js:4:16): Starting logger for file 'c:\Users\Sylicium\Documents\DirtyBiologystan\bot\DirtyBiology v2.0\bot\commands\guild\warn.js'
[22/04/2022 - 19:57:45.105 INFO] (\guild\warn.js:4:16): Starting logger for file 'c:\Users\Sylicium\Documents\DirtyBiologystan\bot\DirtyBiology v2.0\bot\commands\guild\warn.js'
[22/04/2022 - 19:58:58.550 INFO] (\guild\warn.js:4:16): Starting logger for file 'c:\Users\Sylicium\Documents\DirtyBiologystan\bot\DirtyBiology v2.0\bot\commands\guild\warn.js'
[22/04/2022 - 19:59:28.603 INFO] (\guild\warn.js:4:16): Starting logger for file 'c:\Users\Sylicium\Documents\DirtyBiologystan\bot\DirtyBiology v2.0\bot\commands\guild\warn.js'
[22/04/2022 - 20:00:36.837 INFO] (\guild\warn.js:4:16): Starting logger for file 'c:\Users\Sylicium\Documents\DirtyBiologystan\bot\DirtyBiology v2.0\bot\commands\guild\warn.js'
[22/04/2022 - 20:00:45.938 INFO] (\guild\warn.js:4:16): Starting logger for file 'c:\Users\Sylicium\Documents\DirtyBiologystan\bot\DirtyBiology v2.0\bot\commands\guild\warn.js'
[22/04/2022 - 20:01:02.764 INFO] (\guild\warn.js:4:16): Starting logger for file 'c:\Users\Sylicium\Documents\DirtyBiologystan\bot\DirtyBiology v2.0\bot\commands\guild\warn.js'
[22/04/2022 - 20:01:37.285 INFO] (\guild\warn.js:4:16): Starting logger for file 'c:\Users\Sylicium\Documents\DirtyBiologystan\bot\DirtyBiology v2.0\bot\commands\guild\warn.js'
[22/04/2022 - 22:04:20.771 INFO] (\guild\warn.js:4:16): Starting logger for file 'c:\Users\Sylicium\Documents\DirtyBiologystan\bot\DirtyBiology v2.0\bot\commands\guild\warn.js'
[22/04/2022 - 22:11:29.284 INFO] (\guild\warn.js:4:16): Starting logger for file 'c:\Users\Sylicium\Documents\DirtyBiologystan\bot\DirtyBiology v2.0\bot\commands\guild\warn.js'
[22/04/2022 - 22:37:18.321 INFO] (\guild\warn.js:4:16): Starting logger for file 'c:\Users\Sylicium\Documents\DirtyBiologystan\bot\DirtyBiology v2.0\bot\commands\guild\warn.js'
[22/04/2022 - 22:37:38.877 INFO] (\guild\warn.js:4:16): Starting logger for file 'c:\Users\Sylicium\Documents\DirtyBiologystan\bot\DirtyBiology v2.0\bot\commands\guild\warn.js'
[22/04/2022 - 22:38:06.085 INFO] (\guild\warn.js:4:16): Starting logger for file 'c:\Users\Sylicium\Documents\DirtyBiologystan\bot\DirtyBiology v2.0\bot\commands\guild\warn.js'
[22/04/2022 - 22:38:26.992 INFO] (\guild\warn.js:4:16): Starting logger for file 'c:\Users\Sylicium\Documents\DirtyBiologystan\bot\DirtyBiology v2.0\bot\commands\guild\warn.js'
[22/04/2022 - 22:38:45.684 INFO] (\guild\warn.js:4:16): Starting logger for file 'c:\Users\Sylicium\Documents\DirtyBiologystan\bot\DirtyBiology v2.0\bot\commands\guild\warn.js'
[22/04/2022 - 22:39:26.798 INFO] (\guild\warn.js:4:16): Starting logger for file 'c:\Users\Sylicium\Documents\DirtyBiologystan\bot\DirtyBiology v2.0\bot\commands\guild\warn.js'
[22/04/2022 - 22:39:51.081 INFO] (\guild\warn.js:4:16): Starting logger for file 'c:\Users\Sylicium\Documents\DirtyBiologystan\bot\DirtyBiology v2.0\bot\commands\guild\warn.js'
[22/04/2022 - 22:40:12.394 INFO] (\guild\warn.js:4:16): Starting logger for file 'c:\Users\Sylicium\Documents\DirtyBiologystan\bot\DirtyBiology v2.0\bot\commands\guild\warn.js'
